<?xml version="1.0" encoding="UTF-8"?>
<coverage generated="1744356990227" clover="3.2.0">
  <project timestamp="1744356990227" name="All files">
    <metrics statements="599" coveredstatements="578" conditionals="190" coveredconditionals="182" methods="18" coveredmethods="18" elements="807" coveredelements="778" complexity="0" loc="599" ncloc="599" packages="1" files="1" classes="1"/>
    <file name="diff-algorithm.ts" path="/Users/bytedance/project/diff-viz/src/diff-algorithm.ts">
      <metrics statements="599" coveredstatements="578" conditionals="190" coveredconditionals="182" methods="18" coveredmethods="18"/>
      <line num="1" count="1" type="stmt"/>
      <line num="4" count="1" type="cond" truecount="1" falsecount="0"/>
      <line num="5" count="11" type="stmt"/>
      <line num="6" count="11" type="stmt"/>
      <line num="7" count="11" type="stmt"/>
      <line num="8" count="11" type="cond" truecount="1" falsecount="0"/>
      <line num="9" count="1" type="stmt"/>
      <line num="10" count="1" type="cond" truecount="1" falsecount="0"/>
      <line num="11" count="10" type="cond" truecount="2" falsecount="0"/>
      <line num="12" count="10" type="stmt"/>
      <line num="15" count="148" type="cond" truecount="1" falsecount="0"/>
      <line num="19" count="148" type="stmt"/>
      <line num="20" count="148" type="stmt"/>
      <line num="22" count="148" type="cond" truecount="1" falsecount="0"/>
      <line num="23" count="120" type="stmt"/>
      <line num="24" count="120" type="cond" truecount="1" falsecount="0"/>
      <line num="26" count="28" type="stmt"/>
      <line num="27" count="28" type="stmt"/>
      <line num="30" count="15" type="cond" truecount="1" falsecount="0"/>
      <line num="31" count="15" type="stmt"/>
      <line num="32" count="15" type="stmt"/>
      <line num="33" count="15" type="cond" truecount="1" falsecount="0"/>
      <line num="35" count="15" type="cond" truecount="1" falsecount="0"/>
      <line num="36" count="49" type="cond" truecount="1" falsecount="0"/>
      <line num="37" count="178" type="cond" truecount="3" falsecount="0"/>
      <line num="38" count="86" type="stmt"/>
      <line num="39" count="86" type="cond" truecount="1" falsecount="0"/>
      <line num="40" count="92" type="stmt"/>
      <line num="41" count="92" type="stmt"/>
      <line num="42" count="92" type="stmt"/>
      <line num="43" count="92" type="stmt"/>
      <line num="44" count="92" type="stmt"/>
      <line num="45" count="92" type="cond" truecount="1" falsecount="0"/>
      <line num="46" count="26" type="stmt"/>
      <line num="47" count="92" type="cond" truecount="1" falsecount="0"/>
      <line num="48" count="66" type="stmt"/>
      <line num="49" count="66" type="cond" truecount="1" falsecount="0"/>
      <line num="50" count="21" type="cond" truecount="1" falsecount="0"/>
      <line num="51" count="45" type="stmt"/>
      <line num="52" count="66" type="stmt"/>
      <line num="53" count="178" type="stmt"/>
      <line num="54" count="49" type="stmt"/>
      <line num="56" count="15" type="stmt"/>
      <line num="57" count="15" type="stmt"/>
      <line num="59" count="15" type="cond" truecount="1" falsecount="0"/>
      <line num="66" count="15" type="stmt"/>
      <line num="67" count="15" type="stmt"/>
      <line num="69" count="15" type="stmt"/>
      <line num="70" count="15" type="stmt"/>
      <line num="71" count="15" type="stmt"/>
      <line num="72" count="15" type="stmt"/>
      <line num="73" count="15" type="stmt"/>
      <line num="74" count="15" type="stmt"/>
      <line num="75" count="15" type="stmt"/>
      <line num="76" count="15" type="cond" truecount="1" falsecount="0"/>
      <line num="77" count="26" type="stmt"/>
      <line num="78" count="26" type="stmt"/>
      <line num="79" count="26" type="cond" truecount="1" falsecount="0"/>
      <line num="80" count="30" type="stmt"/>
      <line num="81" count="30" type="stmt"/>
      <line num="82" count="30" type="stmt"/>
      <line num="83" count="30" type="stmt"/>
      <line num="84" count="30" type="stmt"/>
      <line num="85" count="26" type="cond" truecount="1" falsecount="0"/>
      <line num="86" count="4" type="stmt"/>
      <line num="87" count="4" type="stmt"/>
      <line num="88" count="4" type="stmt"/>
      <line num="89" count="26" type="stmt"/>
      <line num="90" count="26" type="stmt"/>
      <line num="91" count="26" type="stmt"/>
      <line num="92" count="26" type="stmt"/>
      <line num="93" count="26" type="stmt"/>
      <line num="94" count="26" type="stmt"/>
      <line num="95" count="26" type="stmt"/>
      <line num="96" count="26" type="cond" truecount="0" falsecount="1"/>
      <line num="97" count="0" type="stmt"/>
      <line num="98" count="0" type="stmt"/>
      <line num="99" count="0" type="stmt"/>
      <line num="100" count="26" type="cond" truecount="0" falsecount="1"/>
      <line num="101" count="0" type="stmt"/>
      <line num="102" count="0" type="stmt"/>
      <line num="103" count="0" type="stmt"/>
      <line num="104" count="0" type="stmt"/>
      <line num="105" count="26" type="cond" truecount="1" falsecount="0"/>
      <line num="106" count="4" type="stmt"/>
      <line num="107" count="4" type="stmt"/>
      <line num="108" count="4" type="stmt"/>
      <line num="109" count="4" type="stmt"/>
      <line num="110" count="26" type="stmt"/>
      <line num="111" count="26" type="stmt"/>
      <line num="112" count="26" type="stmt"/>
      <line num="113" count="26" type="stmt"/>
      <line num="114" count="26" type="stmt"/>
      <line num="115" count="26" type="stmt"/>
      <line num="116" count="15" type="cond" truecount="1" falsecount="0"/>
      <line num="117" count="4" type="stmt"/>
      <line num="118" count="4" type="stmt"/>
      <line num="119" count="4" type="stmt"/>
      <line num="120" count="15" type="cond" truecount="1" falsecount="0"/>
      <line num="121" count="11" type="stmt"/>
      <line num="122" count="11" type="stmt"/>
      <line num="123" count="11" type="stmt"/>
      <line num="124" count="15" type="cond" truecount="1" falsecount="0"/>
      <line num="125" count="7" type="stmt"/>
      <line num="126" count="7" type="stmt"/>
      <line num="127" count="7" type="stmt"/>
      <line num="128" count="7" type="stmt"/>
      <line num="129" count="15" type="cond" truecount="0" falsecount="1"/>
      <line num="130" count="0" type="stmt"/>
      <line num="131" count="0" type="stmt"/>
      <line num="132" count="0" type="stmt"/>
      <line num="133" count="0" type="stmt"/>
      <line num="134" count="15" type="stmt"/>
      <line num="135" count="15" type="stmt"/>
      <line num="137" count="1" type="cond" truecount="1" falsecount="0"/>
      <line num="141" count="1" type="stmt"/>
      <line num="142" count="1" type="stmt"/>
      <line num="145" count="1" type="stmt"/>
      <line num="146" count="1" type="cond" truecount="1" falsecount="0"/>
      <line num="147" count="2" type="stmt"/>
      <line num="148" count="2" type="stmt"/>
      <line num="149" count="2" type="stmt"/>
      <line num="150" count="2" type="stmt"/>
      <line num="151" count="1" type="stmt"/>
      <line num="153" count="1" type="stmt"/>
      <line num="154" count="1" type="cond" truecount="1" falsecount="0"/>
      <line num="155" count="2" type="stmt"/>
      <line num="156" count="2" type="stmt"/>
      <line num="157" count="2" type="stmt"/>
      <line num="158" count="2" type="stmt"/>
      <line num="159" count="1" type="stmt"/>
      <line num="162" count="1" type="stmt"/>
      <line num="163" count="1" type="stmt"/>
      <line num="164" count="1" type="stmt"/>
      <line num="165" count="1" type="stmt"/>
      <line num="168" count="1" type="cond" truecount="1" falsecount="0"/>
      <line num="169" count="4" type="stmt"/>
      <line num="170" count="4" type="cond" truecount="1" falsecount="0"/>
      <line num="171" count="1" type="stmt"/>
      <line num="172" count="1" type="cond" truecount="1" falsecount="0"/>
      <line num="173" count="3" type="stmt"/>
      <line num="174" count="4" type="cond" truecount="1" falsecount="0"/>
      <line num="175" count="4" type="cond" truecount="1" falsecount="0"/>
      <line num="176" count="4" type="cond" truecount="1" falsecount="0"/>
      <line num="177" count="1" type="stmt"/>
      <line num="178" count="1" type="cond" truecount="1" falsecount="0"/>
      <line num="179" count="4" type="cond" truecount="1" falsecount="0"/>
      <line num="180" count="1" type="stmt"/>
      <line num="181" count="1" type="cond" truecount="1" falsecount="0"/>
      <line num="182" count="3" type="stmt"/>
      <line num="183" count="3" type="stmt"/>
      <line num="184" count="3" type="stmt"/>
      <line num="186" count="1" type="stmt"/>
      <line num="187" count="1" type="stmt"/>
      <line num="209" count="1" type="cond" truecount="1" falsecount="0"/>
      <line num="210" count="135" type="stmt"/>
      <line num="212" count="135" type="cond" truecount="1" falsecount="0"/>
      <line num="213" count="437" type="cond" truecount="3" falsecount="0"/>
      <line num="214" count="274" type="stmt"/>
      <line num="215" count="274" type="cond" truecount="1" falsecount="0"/>
      <line num="216" count="437" type="cond" truecount="2" falsecount="0"/>
      <line num="217" count="60" type="stmt"/>
      <line num="218" count="60" type="stmt"/>
      <line num="219" count="60" type="cond" truecount="1" falsecount="0"/>
      <line num="220" count="437" type="cond" truecount="1" falsecount="0"/>
      <line num="221" count="302" type="cond" truecount="0" falsecount="1"/>
      <line num="222" count="0" type="stmt"/>
      <line num="223" count="302" type="cond" truecount="1" falsecount="0"/>
      <line num="224" count="22" type="stmt"/>
      <line num="225" count="302" type="cond" truecount="1" falsecount="0"/>
      <line num="226" count="280" type="stmt"/>
      <line num="227" count="280" type="stmt"/>
      <line num="228" count="302" type="cond" truecount="1" falsecount="0"/>
      <line num="229" count="437" type="stmt"/>
      <line num="231" count="135" type="stmt"/>
      <line num="233" count="135" type="stmt"/>
      <line num="234" count="135" type="cond" truecount="1" falsecount="0"/>
      <line num="235" count="135" type="cond" truecount="1" falsecount="0"/>
      <line num="237" count="135" type="stmt"/>
      <line num="238" count="135" type="stmt"/>
      <line num="246" count="235" type="cond" truecount="1" falsecount="0"/>
      <line num="247" count="235" type="stmt"/>
      <line num="248" count="235" type="stmt"/>
      <line num="249" count="235" type="stmt"/>
      <line num="250" count="235" type="cond" truecount="1" falsecount="0"/>
      <line num="251" count="63" type="stmt"/>
      <line num="252" count="63" type="cond" truecount="2" falsecount="0"/>
      <line num="254" count="172" type="stmt"/>
      <line num="255" count="172" type="stmt"/>
      <line num="258" count="210" type="cond" truecount="1" falsecount="0"/>
      <line num="260" count="503" type="stmt"/>
      <line num="263" count="503" type="cond" truecount="1" falsecount="0"/>
      <line num="264" count="11" type="stmt"/>
      <line num="265" count="11" type="cond" truecount="2" falsecount="0"/>
      <line num="268" count="503" type="cond" truecount="3" falsecount="0"/>
      <line num="269" count="159" type="stmt"/>
      <line num="270" count="159" type="cond" truecount="1" falsecount="0"/>
      <line num="273" count="333" type="stmt"/>
      <line num="276" count="498" type="cond" truecount="1" falsecount="0"/>
      <line num="278" count="1217" type="cond" truecount="1" falsecount="0"/>
      <line num="279" count="7" type="stmt"/>
      <line num="280" count="7" type="stmt"/>
      <line num="281" count="7" type="cond" truecount="1" falsecount="0"/>
      <line num="284" count="1217" type="cond" truecount="1" falsecount="0"/>
      <line num="285" count="14" type="stmt"/>
      <line num="286" count="14" type="stmt"/>
      <line num="287" count="14" type="cond" truecount="1" falsecount="0"/>
      <line num="290" count="1217" type="cond" truecount="1" falsecount="0"/>
      <line num="291" count="434" type="stmt"/>
      <line num="292" count="434" type="cond" truecount="1" falsecount="0"/>
      <line num="295" count="1217" type="cond" truecount="1" falsecount="0"/>
      <line num="296" count="290" type="stmt"/>
      <line num="297" count="290" type="stmt"/>
      <line num="298" count="290" type="stmt"/>
      <line num="299" count="1217" type="cond" truecount="1" falsecount="0"/>
      <line num="302" count="498" type="cond" truecount="1" falsecount="0"/>
      <line num="303" count="22" type="stmt"/>
      <line num="304" count="22" type="stmt"/>
      <line num="305" count="503" type="cond" truecount="2" falsecount="0"/>
      <line num="306" count="205" type="cond" truecount="1" falsecount="0"/>
      <line num="308" count="22" type="stmt"/>
      <line num="309" count="22" type="stmt"/>
      <line num="310" count="22" type="stmt"/>
      <line num="311" count="22" type="stmt"/>
      <line num="312" count="22" type="stmt"/>
      <line num="313" count="22" type="cond" truecount="1" falsecount="0"/>
      <line num="314" count="22" type="stmt"/>
      <line num="315" count="22" type="stmt"/>
      <line num="316" count="22" type="stmt"/>
      <line num="317" count="22" type="stmt"/>
      <line num="318" count="22" type="stmt"/>
      <line num="319" count="22" type="stmt"/>
      <line num="320" count="22" type="cond" truecount="1" falsecount="0"/>
      <line num="321" count="139" type="stmt"/>
      <line num="322" count="139" type="stmt"/>
      <line num="325" count="65" type="cond" truecount="1" falsecount="0"/>
      <line num="332" count="65" type="stmt"/>
      <line num="333" count="65" type="stmt"/>
      <line num="334" count="65" type="stmt"/>
      <line num="335" count="65" type="stmt"/>
      <line num="336" count="65" type="stmt"/>
      <line num="337" count="65" type="stmt"/>
      <line num="338" count="65" type="stmt"/>
      <line num="339" count="65" type="stmt"/>
      <line num="340" count="65" type="stmt"/>
      <line num="341" count="65" type="stmt"/>
      <line num="342" count="65" type="stmt"/>
      <line num="343" count="65" type="stmt"/>
      <line num="345" count="65" type="stmt"/>
      <line num="346" count="65" type="stmt"/>
      <line num="348" count="65" type="cond" truecount="1" falsecount="0"/>
      <line num="349" count="22" type="cond" truecount="1" falsecount="0"/>
      <line num="350" count="21" type="stmt"/>
      <line num="351" count="21" type="stmt"/>
      <line num="352" count="21" type="stmt"/>
      <line num="353" count="21" type="stmt"/>
      <line num="354" count="21" type="stmt"/>
      <line num="355" count="21" type="stmt"/>
      <line num="357" count="21" type="cond" truecount="1" falsecount="0"/>
      <line num="359" count="21" type="cond" truecount="2" falsecount="0"/>
      <line num="360" count="1" type="stmt"/>
      <line num="361" count="1" type="stmt"/>
      <line num="362" count="1" type="stmt"/>
      <line num="363" count="1" type="stmt"/>
      <line num="365" count="1" type="stmt"/>
      <line num="366" count="1" type="stmt"/>
      <line num="367" count="16" type="cond" truecount="1" falsecount="0"/>
      <line num="369" count="15" type="cond" truecount="2" falsecount="0"/>
      <line num="370" count="15" type="stmt"/>
      <line num="371" count="15" type="stmt"/>
      <line num="372" count="15" type="stmt"/>
      <line num="373" count="15" type="stmt"/>
      <line num="374" count="15" type="stmt"/>
      <line num="375" count="15" type="stmt"/>
      <line num="376" count="15" type="stmt"/>
      <line num="377" count="15" type="stmt"/>
      <line num="378" count="21" type="cond" truecount="2" falsecount="0"/>
      <line num="379" count="57" type="stmt"/>
      <line num="380" count="57" type="stmt"/>
      <line num="381" count="57" type="stmt"/>
      <line num="382" count="57" type="stmt"/>
      <line num="383" count="57" type="stmt"/>
      <line num="384" count="57" type="stmt"/>
      <line num="385" count="57" type="stmt"/>
      <line num="387" count="21" type="stmt"/>
      <line num="388" count="21" type="stmt"/>
      <line num="389" count="21" type="stmt"/>
      <line num="390" count="21" type="cond" truecount="1" falsecount="0"/>
      <line num="391" count="1" type="stmt"/>
      <line num="392" count="1" type="stmt"/>
      <line num="393" count="1" type="stmt"/>
      <line num="394" count="1" type="cond" truecount="0" falsecount="1"/>
      <line num="395" count="0" type="stmt"/>
      <line num="396" count="0" type="stmt"/>
      <line num="397" count="0" type="stmt"/>
      <line num="398" count="1" type="stmt"/>
      <line num="399" count="21" type="stmt"/>
      <line num="400" count="21" type="stmt"/>
      <line num="401" count="21" type="cond" truecount="1" falsecount="0"/>
      <line num="402" count="1" type="stmt"/>
      <line num="403" count="1" type="stmt"/>
      <line num="404" count="1" type="stmt"/>
      <line num="405" count="1" type="cond" truecount="0" falsecount="1"/>
      <line num="406" count="0" type="stmt"/>
      <line num="407" count="0" type="stmt"/>
      <line num="408" count="0" type="stmt"/>
      <line num="409" count="1" type="stmt"/>
      <line num="411" count="21" type="stmt"/>
      <line num="412" count="21" type="stmt"/>
      <line num="413" count="21" type="stmt"/>
      <line num="414" count="65" type="stmt"/>
      <line num="416" count="65" type="stmt"/>
      <line num="417" count="65" type="stmt"/>
      <line num="436" count="1" type="cond" truecount="1" falsecount="0"/>
      <line num="437" count="45" type="stmt"/>
      <line num="438" count="45" type="stmt"/>
      <line num="440" count="45" type="cond" truecount="1" falsecount="0"/>
      <line num="441" count="171" type="stmt"/>
      <line num="442" count="171" type="cond" truecount="1" falsecount="0"/>
      <line num="443" count="167" type="cond" truecount="1" falsecount="0"/>
      <line num="444" count="166" type="cond" truecount="1" falsecount="0"/>
      <line num="445" count="166" type="stmt"/>
      <line num="446" count="171" type="cond" truecount="1" falsecount="0"/>
      <line num="447" count="6" type="cond" truecount="1" falsecount="0"/>
      <line num="448" count="5" type="stmt"/>
      <line num="449" count="6" type="cond" truecount="1" falsecount="0"/>
      <line num="450" count="1" type="stmt"/>
      <line num="451" count="1" type="cond" truecount="0" falsecount="1"/>
      <line num="452" count="0" type="stmt"/>
      <line num="453" count="0" type="stmt"/>
      <line num="454" count="1" type="stmt"/>
      <line num="455" count="1" type="cond" truecount="1" falsecount="0"/>
      <line num="457" count="171" type="cond" truecount="1" falsecount="0"/>
      <line num="458" count="441" type="cond" truecount="2" falsecount="0"/>
      <line num="459" count="441" type="cond" truecount="2" falsecount="0"/>
      <line num="460" count="4" type="stmt"/>
      <line num="461" count="4" type="cond" truecount="1" falsecount="0"/>
      <line num="462" count="437" type="cond" truecount="1" falsecount="0"/>
      <line num="463" count="134" type="cond" truecount="1" falsecount="0"/>
      <line num="464" count="126" type="cond" truecount="1" falsecount="0"/>
      <line num="465" count="126" type="stmt"/>
      <line num="466" count="437" type="cond" truecount="1" falsecount="0"/>
      <line num="467" count="126" type="stmt"/>
      <line num="468" count="126" type="stmt"/>
      <line num="469" count="437" type="cond" truecount="1" falsecount="0"/>
      <line num="470" count="311" type="cond" truecount="0" falsecount="1"/>
      <line num="471" count="0" type="stmt"/>
      <line num="472" count="311" type="stmt"/>
      <line num="473" count="311" type="stmt"/>
      <line num="474" count="311" type="stmt"/>
      <line num="475" count="311" type="stmt"/>
      <line num="476" count="441" type="cond" truecount="1" falsecount="0"/>
      <line num="477" count="171" type="stmt"/>
      <line num="479" count="45" type="stmt"/>
      <line num="481" count="45" type="stmt"/>
      <line num="482" count="45" type="cond" truecount="1" falsecount="0"/>
      <line num="483" count="45" type="cond" truecount="1" falsecount="0"/>
      <line num="485" count="45" type="stmt"/>
      <line num="486" count="45" type="cond" truecount="1" falsecount="0"/>
      <line num="487" count="45" type="cond" truecount="1" falsecount="0"/>
      <line num="489" count="45" type="stmt"/>
      <line num="490" count="45" type="stmt"/>
      <line num="493" count="178" type="cond" truecount="1" falsecount="0"/>
      <line num="494" count="178" type="stmt"/>
      <line num="495" count="178" type="stmt"/>
      <line num="496" count="178" type="stmt"/>
      <line num="497" count="178" type="stmt"/>
      <line num="498" count="178" type="stmt"/>
      <line num="499" count="178" type="stmt"/>
      <line num="500" count="178" type="stmt"/>
      <line num="501" count="178" type="cond" truecount="2" falsecount="0"/>
      <line num="502" count="79" type="cond" truecount="1" falsecount="0"/>
      <line num="503" count="268" type="stmt"/>
      <line num="504" count="268" type="cond" truecount="1" falsecount="0"/>
      <line num="506" count="268" type="cond" truecount="1" falsecount="0"/>
      <line num="507" count="100" type="stmt"/>
      <line num="508" count="100" type="stmt"/>
      <line num="509" count="268" type="stmt"/>
      <line num="510" count="268" type="stmt"/>
      <line num="511" count="166" type="cond" truecount="1" falsecount="0"/>
      <line num="512" count="99" type="cond" truecount="1" falsecount="0"/>
      <line num="513" count="367" type="stmt"/>
      <line num="515" count="367" type="cond" truecount="2" falsecount="0"/>
      <line num="516" count="240" type="stmt"/>
      <line num="517" count="367" type="cond" truecount="1" falsecount="0"/>
      <line num="518" count="127" type="stmt"/>
      <line num="519" count="127" type="stmt"/>
      <line num="520" count="367" type="stmt"/>
      <line num="521" count="367" type="stmt"/>
      <line num="522" count="99" type="stmt"/>
      <line num="523" count="178" type="stmt"/>
      <line num="525" count="1" type="cond" truecount="1" falsecount="0"/>
      <line num="533" count="4" type="stmt"/>
      <line num="534" count="4" type="stmt"/>
      <line num="535" count="4" type="stmt"/>
      <line num="536" count="4" type="cond" truecount="1" falsecount="0"/>
      <line num="537" count="4" type="cond" truecount="1" falsecount="0"/>
      <line num="538" count="4" type="cond" truecount="1" falsecount="0"/>
      <line num="539" count="4" type="stmt"/>
      <line num="540" count="4" type="stmt"/>
      <line num="541" count="4" type="stmt"/>
      <line num="542" count="4" type="stmt"/>
      <line num="543" count="4" type="stmt"/>
      <line num="544" count="4" type="cond" truecount="1" falsecount="0"/>
      <line num="545" count="4" type="stmt"/>
      <line num="546" count="4" type="stmt"/>
      <line num="547" count="4" type="stmt"/>
      <line num="560" count="1" type="cond" truecount="1" falsecount="0"/>
      <line num="566" count="8" type="stmt"/>
      <line num="567" count="8" type="stmt"/>
      <line num="568" count="8" type="stmt"/>
      <line num="569" count="8" type="stmt"/>
      <line num="570" count="8" type="stmt"/>
      <line num="571" count="8" type="stmt"/>
      <line num="572" count="8" type="stmt"/>
      <line num="573" count="8" type="stmt"/>
      <line num="575" count="8" type="cond" truecount="2" falsecount="0"/>
      <line num="576" count="2" type="stmt"/>
      <line num="577" count="2" type="stmt"/>
      <line num="578" count="2" type="stmt"/>
      <line num="579" count="2" type="stmt"/>
      <line num="580" count="2" type="cond" truecount="1" falsecount="0"/>
      <line num="581" count="2" type="stmt"/>
      <line num="582" count="2" type="stmt"/>
      <line num="583" count="2" type="stmt"/>
      <line num="584" count="2" type="stmt"/>
      <line num="585" count="2" type="stmt"/>
      <line num="586" count="2" type="stmt"/>
      <line num="587" count="2" type="stmt"/>
      <line num="588" count="2" type="stmt"/>
      <line num="589" count="2" type="stmt"/>
      <line num="590" count="2" type="cond" truecount="1" falsecount="0"/>
      <line num="592" count="6" type="stmt"/>
      <line num="593" count="6" type="stmt"/>
      <line num="594" count="6" type="stmt"/>
      <line num="595" count="6" type="stmt"/>
      <line num="596" count="6" type="stmt"/>
      <line num="597" count="6" type="stmt"/>
      <line num="598" count="6" type="stmt"/>
      <line num="599" count="6" type="stmt"/>
      <line num="601" count="172" type="cond" truecount="1" falsecount="0"/>
      <line num="608" count="172" type="stmt"/>
      <line num="609" count="172" type="stmt"/>
      <line num="610" count="172" type="stmt"/>
      <line num="611" count="172" type="cond" truecount="1" falsecount="0"/>
      <line num="612" count="14" type="stmt"/>
      <line num="614" count="14" type="stmt"/>
      <line num="615" count="14" type="cond" truecount="1" falsecount="0"/>
      <line num="616" count="10" type="stmt"/>
      <line num="617" count="14" type="cond" truecount="1" falsecount="0"/>
      <line num="618" count="4" type="stmt"/>
      <line num="619" count="4" type="stmt"/>
      <line num="620" count="14" type="cond" truecount="1" falsecount="0"/>
      <line num="621" count="158" type="stmt"/>
      <line num="622" count="158" type="stmt"/>
      <line num="624" count="186" type="cond" truecount="1" falsecount="0"/>
      <line num="625" count="186" type="stmt"/>
      <line num="626" count="186" type="stmt"/>
      <line num="635" count="1" type="cond" truecount="1" falsecount="0"/>
      <line num="636" count="16" type="stmt"/>
      <line num="637" count="16" type="stmt"/>
      <line num="638" count="16" type="stmt"/>
      <line num="639" count="16" type="stmt"/>
      <line num="640" count="16" type="stmt"/>
      <line num="641" count="16" type="stmt"/>
      <line num="643" count="16" type="stmt"/>
      <line num="644" count="16" type="stmt"/>
      <line num="645" count="16" type="stmt"/>
      <line num="646" count="16" type="stmt"/>
      <line num="647" count="16" type="stmt"/>
      <line num="648" count="16" type="stmt"/>
      <line num="649" count="16" type="stmt"/>
      <line num="650" count="16" type="stmt"/>
      <line num="651" count="16" type="stmt"/>
      <line num="652" count="16" type="stmt"/>
      <line num="658" count="16" type="stmt"/>
      <line num="659" count="16" type="stmt"/>
      <line num="660" count="16" type="stmt"/>
      <line num="661" count="16" type="cond" truecount="2" falsecount="0"/>
      <line num="662" count="135" type="stmt"/>
      <line num="663" count="135" type="stmt"/>
      <line num="664" count="135" type="stmt"/>
      <line num="665" count="135" type="cond" truecount="1" falsecount="0"/>
      <line num="667" count="12" type="stmt"/>
      <line num="668" count="12" type="cond" truecount="1" falsecount="0"/>
      <line num="669" count="32" type="stmt"/>
      <line num="670" count="12" type="cond" truecount="1" falsecount="0"/>
      <line num="671" count="20" type="stmt"/>
      <line num="672" count="20" type="stmt"/>
      <line num="673" count="20" type="stmt"/>
      <line num="674" count="20" type="stmt"/>
      <line num="675" count="20" type="stmt"/>
      <line num="676" count="20" type="stmt"/>
      <line num="677" count="20" type="stmt"/>
      <line num="678" count="20" type="stmt"/>
      <line num="679" count="20" type="stmt"/>
      <line num="680" count="20" type="stmt"/>
      <line num="681" count="20" type="stmt"/>
      <line num="682" count="20" type="stmt"/>
      <line num="683" count="20" type="stmt"/>
      <line num="684" count="20" type="stmt"/>
      <line num="686" count="20" type="cond" truecount="1" falsecount="0"/>
      <line num="687" count="20" type="stmt"/>
      <line num="688" count="20" type="stmt"/>
      <line num="689" count="12" type="cond" truecount="1" falsecount="0"/>
      <line num="690" count="123" type="stmt"/>
      <line num="691" count="123" type="stmt"/>
      <line num="692" count="123" type="cond" truecount="1" falsecount="0"/>
      <line num="694" count="11" type="stmt"/>
      <line num="695" count="11" type="cond" truecount="1" falsecount="0"/>
      <line num="696" count="51" type="stmt"/>
      <line num="697" count="11" type="cond" truecount="1" falsecount="0"/>
      <line num="698" count="40" type="stmt"/>
      <line num="699" count="40" type="stmt"/>
      <line num="700" count="40" type="stmt"/>
      <line num="701" count="40" type="stmt"/>
      <line num="702" count="40" type="stmt"/>
      <line num="703" count="40" type="stmt"/>
      <line num="704" count="40" type="stmt"/>
      <line num="705" count="40" type="stmt"/>
      <line num="706" count="40" type="stmt"/>
      <line num="707" count="40" type="stmt"/>
      <line num="708" count="40" type="stmt"/>
      <line num="709" count="40" type="stmt"/>
      <line num="710" count="40" type="stmt"/>
      <line num="711" count="40" type="stmt"/>
      <line num="713" count="40" type="cond" truecount="1" falsecount="0"/>
      <line num="714" count="40" type="stmt"/>
      <line num="715" count="40" type="stmt"/>
      <line num="716" count="123" type="cond" truecount="1" falsecount="0"/>
      <line num="717" count="112" type="stmt"/>
      <line num="718" count="112" type="stmt"/>
      <line num="719" count="112" type="stmt"/>
      <line num="720" count="112" type="stmt"/>
      <line num="721" count="112" type="stmt"/>
      <line num="722" count="112" type="stmt"/>
      <line num="723" count="112" type="stmt"/>
      <line num="724" count="112" type="stmt"/>
      <line num="725" count="112" type="stmt"/>
      <line num="726" count="112" type="stmt"/>
      <line num="727" count="112" type="stmt"/>
      <line num="728" count="112" type="stmt"/>
      <line num="729" count="112" type="stmt"/>
      <line num="730" count="112" type="stmt"/>
      <line num="733" count="112" type="cond" truecount="1" falsecount="0"/>
      <line num="734" count="10" type="stmt"/>
      <line num="735" count="10" type="cond" truecount="1" falsecount="0"/>
      <line num="736" count="102" type="stmt"/>
      <line num="737" count="102" type="stmt"/>
      <line num="738" count="102" type="stmt"/>
      <line num="739" count="102" type="cond" truecount="1" falsecount="0"/>
      <line num="740" count="102" type="stmt"/>
      <line num="741" count="102" type="cond" truecount="1" falsecount="0"/>
      <line num="742" count="69" type="stmt"/>
      <line num="743" count="102" type="cond" truecount="1" falsecount="0"/>
      <line num="744" count="33" type="stmt"/>
      <line num="745" count="33" type="stmt"/>
      <line num="746" count="112" type="stmt"/>
      <line num="747" count="112" type="stmt"/>
      <line num="748" count="112" type="stmt"/>
      <line num="749" count="135" type="stmt"/>
      <line num="750" count="16" type="cond" truecount="1" falsecount="0"/>
      <line num="751" count="3" type="stmt"/>
      <line num="752" count="3" type="stmt"/>
      <line num="753" count="3" type="stmt"/>
      <line num="754" count="16" type="cond" truecount="1" falsecount="0"/>
      <line num="755" count="3" type="stmt"/>
      <line num="756" count="3" type="stmt"/>
      <line num="757" count="3" type="stmt"/>
      <line num="760" count="16" type="stmt"/>
      <line num="761" count="16" type="stmt"/>
      <line num="762" count="16" type="cond" truecount="1" falsecount="0"/>
      <line num="763" count="16" type="cond" truecount="1" falsecount="0"/>
      <line num="764" count="16" type="stmt"/>
      <line num="765" count="16" type="stmt"/>
      <line num="766" count="16" type="cond" truecount="1" falsecount="0"/>
      <line num="767" count="67" type="stmt"/>
      <line num="768" count="67" type="stmt"/>
      <line num="769" count="67" type="stmt"/>
      <line num="771" count="67" type="cond" truecount="2" falsecount="0"/>
      <line num="772" count="15" type="stmt"/>
      <line num="773" count="67" type="cond" truecount="2" falsecount="0"/>
      <line num="774" count="4" type="stmt"/>
      <line num="775" count="4" type="stmt"/>
      <line num="776" count="67" type="stmt"/>
      <line num="779" count="16" type="stmt"/>
      <line num="780" count="16" type="stmt"/>
      <line num="781" count="102" type="cond" truecount="1" falsecount="0"/>
      <line num="782" count="102" type="cond" truecount="1" falsecount="0"/>
      <line num="783" count="96" type="stmt"/>
      <line num="784" count="96" type="cond" truecount="2" falsecount="0"/>
      <line num="785" count="6" type="stmt"/>
      <line num="786" count="6" type="cond" truecount="1" falsecount="0"/>
      <line num="787" count="5" type="stmt"/>
      <line num="788" count="102" type="cond" truecount="2" falsecount="0"/>
      <line num="789" count="5" type="stmt"/>
      <line num="790" count="5" type="cond" truecount="1" falsecount="0"/>
      <line num="792" count="1" type="stmt"/>
      <line num="793" count="1" type="stmt"/>
    </file>
  </project>
</coverage>
