<?xml version="1.0" encoding="UTF-8"?>
<coverage generated="1745032800836" clover="3.2.0">
  <project timestamp="1745032800836" name="All files">
    <metrics statements="716" coveredstatements="697" conditionals="235" coveredconditionals="222" methods="24" coveredmethods="24" elements="975" coveredelements="943" complexity="0" loc="716" ncloc="716" packages="1" files="1" classes="1"/>
    <file name="diff-algorithm.ts" path="/Users/bytedance/project/diff-viz/src/diff-algorithm.ts">
      <metrics statements="716" coveredstatements="697" conditionals="235" coveredconditionals="222" methods="24" coveredmethods="24"/>
      <line num="1" count="1" type="stmt"/>
      <line num="4" count="1" type="cond" truecount="1" falsecount="0"/>
      <line num="5" count="11" type="stmt"/>
      <line num="6" count="11" type="stmt"/>
      <line num="7" count="11" type="stmt"/>
      <line num="8" count="11" type="cond" truecount="1" falsecount="0"/>
      <line num="9" count="1" type="stmt"/>
      <line num="10" count="1" type="cond" truecount="1" falsecount="0"/>
      <line num="11" count="10" type="cond" truecount="2" falsecount="0"/>
      <line num="12" count="10" type="stmt"/>
      <line num="15" count="904" type="cond" truecount="1" falsecount="0"/>
      <line num="16" count="904" type="cond" truecount="1" falsecount="0"/>
      <line num="17" count="108" type="cond" truecount="1" falsecount="0"/>
      <line num="18" count="904" type="cond" truecount="3" falsecount="0"/>
      <line num="19" count="214" type="stmt"/>
      <line num="20" count="214" type="cond" truecount="1" falsecount="0"/>
      <line num="21" count="465" type="stmt"/>
      <line num="22" count="465" type="stmt"/>
      <line num="23" count="465" type="stmt"/>
      <line num="24" count="214" type="stmt"/>
      <line num="25" count="796" type="cond" truecount="1" falsecount="0"/>
      <line num="26" count="582" type="stmt"/>
      <line num="27" count="582" type="stmt"/>
      <line num="28" count="904" type="stmt"/>
      <line num="31" count="700" type="cond" truecount="1" falsecount="0"/>
      <line num="32" count="700" type="cond" truecount="1" falsecount="0"/>
      <line num="33" count="53" type="cond" truecount="1" falsecount="0"/>
      <line num="34" count="700" type="cond" truecount="3" falsecount="0"/>
      <line num="35" count="106" type="stmt"/>
      <line num="36" count="106" type="cond" truecount="1" falsecount="0"/>
      <line num="37" count="466" type="stmt"/>
      <line num="38" count="466" type="stmt"/>
      <line num="39" count="466" type="stmt"/>
      <line num="40" count="466" type="stmt"/>
      <line num="41" count="106" type="stmt"/>
      <line num="42" count="647" type="cond" truecount="1" falsecount="0"/>
      <line num="43" count="541" type="stmt"/>
      <line num="44" count="541" type="stmt"/>
      <line num="45" count="700" type="stmt"/>
      <line num="47" count="611" type="cond" truecount="1" falsecount="0"/>
      <line num="51" count="611" type="stmt"/>
      <line num="52" count="611" type="stmt"/>
      <line num="54" count="611" type="cond" truecount="1" falsecount="0"/>
      <line num="55" count="240" type="stmt"/>
      <line num="56" count="240" type="cond" truecount="1" falsecount="0"/>
      <line num="58" count="371" type="stmt"/>
      <line num="59" count="371" type="stmt"/>
      <line num="62" count="1" type="cond" truecount="1" falsecount="0"/>
      <line num="63" count="3" type="stmt"/>
      <line num="64" count="3" type="stmt"/>
      <line num="65" count="3" type="cond" truecount="1" falsecount="0"/>
      <line num="67" count="3" type="cond" truecount="1" falsecount="0"/>
      <line num="68" count="16" type="cond" truecount="1" falsecount="0"/>
      <line num="69" count="70" type="cond" truecount="2" falsecount="0"/>
      <line num="70" count="26" type="stmt"/>
      <line num="71" count="26" type="cond" truecount="1" falsecount="0"/>
      <line num="72" count="44" type="stmt"/>
      <line num="73" count="44" type="stmt"/>
      <line num="74" count="44" type="stmt"/>
      <line num="75" count="44" type="stmt"/>
      <line num="76" count="44" type="stmt"/>
      <line num="77" count="44" type="cond" truecount="1" falsecount="0"/>
      <line num="78" count="6" type="stmt"/>
      <line num="79" count="44" type="cond" truecount="1" falsecount="0"/>
      <line num="80" count="38" type="stmt"/>
      <line num="81" count="38" type="cond" truecount="1" falsecount="0"/>
      <line num="82" count="13" type="cond" truecount="1" falsecount="0"/>
      <line num="83" count="25" type="stmt"/>
      <line num="84" count="38" type="stmt"/>
      <line num="85" count="70" type="stmt"/>
      <line num="86" count="16" type="stmt"/>
      <line num="88" count="3" type="stmt"/>
      <line num="89" count="3" type="stmt"/>
      <line num="98" count="28" type="cond" truecount="1" falsecount="0"/>
      <line num="99" count="28" type="stmt"/>
      <line num="100" count="28" type="stmt"/>
      <line num="103" count="28" type="cond" truecount="1" falsecount="0"/>
      <line num="106" count="28" type="cond" truecount="1" falsecount="0"/>
      <line num="107" count="106" type="cond" truecount="1" falsecount="0"/>
      <line num="108" count="444" type="stmt"/>
      <line num="109" count="444" type="stmt"/>
      <line num="110" count="444" type="stmt"/>
      <line num="111" count="444" type="stmt"/>
      <line num="112" count="444" type="cond" truecount="1" falsecount="0"/>
      <line num="113" count="82" type="stmt"/>
      <line num="114" count="444" type="cond" truecount="1" falsecount="0"/>
      <line num="115" count="362" type="stmt"/>
      <line num="116" count="362" type="stmt"/>
      <line num="117" count="444" type="stmt"/>
      <line num="118" count="106" type="stmt"/>
      <line num="120" count="28" type="stmt"/>
      <line num="121" count="28" type="stmt"/>
      <line num="130" count="28" type="cond" truecount="1" falsecount="0"/>
      <line num="131" count="28" type="stmt"/>
      <line num="132" count="28" type="stmt"/>
      <line num="133" count="28" type="stmt"/>
      <line num="134" count="28" type="stmt"/>
      <line num="136" count="28" type="cond" truecount="2" falsecount="0"/>
      <line num="137" count="132" type="cond" truecount="2" falsecount="0"/>
      <line num="138" count="123" type="stmt"/>
      <line num="139" count="123" type="stmt"/>
      <line num="140" count="123" type="stmt"/>
      <line num="141" count="132" type="cond" truecount="1" falsecount="0"/>
      <line num="143" count="78" type="stmt"/>
      <line num="144" count="78" type="stmt"/>
      <line num="145" count="78" type="stmt"/>
      <line num="146" count="78" type="stmt"/>
      <line num="147" count="132" type="cond" truecount="5" falsecount="0"/>
      <line num="149" count="26" type="stmt"/>
      <line num="150" count="26" type="stmt"/>
      <line num="151" count="26" type="stmt"/>
      <line num="152" count="46" type="cond" truecount="1" falsecount="0"/>
      <line num="154" count="28" type="stmt"/>
      <line num="155" count="28" type="stmt"/>
      <line num="156" count="28" type="stmt"/>
      <line num="157" count="28" type="stmt"/>
      <line num="158" count="132" type="stmt"/>
      <line num="160" count="28" type="stmt"/>
      <line num="161" count="28" type="stmt"/>
      <line num="170" count="1" type="cond" truecount="1" falsecount="0"/>
      <line num="172" count="29" type="cond" truecount="0" falsecount="1"/>
      <line num="173" count="0" type="stmt"/>
      <line num="174" count="0" type="stmt"/>
      <line num="175" count="0" type="stmt"/>
      <line num="176" count="0" type="stmt"/>
      <line num="177" count="0" type="stmt"/>
      <line num="179" count="29" type="cond" truecount="1" falsecount="0"/>
      <line num="180" count="1" type="stmt"/>
      <line num="181" count="1" type="stmt"/>
      <line num="182" count="1" type="stmt"/>
      <line num="183" count="1" type="stmt"/>
      <line num="184" count="1" type="cond" truecount="1" falsecount="0"/>
      <line num="187" count="28" type="stmt"/>
      <line num="190" count="28" type="stmt"/>
      <line num="191" count="28" type="stmt"/>
      <line num="194" count="1" type="cond" truecount="1" falsecount="0"/>
      <line num="198" count="1" type="stmt"/>
      <line num="199" count="1" type="stmt"/>
      <line num="202" count="1" type="stmt"/>
      <line num="203" count="1" type="cond" truecount="1" falsecount="0"/>
      <line num="204" count="3" type="stmt"/>
      <line num="205" count="3" type="stmt"/>
      <line num="206" count="3" type="stmt"/>
      <line num="207" count="3" type="stmt"/>
      <line num="208" count="1" type="stmt"/>
      <line num="210" count="1" type="stmt"/>
      <line num="211" count="1" type="cond" truecount="1" falsecount="0"/>
      <line num="212" count="4" type="stmt"/>
      <line num="213" count="4" type="stmt"/>
      <line num="214" count="4" type="stmt"/>
      <line num="215" count="4" type="stmt"/>
      <line num="216" count="1" type="stmt"/>
      <line num="219" count="1" type="stmt"/>
      <line num="220" count="1" type="stmt"/>
      <line num="221" count="1" type="stmt"/>
      <line num="222" count="1" type="stmt"/>
      <line num="225" count="1" type="cond" truecount="1" falsecount="0"/>
      <line num="226" count="7" type="stmt"/>
      <line num="227" count="7" type="cond" truecount="1" falsecount="0"/>
      <line num="228" count="2" type="stmt"/>
      <line num="229" count="2" type="cond" truecount="1" falsecount="0"/>
      <line num="230" count="5" type="stmt"/>
      <line num="231" count="7" type="cond" truecount="1" falsecount="0"/>
      <line num="232" count="7" type="cond" truecount="1" falsecount="0"/>
      <line num="233" count="7" type="cond" truecount="1" falsecount="0"/>
      <line num="234" count="2" type="stmt"/>
      <line num="235" count="2" type="cond" truecount="1" falsecount="0"/>
      <line num="236" count="7" type="cond" truecount="1" falsecount="0"/>
      <line num="237" count="1" type="stmt"/>
      <line num="238" count="1" type="cond" truecount="1" falsecount="0"/>
      <line num="239" count="5" type="stmt"/>
      <line num="240" count="5" type="stmt"/>
      <line num="241" count="5" type="stmt"/>
      <line num="243" count="1" type="stmt"/>
      <line num="244" count="1" type="stmt"/>
      <line num="251" count="1" type="cond" truecount="1" falsecount="0"/>
      <line num="252" count="5" type="stmt"/>
      <line num="254" count="5" type="cond" truecount="1" falsecount="0"/>
      <line num="255" count="28" type="cond" truecount="3" falsecount="0"/>
      <line num="256" count="6" type="stmt"/>
      <line num="257" count="6" type="cond" truecount="1" falsecount="0"/>
      <line num="258" count="28" type="cond" truecount="2" falsecount="0"/>
      <line num="259" count="13" type="stmt"/>
      <line num="260" count="13" type="stmt"/>
      <line num="261" count="13" type="cond" truecount="1" falsecount="0"/>
      <line num="262" count="28" type="cond" truecount="1" falsecount="0"/>
      <line num="263" count="23" type="cond" truecount="0" falsecount="1"/>
      <line num="264" count="0" type="stmt"/>
      <line num="265" count="23" type="cond" truecount="1" falsecount="0"/>
      <line num="266" count="6" type="stmt"/>
      <line num="267" count="23" type="cond" truecount="1" falsecount="0"/>
      <line num="268" count="17" type="stmt"/>
      <line num="269" count="17" type="stmt"/>
      <line num="270" count="23" type="cond" truecount="1" falsecount="0"/>
      <line num="271" count="28" type="stmt"/>
      <line num="273" count="5" type="stmt"/>
      <line num="275" count="5" type="stmt"/>
      <line num="276" count="5" type="cond" truecount="1" falsecount="0"/>
      <line num="277" count="5" type="cond" truecount="1" falsecount="0"/>
      <line num="279" count="5" type="stmt"/>
      <line num="280" count="5" type="stmt"/>
      <line num="288" count="503" type="cond" truecount="1" falsecount="0"/>
      <line num="289" count="503" type="stmt"/>
      <line num="290" count="503" type="stmt"/>
      <line num="291" count="503" type="stmt"/>
      <line num="292" count="503" type="cond" truecount="1" falsecount="0"/>
      <line num="293" count="391" type="stmt"/>
      <line num="294" count="391" type="cond" truecount="3" falsecount="0"/>
      <line num="296" count="112" type="stmt"/>
      <line num="297" count="112" type="stmt"/>
      <line num="300" count="461" type="cond" truecount="1" falsecount="0"/>
      <line num="302" count="125" type="stmt"/>
      <line num="305" count="125" type="cond" truecount="1" falsecount="0"/>
      <line num="306" count="11" type="stmt"/>
      <line num="307" count="11" type="cond" truecount="1" falsecount="0"/>
      <line num="310" count="125" type="cond" truecount="1" falsecount="1"/>
      <line num="311" count="0" type="stmt"/>
      <line num="312" count="0" type="cond" truecount="1" falsecount="0"/>
      <line num="315" count="114" type="stmt"/>
      <line num="318" count="125" type="cond" truecount="1" falsecount="0"/>
      <line num="320" count="313" type="cond" truecount="1" falsecount="0"/>
      <line num="321" count="72" type="stmt"/>
      <line num="322" count="72" type="stmt"/>
      <line num="323" count="72" type="cond" truecount="1" falsecount="0"/>
      <line num="326" count="313" type="cond" truecount="1" falsecount="0"/>
      <line num="327" count="2" type="stmt"/>
      <line num="328" count="2" type="stmt"/>
      <line num="329" count="2" type="cond" truecount="1" falsecount="0"/>
      <line num="332" count="313" type="cond" truecount="1" falsecount="0"/>
      <line num="333" count="119" type="stmt"/>
      <line num="334" count="119" type="cond" truecount="1" falsecount="0"/>
      <line num="337" count="313" type="cond" truecount="1" falsecount="0"/>
      <line num="338" count="25" type="stmt"/>
      <line num="339" count="25" type="stmt"/>
      <line num="340" count="25" type="stmt"/>
      <line num="341" count="313" type="cond" truecount="1" falsecount="0"/>
      <line num="344" count="125" type="cond" truecount="1" falsecount="0"/>
      <line num="345" count="15" type="stmt"/>
      <line num="346" count="15" type="stmt"/>
      <line num="347" count="125" type="cond" truecount="1" falsecount="0"/>
      <line num="348" count="489" type="cond" truecount="1" falsecount="0"/>
      <line num="350" count="15" type="stmt"/>
      <line num="351" count="15" type="stmt"/>
      <line num="352" count="15" type="stmt"/>
      <line num="353" count="15" type="stmt"/>
      <line num="354" count="15" type="stmt"/>
      <line num="355" count="15" type="cond" truecount="1" falsecount="0"/>
      <line num="356" count="15" type="stmt"/>
      <line num="357" count="15" type="stmt"/>
      <line num="358" count="15" type="stmt"/>
      <line num="359" count="15" type="stmt"/>
      <line num="360" count="15" type="stmt"/>
      <line num="361" count="15" type="stmt"/>
      <line num="362" count="15" type="cond" truecount="1" falsecount="0"/>
      <line num="363" count="86" type="stmt"/>
      <line num="364" count="86" type="stmt"/>
      <line num="366" count="233" type="cond" truecount="1" falsecount="0"/>
      <line num="367" count="233" type="stmt"/>
      <line num="368" count="233" type="stmt"/>
      <line num="370" count="287" type="cond" truecount="1" falsecount="0"/>
      <line num="377" count="287" type="stmt"/>
      <line num="378" count="287" type="stmt"/>
      <line num="380" count="287" type="stmt"/>
      <line num="381" count="287" type="cond" truecount="1" falsecount="0"/>
      <line num="382" count="17" type="stmt"/>
      <line num="384" count="17" type="stmt"/>
      <line num="385" count="17" type="cond" truecount="1" falsecount="0"/>
      <line num="386" count="13" type="stmt"/>
      <line num="387" count="17" type="cond" truecount="1" falsecount="0"/>
      <line num="388" count="4" type="stmt"/>
      <line num="389" count="4" type="stmt"/>
      <line num="390" count="17" type="cond" truecount="1" falsecount="0"/>
      <line num="391" count="270" type="stmt"/>
      <line num="392" count="270" type="stmt"/>
      <line num="394" count="204" type="cond" truecount="1" falsecount="0"/>
      <line num="395" count="204" type="stmt"/>
      <line num="396" count="204" type="stmt"/>
      <line num="398" count="125" type="cond" truecount="1" falsecount="0"/>
      <line num="399" count="125" type="cond" truecount="1" falsecount="0"/>
      <line num="400" count="119" type="stmt"/>
      <line num="401" count="119" type="cond" truecount="2" falsecount="0"/>
      <line num="402" count="6" type="stmt"/>
      <line num="403" count="6" type="cond" truecount="1" falsecount="0"/>
      <line num="404" count="5" type="stmt"/>
      <line num="405" count="125" type="cond" truecount="2" falsecount="0"/>
      <line num="406" count="5" type="stmt"/>
      <line num="407" count="5" type="cond" truecount="1" falsecount="0"/>
      <line num="409" count="1" type="stmt"/>
      <line num="410" count="1" type="stmt"/>
      <line num="429" count="1" type="cond" truecount="1" falsecount="0"/>
      <line num="430" count="55" type="stmt"/>
      <line num="431" count="55" type="stmt"/>
      <line num="433" count="55" type="cond" truecount="1" falsecount="0"/>
      <line num="434" count="208" type="stmt"/>
      <line num="435" count="208" type="cond" truecount="1" falsecount="0"/>
      <line num="436" count="204" type="cond" truecount="1" falsecount="0"/>
      <line num="437" count="203" type="cond" truecount="1" falsecount="0"/>
      <line num="438" count="203" type="stmt"/>
      <line num="439" count="208" type="cond" truecount="1" falsecount="0"/>
      <line num="440" count="6" type="cond" truecount="1" falsecount="0"/>
      <line num="441" count="5" type="stmt"/>
      <line num="442" count="6" type="cond" truecount="1" falsecount="0"/>
      <line num="443" count="1" type="stmt"/>
      <line num="444" count="1" type="cond" truecount="0" falsecount="1"/>
      <line num="445" count="0" type="stmt"/>
      <line num="446" count="0" type="stmt"/>
      <line num="447" count="1" type="stmt"/>
      <line num="448" count="1" type="cond" truecount="1" falsecount="0"/>
      <line num="450" count="208" type="cond" truecount="1" falsecount="0"/>
      <line num="451" count="508" type="cond" truecount="2" falsecount="0"/>
      <line num="452" count="508" type="cond" truecount="2" falsecount="0"/>
      <line num="453" count="4" type="stmt"/>
      <line num="454" count="4" type="cond" truecount="1" falsecount="0"/>
      <line num="455" count="504" type="cond" truecount="1" falsecount="0"/>
      <line num="456" count="161" type="cond" truecount="1" falsecount="0"/>
      <line num="457" count="153" type="cond" truecount="1" falsecount="0"/>
      <line num="458" count="153" type="stmt"/>
      <line num="459" count="504" type="cond" truecount="1" falsecount="0"/>
      <line num="460" count="153" type="stmt"/>
      <line num="461" count="153" type="stmt"/>
      <line num="462" count="504" type="cond" truecount="1" falsecount="0"/>
      <line num="463" count="351" type="cond" truecount="0" falsecount="1"/>
      <line num="464" count="0" type="stmt"/>
      <line num="465" count="351" type="stmt"/>
      <line num="466" count="351" type="stmt"/>
      <line num="467" count="351" type="stmt"/>
      <line num="468" count="351" type="stmt"/>
      <line num="469" count="508" type="cond" truecount="1" falsecount="0"/>
      <line num="470" count="208" type="stmt"/>
      <line num="472" count="55" type="stmt"/>
      <line num="474" count="55" type="stmt"/>
      <line num="475" count="55" type="cond" truecount="1" falsecount="0"/>
      <line num="476" count="55" type="cond" truecount="1" falsecount="0"/>
      <line num="478" count="55" type="stmt"/>
      <line num="479" count="55" type="cond" truecount="1" falsecount="0"/>
      <line num="480" count="55" type="cond" truecount="1" falsecount="0"/>
      <line num="482" count="55" type="stmt"/>
      <line num="483" count="55" type="stmt"/>
      <line num="486" count="203" type="cond" truecount="1" falsecount="0"/>
      <line num="487" count="203" type="stmt"/>
      <line num="488" count="203" type="stmt"/>
      <line num="489" count="203" type="stmt"/>
      <line num="490" count="203" type="stmt"/>
      <line num="491" count="203" type="stmt"/>
      <line num="492" count="203" type="stmt"/>
      <line num="493" count="203" type="stmt"/>
      <line num="494" count="203" type="cond" truecount="1" falsecount="0"/>
      <line num="495" count="109" type="cond" truecount="1" falsecount="0"/>
      <line num="496" count="169" type="stmt"/>
      <line num="497" count="169" type="cond" truecount="1" falsecount="0"/>
      <line num="499" count="169" type="cond" truecount="1" falsecount="0"/>
      <line num="500" count="114" type="stmt"/>
      <line num="501" count="114" type="stmt"/>
      <line num="502" count="169" type="stmt"/>
      <line num="503" count="169" type="stmt"/>
      <line num="504" count="203" type="cond" truecount="1" falsecount="0"/>
      <line num="505" count="94" type="cond" truecount="1" falsecount="0"/>
      <line num="506" count="175" type="stmt"/>
      <line num="508" count="175" type="cond" truecount="2" falsecount="0"/>
      <line num="509" count="120" type="stmt"/>
      <line num="510" count="175" type="cond" truecount="1" falsecount="0"/>
      <line num="511" count="55" type="stmt"/>
      <line num="512" count="55" type="stmt"/>
      <line num="513" count="175" type="stmt"/>
      <line num="514" count="175" type="stmt"/>
      <line num="515" count="94" type="stmt"/>
      <line num="516" count="203" type="stmt"/>
      <line num="526" count="1" type="cond" truecount="1" falsecount="0"/>
      <line num="527" count="21" type="stmt"/>
      <line num="528" count="21" type="stmt"/>
      <line num="529" count="21" type="stmt"/>
      <line num="530" count="21" type="stmt"/>
      <line num="531" count="21" type="stmt"/>
      <line num="532" count="21" type="stmt"/>
      <line num="533" count="21" type="stmt"/>
      <line num="534" count="21" type="stmt"/>
      <line num="536" count="21" type="stmt"/>
      <line num="537" count="21" type="stmt"/>
      <line num="538" count="21" type="stmt"/>
      <line num="539" count="21" type="stmt"/>
      <line num="540" count="21" type="stmt"/>
      <line num="541" count="21" type="stmt"/>
      <line num="542" count="21" type="stmt"/>
      <line num="543" count="21" type="stmt"/>
      <line num="544" count="21" type="stmt"/>
      <line num="545" count="21" type="stmt"/>
      <line num="551" count="21" type="stmt"/>
      <line num="552" count="21" type="stmt"/>
      <line num="553" count="21" type="stmt"/>
      <line num="554" count="21" type="cond" truecount="2" falsecount="0"/>
      <line num="555" count="158" type="stmt"/>
      <line num="556" count="158" type="stmt"/>
      <line num="557" count="158" type="stmt"/>
      <line num="558" count="158" type="cond" truecount="1" falsecount="0"/>
      <line num="560" count="16" type="stmt"/>
      <line num="561" count="16" type="cond" truecount="1" falsecount="0"/>
      <line num="562" count="48" type="stmt"/>
      <line num="563" count="16" type="cond" truecount="1" falsecount="0"/>
      <line num="564" count="33" type="stmt"/>
      <line num="565" count="33" type="stmt"/>
      <line num="566" count="33" type="stmt"/>
      <line num="567" count="33" type="stmt"/>
      <line num="568" count="33" type="stmt"/>
      <line num="569" count="33" type="stmt"/>
      <line num="570" count="33" type="stmt"/>
      <line num="571" count="33" type="stmt"/>
      <line num="572" count="33" type="stmt"/>
      <line num="573" count="33" type="stmt"/>
      <line num="574" count="33" type="stmt"/>
      <line num="575" count="33" type="stmt"/>
      <line num="576" count="33" type="stmt"/>
      <line num="577" count="33" type="stmt"/>
      <line num="578" count="33" type="cond" truecount="1" falsecount="0"/>
      <line num="579" count="1" type="stmt"/>
      <line num="580" count="1" type="cond" truecount="1" falsecount="0"/>
      <line num="581" count="32" type="cond" truecount="0" falsecount="1"/>
      <line num="582" count="0" type="stmt"/>
      <line num="583" count="32" type="cond" truecount="0" falsecount="1"/>
      <line num="584" count="0" type="stmt"/>
      <line num="585" count="32" type="stmt"/>
      <line num="586" count="32" type="stmt"/>
      <line num="587" count="32" type="stmt"/>
      <line num="589" count="33" type="stmt"/>
      <line num="590" count="33" type="stmt"/>
      <line num="591" count="16" type="cond" truecount="1" falsecount="0"/>
      <line num="592" count="142" type="stmt"/>
      <line num="593" count="142" type="stmt"/>
      <line num="594" count="142" type="cond" truecount="1" falsecount="0"/>
      <line num="596" count="15" type="stmt"/>
      <line num="597" count="15" type="cond" truecount="1" falsecount="0"/>
      <line num="598" count="43" type="stmt"/>
      <line num="599" count="15" type="cond" truecount="1" falsecount="0"/>
      <line num="600" count="29" type="stmt"/>
      <line num="601" count="29" type="stmt"/>
      <line num="602" count="29" type="stmt"/>
      <line num="603" count="29" type="stmt"/>
      <line num="604" count="29" type="stmt"/>
      <line num="605" count="29" type="stmt"/>
      <line num="606" count="29" type="stmt"/>
      <line num="607" count="29" type="stmt"/>
      <line num="608" count="29" type="stmt"/>
      <line num="609" count="29" type="stmt"/>
      <line num="610" count="29" type="stmt"/>
      <line num="611" count="29" type="stmt"/>
      <line num="612" count="29" type="stmt"/>
      <line num="613" count="29" type="stmt"/>
      <line num="614" count="29" type="cond" truecount="1" falsecount="0"/>
      <line num="615" count="2" type="stmt"/>
      <line num="616" count="2" type="cond" truecount="1" falsecount="0"/>
      <line num="617" count="27" type="cond" truecount="0" falsecount="1"/>
      <line num="618" count="0" type="stmt"/>
      <line num="619" count="27" type="cond" truecount="0" falsecount="1"/>
      <line num="620" count="0" type="stmt"/>
      <line num="621" count="27" type="stmt"/>
      <line num="622" count="27" type="stmt"/>
      <line num="623" count="27" type="stmt"/>
      <line num="624" count="29" type="stmt"/>
      <line num="625" count="29" type="stmt"/>
      <line num="626" count="142" type="cond" truecount="1" falsecount="0"/>
      <line num="627" count="127" type="stmt"/>
      <line num="628" count="127" type="stmt"/>
      <line num="629" count="127" type="stmt"/>
      <line num="630" count="127" type="stmt"/>
      <line num="631" count="127" type="stmt"/>
      <line num="632" count="127" type="stmt"/>
      <line num="633" count="127" type="stmt"/>
      <line num="634" count="127" type="stmt"/>
      <line num="635" count="127" type="stmt"/>
      <line num="636" count="127" type="stmt"/>
      <line num="637" count="127" type="stmt"/>
      <line num="638" count="127" type="stmt"/>
      <line num="639" count="127" type="stmt"/>
      <line num="640" count="127" type="stmt"/>
      <line num="643" count="127" type="cond" truecount="1" falsecount="0"/>
      <line num="644" count="2" type="stmt"/>
      <line num="645" count="2" type="cond" truecount="1" falsecount="0"/>
      <line num="646" count="125" type="stmt"/>
      <line num="647" count="125" type="stmt"/>
      <line num="648" count="125" type="stmt"/>
      <line num="649" count="125" type="cond" truecount="0" falsecount="1"/>
      <line num="650" count="125" type="stmt"/>
      <line num="651" count="125" type="cond" truecount="2" falsecount="0"/>
      <line num="652" count="104" type="stmt"/>
      <line num="653" count="113" type="cond" truecount="1" falsecount="0"/>
      <line num="654" count="21" type="stmt"/>
      <line num="655" count="21" type="stmt"/>
      <line num="656" count="127" type="stmt"/>
      <line num="657" count="127" type="stmt"/>
      <line num="658" count="127" type="stmt"/>
      <line num="659" count="158" type="stmt"/>
      <line num="660" count="21" type="cond" truecount="1" falsecount="0"/>
      <line num="661" count="6" type="stmt"/>
      <line num="662" count="6" type="stmt"/>
      <line num="663" count="6" type="stmt"/>
      <line num="664" count="6" type="stmt"/>
      <line num="665" count="6" type="stmt"/>
      <line num="666" count="6" type="stmt"/>
      <line num="667" count="6" type="stmt"/>
      <line num="668" count="6" type="stmt"/>
      <line num="669" count="6" type="stmt"/>
      <line num="670" count="6" type="stmt"/>
      <line num="671" count="6" type="stmt"/>
      <line num="672" count="6" type="stmt"/>
      <line num="673" count="6" type="stmt"/>
      <line num="674" count="6" type="stmt"/>
      <line num="675" count="6" type="stmt"/>
      <line num="676" count="6" type="stmt"/>
      <line num="677" count="21" type="cond" truecount="1" falsecount="0"/>
      <line num="678" count="8" type="stmt"/>
      <line num="679" count="8" type="stmt"/>
      <line num="680" count="8" type="stmt"/>
      <line num="681" count="8" type="stmt"/>
      <line num="682" count="8" type="stmt"/>
      <line num="683" count="8" type="stmt"/>
      <line num="684" count="8" type="stmt"/>
      <line num="685" count="8" type="stmt"/>
      <line num="686" count="8" type="stmt"/>
      <line num="687" count="8" type="stmt"/>
      <line num="688" count="8" type="stmt"/>
      <line num="689" count="8" type="stmt"/>
      <line num="690" count="8" type="stmt"/>
      <line num="691" count="8" type="stmt"/>
      <line num="692" count="8" type="stmt"/>
      <line num="693" count="8" type="stmt"/>
      <line num="696" count="21" type="stmt"/>
      <line num="697" count="21" type="stmt"/>
      <line num="698" count="21" type="cond" truecount="1" falsecount="0"/>
      <line num="699" count="21" type="cond" truecount="1" falsecount="0"/>
      <line num="700" count="21" type="stmt"/>
      <line num="701" count="21" type="stmt"/>
      <line num="703" count="21" type="cond" truecount="1" falsecount="0"/>
      <line num="704" count="84" type="stmt"/>
      <line num="705" count="84" type="stmt"/>
      <line num="706" count="84" type="stmt"/>
      <line num="707" count="84" type="stmt"/>
      <line num="708" count="84" type="stmt"/>
      <line num="709" count="84" type="stmt"/>
      <line num="710" count="84" type="stmt"/>
      <line num="711" count="84" type="stmt"/>
      <line num="712" count="84" type="stmt"/>
      <line num="713" count="84" type="stmt"/>
      <line num="714" count="84" type="stmt"/>
      <line num="715" count="84" type="stmt"/>
      <line num="716" count="84" type="stmt"/>
      <line num="717" count="84" type="stmt"/>
      <line num="718" count="84" type="stmt"/>
      <line num="719" count="84" type="stmt"/>
      <line num="720" count="84" type="cond" truecount="1" falsecount="0"/>
      <line num="721" count="12" type="stmt"/>
      <line num="722" count="84" type="cond" truecount="3" falsecount="0"/>
      <line num="723" count="12" type="stmt"/>
      <line num="724" count="72" type="cond" truecount="2" falsecount="0"/>
      <line num="725" count="11" type="stmt"/>
      <line num="726" count="11" type="stmt"/>
      <line num="727" count="84" type="stmt"/>
      <line num="729" count="21" type="stmt"/>
      <line num="730" count="21" type="stmt"/>
      <line num="735" count="183" type="cond" truecount="1" falsecount="0"/>
      <line num="740" count="183" type="stmt"/>
      <line num="741" count="183" type="stmt"/>
      <line num="743" count="183" type="cond" truecount="2" falsecount="0"/>
      <line num="744" count="159" type="stmt"/>
      <line num="745" count="159" type="cond" truecount="1" falsecount="0"/>
      <line num="746" count="183" type="cond" truecount="1" falsecount="0"/>
      <line num="748" count="1" type="stmt"/>
      <line num="749" count="1" type="stmt"/>
      <line num="750" count="1" type="stmt"/>
      <line num="751" count="1" type="stmt"/>
      <line num="752" count="1" type="stmt"/>
      <line num="753" count="1" type="stmt"/>
      <line num="754" count="183" type="cond" truecount="3" falsecount="0"/>
      <line num="756" count="13" type="stmt"/>
      <line num="757" count="13" type="stmt"/>
      <line num="758" count="13" type="stmt"/>
      <line num="759" count="13" type="stmt"/>
      <line num="760" count="13" type="stmt"/>
      <line num="761" count="13" type="stmt"/>
      <line num="762" count="13" type="cond" truecount="1" falsecount="0"/>
      <line num="763" count="10" type="stmt"/>
      <line num="764" count="10" type="stmt"/>
      <line num="770" count="188" type="cond" truecount="1" falsecount="0"/>
      <line num="776" count="188" type="stmt"/>
      <line num="777" count="188" type="stmt"/>
      <line num="778" count="188" type="stmt"/>
      <line num="779" count="188" type="stmt"/>
      <line num="780" count="188" type="stmt"/>
      <line num="781" count="188" type="stmt"/>
      <line num="782" count="188" type="stmt"/>
      <line num="783" count="188" type="stmt"/>
      <line num="785" count="188" type="cond" truecount="1" falsecount="0"/>
      <line num="786" count="222" type="stmt"/>
      <line num="787" count="188" type="stmt"/>
      <line num="788" count="188" type="cond" truecount="1" falsecount="0"/>
      <line num="789" count="13" type="stmt"/>
      <line num="790" count="188" type="stmt"/>
      <line num="793" count="188" type="cond" truecount="2" falsecount="0"/>
      <line num="795" count="25" type="stmt"/>
      <line num="796" count="25" type="stmt"/>
      <line num="797" count="25" type="stmt"/>
      <line num="799" count="25" type="cond" truecount="1" falsecount="0"/>
      <line num="800" count="95" type="stmt"/>
      <line num="801" count="95" type="stmt"/>
      <line num="802" count="95" type="stmt"/>
      <line num="803" count="95" type="cond" truecount="0" falsecount="1"/>
      <line num="804" count="0" type="stmt"/>
      <line num="805" count="95" type="stmt"/>
      <line num="806" count="95" type="cond" truecount="0" falsecount="1"/>
      <line num="807" count="95" type="stmt"/>
      <line num="808" count="95" type="cond" truecount="0" falsecount="1"/>
      <line num="809" count="0" type="stmt"/>
      <line num="810" count="0" type="stmt"/>
      <line num="811" count="0" type="stmt"/>
      <line num="812" count="95" type="stmt"/>
      <line num="813" count="95" type="stmt"/>
      <line num="814" count="95" type="stmt"/>
      <line num="815" count="95" type="stmt"/>
      <line num="816" count="95" type="stmt"/>
      <line num="817" count="95" type="stmt"/>
      <line num="818" count="95" type="stmt"/>
      <line num="819" count="95" type="stmt"/>
      <line num="820" count="25" type="stmt"/>
      <line num="822" count="188" type="cond" truecount="2" falsecount="0"/>
      <line num="823" count="37" type="cond" truecount="1" falsecount="0"/>
      <line num="825" count="83" type="stmt"/>
      <line num="826" count="83" type="stmt"/>
      <line num="827" count="83" type="stmt"/>
      <line num="828" count="83" type="stmt"/>
      <line num="829" count="83" type="stmt"/>
      <line num="830" count="83" type="stmt"/>
      <line num="831" count="83" type="stmt"/>
      <line num="832" count="83" type="stmt"/>
      <line num="833" count="83" type="stmt"/>
      <line num="834" count="83" type="stmt"/>
      <line num="835" count="83" type="cond" truecount="1" falsecount="0"/>
      <line num="836" count="1" type="cond" truecount="1" falsecount="0"/>
      <line num="837" count="82" type="stmt"/>
      <line num="838" count="83" type="cond" truecount="2" falsecount="0"/>
      <line num="839" count="83" type="stmt"/>
      <line num="841" count="83" type="cond" truecount="1" falsecount="0"/>
      <line num="842" count="9" type="stmt"/>
      <line num="843" count="9" type="stmt"/>
      <line num="844" count="9" type="stmt"/>
      <line num="846" count="83" type="stmt"/>
      <line num="847" count="83" type="stmt"/>
      <line num="848" count="83" type="stmt"/>
      <line num="849" count="83" type="stmt"/>
      <line num="850" count="83" type="stmt"/>
      <line num="851" count="83" type="stmt"/>
      <line num="852" count="83" type="stmt"/>
      <line num="853" count="83" type="stmt"/>
      <line num="854" count="37" type="stmt"/>
      <line num="855" count="37" type="stmt"/>
      <line num="857" count="188" type="stmt"/>
      <line num="858" count="188" type="stmt"/>
      <line num="869" count="1" type="cond" truecount="1" falsecount="0"/>
      <line num="874" count="10" type="stmt"/>
      <line num="875" count="10" type="stmt"/>
      <line num="876" count="10" type="stmt"/>
      <line num="877" count="10" type="stmt"/>
      <line num="878" count="10" type="stmt"/>
      <line num="879" count="10" type="stmt"/>
      <line num="880" count="10" type="stmt"/>
      <line num="882" count="10" type="cond" truecount="3" falsecount="0"/>
      <line num="883" count="6" type="cond" truecount="2" falsecount="0"/>
      <line num="884" count="5" type="stmt"/>
      <line num="885" count="5" type="stmt"/>
      <line num="886" count="5" type="stmt"/>
      <line num="887" count="5" type="stmt"/>
      <line num="888" count="5" type="stmt"/>
      <line num="889" count="5" type="stmt"/>
      <line num="890" count="5" type="stmt"/>
      <line num="891" count="5" type="stmt"/>
      <line num="892" count="5" type="stmt"/>
      <line num="893" count="5" type="stmt"/>
      <line num="894" count="5" type="stmt"/>
      <line num="895" count="5" type="stmt"/>
      <line num="896" count="5" type="stmt"/>
      <line num="897" count="5" type="stmt"/>
      <line num="898" count="5" type="cond" truecount="1" falsecount="0"/>
      <line num="900" count="1" type="stmt"/>
      <line num="901" count="1" type="stmt"/>
      <line num="902" count="1" type="stmt"/>
      <line num="903" count="1" type="stmt"/>
      <line num="904" count="1" type="stmt"/>
      <line num="905" count="1" type="stmt"/>
      <line num="906" count="1" type="cond" truecount="1" falsecount="0"/>
      <line num="908" count="4" type="stmt"/>
      <line num="909" count="4" type="stmt"/>
      <line num="910" count="4" type="stmt"/>
      <line num="911" count="4" type="stmt"/>
      <line num="912" count="4" type="stmt"/>
      <line num="913" count="4" type="stmt"/>
      <line num="914" count="4" type="stmt"/>
      <line num="915" count="4" type="stmt"/>
      <line num="917" count="1" type="cond" truecount="1" falsecount="0"/>
      <line num="924" count="8" type="stmt"/>
      <line num="925" count="8" type="stmt"/>
      <line num="926" count="8" type="stmt"/>
      <line num="927" count="8" type="stmt"/>
      <line num="928" count="8" type="stmt"/>
      <line num="929" count="8" type="stmt"/>
      <line num="930" count="8" type="cond" truecount="1" falsecount="0"/>
      <line num="931" count="8" type="cond" truecount="1" falsecount="0"/>
      <line num="932" count="8" type="stmt"/>
      <line num="933" count="8" type="stmt"/>
      <line num="934" count="8" type="stmt"/>
      <line num="935" count="8" type="stmt"/>
      <line num="936" count="8" type="stmt"/>
      <line num="937" count="8" type="stmt"/>
      <line num="938" count="8" type="stmt"/>
      <line num="940" count="8" type="stmt"/>
      <line num="941" count="8" type="stmt"/>
      <line num="942" count="8" type="stmt"/>
      <line num="943" count="8" type="stmt"/>
      <line num="944" count="8" type="stmt"/>
      <line num="945" count="8" type="stmt"/>
    </file>
  </project>
</coverage>
