{"/Users/bytedance/project/diff-viz/src/diff-algorithm.ts": {"path":"/Users/bytedance/project/diff-viz/src/diff-algorithm.ts","all":false,"statementMap":{"0":{"start":{"line":1,"column":0},"end":{"line":1,"column":23}},"3":{"start":{"line":4,"column":0},"end":{"line":4,"column":31}},"4":{"start":{"line":5,"column":0},"end":{"line":5,"column":27}},"5":{"start":{"line":6,"column":0},"end":{"line":6,"column":27}},"6":{"start":{"line":7,"column":0},"end":{"line":7,"column":8}},"7":{"start":{"line":8,"column":0},"end":{"line":8,"column":14}},"8":{"start":{"line":9,"column":0},"end":{"line":9,"column":15}},"9":{"start":{"line":10,"column":0},"end":{"line":10,"column":3}},"10":{"start":{"line":11,"column":0},"end":{"line":11,"column":68}},"11":{"start":{"line":12,"column":0},"end":{"line":12,"column":1}},"14":{"start":{"line":15,"column":0},"end":{"line":15,"column":41}},"15":{"start":{"line":16,"column":0},"end":{"line":16,"column":27}},"16":{"start":{"line":17,"column":0},"end":{"line":17,"column":58}},"17":{"start":{"line":18,"column":0},"end":{"line":18,"column":55}},"18":{"start":{"line":19,"column":0},"end":{"line":19,"column":27}},"19":{"start":{"line":20,"column":0},"end":{"line":20,"column":53}},"20":{"start":{"line":21,"column":0},"end":{"line":21,"column":49}},"21":{"start":{"line":22,"column":0},"end":{"line":22,"column":76}},"22":{"start":{"line":23,"column":0},"end":{"line":23,"column":5}},"23":{"start":{"line":24,"column":0},"end":{"line":24,"column":18}},"24":{"start":{"line":25,"column":0},"end":{"line":25,"column":10}},"25":{"start":{"line":26,"column":0},"end":{"line":26,"column":15}},"26":{"start":{"line":27,"column":0},"end":{"line":27,"column":3}},"27":{"start":{"line":28,"column":0},"end":{"line":28,"column":1}},"30":{"start":{"line":31,"column":0},"end":{"line":31,"column":44}},"31":{"start":{"line":32,"column":0},"end":{"line":32,"column":27}},"32":{"start":{"line":33,"column":0},"end":{"line":33,"column":61}},"33":{"start":{"line":34,"column":0},"end":{"line":34,"column":55}},"34":{"start":{"line":35,"column":0},"end":{"line":35,"column":32}},"35":{"start":{"line":36,"column":0},"end":{"line":36,"column":53}},"36":{"start":{"line":37,"column":0},"end":{"line":37,"column":55}},"37":{"start":{"line":38,"column":0},"end":{"line":38,"column":61}},"38":{"start":{"line":39,"column":0},"end":{"line":39,"column":35}},"39":{"start":{"line":40,"column":0},"end":{"line":40,"column":5}},"40":{"start":{"line":41,"column":0},"end":{"line":41,"column":23}},"41":{"start":{"line":42,"column":0},"end":{"line":42,"column":10}},"42":{"start":{"line":43,"column":0},"end":{"line":43,"column":15}},"43":{"start":{"line":44,"column":0},"end":{"line":44,"column":3}},"44":{"start":{"line":45,"column":0},"end":{"line":45,"column":1}},"46":{"start":{"line":47,"column":0},"end":{"line":47,"column":31}},"50":{"start":{"line":51,"column":0},"end":{"line":51,"column":13}},"51":{"start":{"line":52,"column":0},"end":{"line":52,"column":54}},"53":{"start":{"line":54,"column":0},"end":{"line":54,"column":16}},"54":{"start":{"line":55,"column":0},"end":{"line":55,"column":65}},"55":{"start":{"line":56,"column":0},"end":{"line":56,"column":3}},"57":{"start":{"line":58,"column":0},"end":{"line":58,"column":31}},"58":{"start":{"line":59,"column":0},"end":{"line":59,"column":1}},"61":{"start":{"line":62,"column":0},"end":{"line":62,"column":72}},"62":{"start":{"line":63,"column":0},"end":{"line":63,"column":44}},"63":{"start":{"line":64,"column":0},"end":{"line":64,"column":12}},"64":{"start":{"line":65,"column":0},"end":{"line":65,"column":50}},"66":{"start":{"line":67,"column":0},"end":{"line":67,"column":45}},"67":{"start":{"line":68,"column":0},"end":{"line":68,"column":47}},"68":{"start":{"line":69,"column":0},"end":{"line":69,"column":31}},"69":{"start":{"line":70,"column":0},"end":{"line":70,"column":22}},"70":{"start":{"line":71,"column":0},"end":{"line":71,"column":17}},"71":{"start":{"line":72,"column":0},"end":{"line":72,"column":20}},"72":{"start":{"line":73,"column":0},"end":{"line":73,"column":29}},"73":{"start":{"line":74,"column":0},"end":{"line":74,"column":29}},"74":{"start":{"line":75,"column":0},"end":{"line":75,"column":18}},"75":{"start":{"line":76,"column":0},"end":{"line":76,"column":10}},"76":{"start":{"line":77,"column":0},"end":{"line":77,"column":9}},"77":{"start":{"line":78,"column":0},"end":{"line":78,"column":54}},"78":{"start":{"line":79,"column":0},"end":{"line":79,"column":14}},"79":{"start":{"line":80,"column":0},"end":{"line":80,"column":18}},"80":{"start":{"line":81,"column":0},"end":{"line":81,"column":51}},"81":{"start":{"line":82,"column":0},"end":{"line":82,"column":26}},"82":{"start":{"line":83,"column":0},"end":{"line":83,"column":27}},"83":{"start":{"line":84,"column":0},"end":{"line":84,"column":7}},"84":{"start":{"line":85,"column":0},"end":{"line":85,"column":5}},"85":{"start":{"line":86,"column":0},"end":{"line":86,"column":3}},"87":{"start":{"line":88,"column":0},"end":{"line":88,"column":38}},"88":{"start":{"line":89,"column":0},"end":{"line":89,"column":1}},"90":{"start":{"line":91,"column":0},"end":{"line":91,"column":38}},"97":{"start":{"line":98,"column":0},"end":{"line":98,"column":44}},"98":{"start":{"line":99,"column":0},"end":{"line":99,"column":45}},"100":{"start":{"line":101,"column":0},"end":{"line":101,"column":44}},"101":{"start":{"line":102,"column":0},"end":{"line":102,"column":44}},"102":{"start":{"line":103,"column":0},"end":{"line":103,"column":18}},"103":{"start":{"line":104,"column":0},"end":{"line":104,"column":21}},"104":{"start":{"line":105,"column":0},"end":{"line":105,"column":18}},"105":{"start":{"line":106,"column":0},"end":{"line":106,"column":21}},"106":{"start":{"line":107,"column":0},"end":{"line":107,"column":17}},"107":{"start":{"line":108,"column":0},"end":{"line":108,"column":31}},"108":{"start":{"line":109,"column":0},"end":{"line":109,"column":29}},"109":{"start":{"line":110,"column":0},"end":{"line":110,"column":11}},"110":{"start":{"line":111,"column":0},"end":{"line":111,"column":43}},"111":{"start":{"line":112,"column":0},"end":{"line":112,"column":19}},"112":{"start":{"line":113,"column":0},"end":{"line":113,"column":20}},"113":{"start":{"line":114,"column":0},"end":{"line":114,"column":42}},"114":{"start":{"line":115,"column":0},"end":{"line":115,"column":16}},"115":{"start":{"line":116,"column":0},"end":{"line":116,"column":8}},"116":{"start":{"line":117,"column":0},"end":{"line":117,"column":7}},"117":{"start":{"line":118,"column":0},"end":{"line":118,"column":51}},"118":{"start":{"line":119,"column":0},"end":{"line":119,"column":16}},"119":{"start":{"line":120,"column":0},"end":{"line":120,"column":5}},"120":{"start":{"line":121,"column":0},"end":{"line":121,"column":11}},"121":{"start":{"line":122,"column":0},"end":{"line":122,"column":43}},"122":{"start":{"line":123,"column":0},"end":{"line":123,"column":19}},"123":{"start":{"line":124,"column":0},"end":{"line":124,"column":20}},"124":{"start":{"line":125,"column":0},"end":{"line":125,"column":42}},"125":{"start":{"line":126,"column":0},"end":{"line":126,"column":16}},"126":{"start":{"line":127,"column":0},"end":{"line":127,"column":8}},"127":{"start":{"line":128,"column":0},"end":{"line":128,"column":7}},"128":{"start":{"line":129,"column":0},"end":{"line":129,"column":51}},"129":{"start":{"line":130,"column":0},"end":{"line":130,"column":16}},"130":{"start":{"line":131,"column":0},"end":{"line":131,"column":5}},"131":{"start":{"line":132,"column":0},"end":{"line":132,"column":31}},"132":{"start":{"line":133,"column":0},"end":{"line":133,"column":34}},"133":{"start":{"line":134,"column":0},"end":{"line":134,"column":19}},"134":{"start":{"line":135,"column":0},"end":{"line":135,"column":16}},"135":{"start":{"line":136,"column":0},"end":{"line":136,"column":5}},"136":{"start":{"line":137,"column":0},"end":{"line":137,"column":31}},"137":{"start":{"line":138,"column":0},"end":{"line":138,"column":34}},"138":{"start":{"line":139,"column":0},"end":{"line":139,"column":19}},"139":{"start":{"line":140,"column":0},"end":{"line":140,"column":16}},"140":{"start":{"line":141,"column":0},"end":{"line":141,"column":5}},"141":{"start":{"line":142,"column":0},"end":{"line":142,"column":49}},"142":{"start":{"line":143,"column":0},"end":{"line":143,"column":49}},"143":{"start":{"line":144,"column":0},"end":{"line":144,"column":14}},"144":{"start":{"line":145,"column":0},"end":{"line":145,"column":14}},"145":{"start":{"line":146,"column":0},"end":{"line":146,"column":13}},"146":{"start":{"line":147,"column":0},"end":{"line":147,"column":3}},"147":{"start":{"line":148,"column":0},"end":{"line":148,"column":46}},"148":{"start":{"line":149,"column":0},"end":{"line":149,"column":49}},"149":{"start":{"line":150,"column":0},"end":{"line":150,"column":14}},"150":{"start":{"line":151,"column":0},"end":{"line":151,"column":3}},"151":{"start":{"line":152,"column":0},"end":{"line":152,"column":46}},"152":{"start":{"line":153,"column":0},"end":{"line":153,"column":49}},"153":{"start":{"line":154,"column":0},"end":{"line":154,"column":14}},"154":{"start":{"line":155,"column":0},"end":{"line":155,"column":3}},"155":{"start":{"line":156,"column":0},"end":{"line":156,"column":29}},"156":{"start":{"line":157,"column":0},"end":{"line":157,"column":32}},"157":{"start":{"line":158,"column":0},"end":{"line":158,"column":17}},"158":{"start":{"line":159,"column":0},"end":{"line":159,"column":14}},"159":{"start":{"line":160,"column":0},"end":{"line":160,"column":3}},"160":{"start":{"line":161,"column":0},"end":{"line":161,"column":29}},"161":{"start":{"line":162,"column":0},"end":{"line":162,"column":32}},"162":{"start":{"line":163,"column":0},"end":{"line":163,"column":17}},"163":{"start":{"line":164,"column":0},"end":{"line":164,"column":14}},"164":{"start":{"line":165,"column":0},"end":{"line":165,"column":3}},"165":{"start":{"line":166,"column":0},"end":{"line":166,"column":36}},"166":{"start":{"line":167,"column":0},"end":{"line":167,"column":1}},"174":{"start":{"line":175,"column":0},"end":{"line":175,"column":69}},"175":{"start":{"line":176,"column":0},"end":{"line":176,"column":24}},"176":{"start":{"line":177,"column":0},"end":{"line":177,"column":24}},"179":{"start":{"line":180,"column":0},"end":{"line":180,"column":66}},"182":{"start":{"line":183,"column":0},"end":{"line":183,"column":32}},"183":{"start":{"line":184,"column":0},"end":{"line":184,"column":34}},"184":{"start":{"line":185,"column":0},"end":{"line":185,"column":22}},"185":{"start":{"line":186,"column":0},"end":{"line":186,"column":27}},"186":{"start":{"line":187,"column":0},"end":{"line":187,"column":27}},"187":{"start":{"line":188,"column":0},"end":{"line":188,"column":16}},"188":{"start":{"line":189,"column":0},"end":{"line":189,"column":11}},"189":{"start":{"line":190,"column":0},"end":{"line":190,"column":40}},"190":{"start":{"line":191,"column":0},"end":{"line":191,"column":14}},"191":{"start":{"line":192,"column":0},"end":{"line":192,"column":56}},"192":{"start":{"line":193,"column":0},"end":{"line":193,"column":7}},"193":{"start":{"line":194,"column":0},"end":{"line":194,"column":5}},"194":{"start":{"line":195,"column":0},"end":{"line":195,"column":3}},"196":{"start":{"line":197,"column":0},"end":{"line":197,"column":12}},"197":{"start":{"line":198,"column":0},"end":{"line":198,"column":1}},"206":{"start":{"line":207,"column":0},"end":{"line":207,"column":91}},"207":{"start":{"line":208,"column":0},"end":{"line":208,"column":22}},"208":{"start":{"line":209,"column":0},"end":{"line":209,"column":22}},"209":{"start":{"line":210,"column":0},"end":{"line":210,"column":22}},"210":{"start":{"line":211,"column":0},"end":{"line":211,"column":22}},"212":{"start":{"line":213,"column":0},"end":{"line":213,"column":26}},"213":{"start":{"line":214,"column":0},"end":{"line":214,"column":38}},"214":{"start":{"line":215,"column":0},"end":{"line":215,"column":25}},"215":{"start":{"line":216,"column":0},"end":{"line":216,"column":25}},"216":{"start":{"line":217,"column":0},"end":{"line":217,"column":14}},"217":{"start":{"line":218,"column":0},"end":{"line":218,"column":9}},"219":{"start":{"line":220,"column":0},"end":{"line":220,"column":36}},"220":{"start":{"line":221,"column":0},"end":{"line":221,"column":36}},"221":{"start":{"line":222,"column":0},"end":{"line":222,"column":10}},"222":{"start":{"line":223,"column":0},"end":{"line":223,"column":10}},"223":{"start":{"line":224,"column":0},"end":{"line":224,"column":82}},"225":{"start":{"line":226,"column":0},"end":{"line":226,"column":34}},"226":{"start":{"line":227,"column":0},"end":{"line":227,"column":36}},"227":{"start":{"line":228,"column":0},"end":{"line":228,"column":10}},"228":{"start":{"line":229,"column":0},"end":{"line":229,"column":12}},"230":{"start":{"line":231,"column":0},"end":{"line":231,"column":36}},"231":{"start":{"line":232,"column":0},"end":{"line":232,"column":34}},"232":{"start":{"line":233,"column":0},"end":{"line":233,"column":10}},"233":{"start":{"line":234,"column":0},"end":{"line":234,"column":5}},"234":{"start":{"line":235,"column":0},"end":{"line":235,"column":3}},"236":{"start":{"line":237,"column":0},"end":{"line":237,"column":30}},"237":{"start":{"line":238,"column":0},"end":{"line":238,"column":1}},"246":{"start":{"line":247,"column":0},"end":{"line":247,"column":71}},"248":{"start":{"line":249,"column":0},"end":{"line":249,"column":26}},"249":{"start":{"line":250,"column":0},"end":{"line":250,"column":12}},"250":{"start":{"line":251,"column":0},"end":{"line":251,"column":41}},"251":{"start":{"line":252,"column":0},"end":{"line":252,"column":15}},"252":{"start":{"line":253,"column":0},"end":{"line":253,"column":6}},"253":{"start":{"line":254,"column":0},"end":{"line":254,"column":3}},"255":{"start":{"line":256,"column":0},"end":{"line":256,"column":26}},"256":{"start":{"line":257,"column":0},"end":{"line":257,"column":12}},"257":{"start":{"line":258,"column":0},"end":{"line":258,"column":16}},"258":{"start":{"line":259,"column":0},"end":{"line":259,"column":40}},"259":{"start":{"line":260,"column":0},"end":{"line":260,"column":6}},"260":{"start":{"line":261,"column":0},"end":{"line":261,"column":3}},"263":{"start":{"line":264,"column":0},"end":{"line":264,"column":57}},"266":{"start":{"line":267,"column":0},"end":{"line":267,"column":59}},"267":{"start":{"line":268,"column":0},"end":{"line":268,"column":1}},"270":{"start":{"line":271,"column":0},"end":{"line":271,"column":29}},"274":{"start":{"line":275,"column":0},"end":{"line":275,"column":4}},"275":{"start":{"line":276,"column":0},"end":{"line":276,"column":38}},"278":{"start":{"line":279,"column":0},"end":{"line":279,"column":40}},"279":{"start":{"line":280,"column":0},"end":{"line":280,"column":26}},"280":{"start":{"line":281,"column":0},"end":{"line":281,"column":33}},"281":{"start":{"line":282,"column":0},"end":{"line":282,"column":32}},"282":{"start":{"line":283,"column":0},"end":{"line":283,"column":5}},"283":{"start":{"line":284,"column":0},"end":{"line":284,"column":38}},"284":{"start":{"line":285,"column":0},"end":{"line":285,"column":5}},"286":{"start":{"line":287,"column":0},"end":{"line":287,"column":40}},"287":{"start":{"line":288,"column":0},"end":{"line":288,"column":26}},"288":{"start":{"line":289,"column":0},"end":{"line":289,"column":33}},"289":{"start":{"line":290,"column":0},"end":{"line":290,"column":32}},"290":{"start":{"line":291,"column":0},"end":{"line":291,"column":5}},"291":{"start":{"line":292,"column":0},"end":{"line":292,"column":38}},"292":{"start":{"line":293,"column":0},"end":{"line":293,"column":5}},"295":{"start":{"line":296,"column":0},"end":{"line":296,"column":28}},"296":{"start":{"line":297,"column":0},"end":{"line":297,"column":28}},"297":{"start":{"line":298,"column":0},"end":{"line":298,"column":42}},"298":{"start":{"line":299,"column":0},"end":{"line":299,"column":39}},"301":{"start":{"line":302,"column":0},"end":{"line":302,"column":33}},"302":{"start":{"line":303,"column":0},"end":{"line":303,"column":27}},"303":{"start":{"line":304,"column":0},"end":{"line":304,"column":31}},"304":{"start":{"line":305,"column":0},"end":{"line":305,"column":15}},"305":{"start":{"line":306,"column":0},"end":{"line":306,"column":5}},"306":{"start":{"line":307,"column":0},"end":{"line":307,"column":25}},"307":{"start":{"line":308,"column":0},"end":{"line":308,"column":38}},"308":{"start":{"line":309,"column":0},"end":{"line":309,"column":38}},"309":{"start":{"line":310,"column":0},"end":{"line":310,"column":45}},"310":{"start":{"line":311,"column":0},"end":{"line":311,"column":30}},"311":{"start":{"line":312,"column":0},"end":{"line":312,"column":5}},"312":{"start":{"line":313,"column":0},"end":{"line":313,"column":45}},"313":{"start":{"line":314,"column":0},"end":{"line":314,"column":30}},"314":{"start":{"line":315,"column":0},"end":{"line":315,"column":5}},"315":{"start":{"line":316,"column":0},"end":{"line":316,"column":29}},"316":{"start":{"line":317,"column":0},"end":{"line":317,"column":29}},"317":{"start":{"line":318,"column":0},"end":{"line":318,"column":3}},"319":{"start":{"line":320,"column":0},"end":{"line":320,"column":28}},"320":{"start":{"line":321,"column":0},"end":{"line":321,"column":1}},"327":{"start":{"line":328,"column":0},"end":{"line":328,"column":50}},"328":{"start":{"line":329,"column":0},"end":{"line":329,"column":51}},"330":{"start":{"line":331,"column":0},"end":{"line":331,"column":50}},"331":{"start":{"line":332,"column":0},"end":{"line":332,"column":71}},"332":{"start":{"line":333,"column":0},"end":{"line":333,"column":13}},"333":{"start":{"line":334,"column":0},"end":{"line":334,"column":5}},"334":{"start":{"line":335,"column":0},"end":{"line":335,"column":37}},"335":{"start":{"line":336,"column":0},"end":{"line":336,"column":28}},"336":{"start":{"line":337,"column":0},"end":{"line":337,"column":13}},"337":{"start":{"line":338,"column":0},"end":{"line":338,"column":5}},"338":{"start":{"line":339,"column":0},"end":{"line":339,"column":53}},"339":{"start":{"line":340,"column":0},"end":{"line":340,"column":17}},"340":{"start":{"line":341,"column":0},"end":{"line":341,"column":17}},"341":{"start":{"line":342,"column":0},"end":{"line":342,"column":24}},"342":{"start":{"line":343,"column":0},"end":{"line":343,"column":42}},"343":{"start":{"line":344,"column":0},"end":{"line":344,"column":14}},"344":{"start":{"line":345,"column":0},"end":{"line":345,"column":29}},"345":{"start":{"line":346,"column":0},"end":{"line":346,"column":7}},"346":{"start":{"line":347,"column":0},"end":{"line":347,"column":5}},"347":{"start":{"line":348,"column":0},"end":{"line":348,"column":3}},"349":{"start":{"line":350,"column":0},"end":{"line":350,"column":17}},"351":{"start":{"line":352,"column":0},"end":{"line":352,"column":59}},"352":{"start":{"line":353,"column":0},"end":{"line":353,"column":45}},"353":{"start":{"line":354,"column":0},"end":{"line":354,"column":47}},"355":{"start":{"line":356,"column":0},"end":{"line":356,"column":36}},"356":{"start":{"line":357,"column":0},"end":{"line":357,"column":1}},"364":{"start":{"line":365,"column":0},"end":{"line":365,"column":26}},"365":{"start":{"line":366,"column":0},"end":{"line":366,"column":22}},"366":{"start":{"line":367,"column":0},"end":{"line":367,"column":14}},"367":{"start":{"line":368,"column":0},"end":{"line":368,"column":23}},"368":{"start":{"line":369,"column":0},"end":{"line":369,"column":31}},"369":{"start":{"line":370,"column":0},"end":{"line":370,"column":21}},"370":{"start":{"line":371,"column":0},"end":{"line":371,"column":3}},"372":{"start":{"line":373,"column":0},"end":{"line":373,"column":34}},"373":{"start":{"line":374,"column":0},"end":{"line":374,"column":31}},"376":{"start":{"line":377,"column":0},"end":{"line":377,"column":37}},"378":{"start":{"line":379,"column":0},"end":{"line":379,"column":46}},"381":{"start":{"line":382,"column":0},"end":{"line":382,"column":27}},"382":{"start":{"line":383,"column":0},"end":{"line":383,"column":22}},"383":{"start":{"line":384,"column":0},"end":{"line":384,"column":5}},"386":{"start":{"line":387,"column":0},"end":{"line":387,"column":78}},"387":{"start":{"line":388,"column":0},"end":{"line":388,"column":15}},"388":{"start":{"line":389,"column":0},"end":{"line":389,"column":5}},"391":{"start":{"line":392,"column":0},"end":{"line":392,"column":23}},"394":{"start":{"line":395,"column":0},"end":{"line":395,"column":79}},"396":{"start":{"line":397,"column":0},"end":{"line":397,"column":38}},"397":{"start":{"line":398,"column":0},"end":{"line":398,"column":24}},"398":{"start":{"line":399,"column":0},"end":{"line":399,"column":14}},"399":{"start":{"line":400,"column":0},"end":{"line":400,"column":7}},"402":{"start":{"line":403,"column":0},"end":{"line":403,"column":33}},"403":{"start":{"line":404,"column":0},"end":{"line":404,"column":24}},"404":{"start":{"line":405,"column":0},"end":{"line":405,"column":14}},"405":{"start":{"line":406,"column":0},"end":{"line":406,"column":7}},"408":{"start":{"line":409,"column":0},"end":{"line":409,"column":37}},"409":{"start":{"line":410,"column":0},"end":{"line":410,"column":17}},"410":{"start":{"line":411,"column":0},"end":{"line":411,"column":7}},"413":{"start":{"line":414,"column":0},"end":{"line":414,"column":45}},"414":{"start":{"line":415,"column":0},"end":{"line":415,"column":24}},"415":{"start":{"line":416,"column":0},"end":{"line":416,"column":14}},"416":{"start":{"line":417,"column":0},"end":{"line":417,"column":7}},"417":{"start":{"line":418,"column":0},"end":{"line":418,"column":5}},"420":{"start":{"line":421,"column":0},"end":{"line":421,"column":18}},"421":{"start":{"line":422,"column":0},"end":{"line":422,"column":29}},"422":{"start":{"line":423,"column":0},"end":{"line":423,"column":5}},"423":{"start":{"line":424,"column":0},"end":{"line":424,"column":3}},"424":{"start":{"line":425,"column":0},"end":{"line":425,"column":27}},"426":{"start":{"line":427,"column":0},"end":{"line":427,"column":40}},"427":{"start":{"line":428,"column":0},"end":{"line":428,"column":42}},"428":{"start":{"line":429,"column":0},"end":{"line":429,"column":37}},"429":{"start":{"line":430,"column":0},"end":{"line":430,"column":32}},"430":{"start":{"line":431,"column":0},"end":{"line":431,"column":19}},"431":{"start":{"line":432,"column":0},"end":{"line":432,"column":47}},"432":{"start":{"line":433,"column":0},"end":{"line":433,"column":37}},"433":{"start":{"line":434,"column":0},"end":{"line":434,"column":33}},"434":{"start":{"line":435,"column":0},"end":{"line":435,"column":40}},"435":{"start":{"line":436,"column":0},"end":{"line":436,"column":7}},"436":{"start":{"line":437,"column":0},"end":{"line":437,"column":5}},"437":{"start":{"line":438,"column":0},"end":{"line":438,"column":32}},"438":{"start":{"line":439,"column":0},"end":{"line":439,"column":3}},"439":{"start":{"line":440,"column":0},"end":{"line":440,"column":19}},"440":{"start":{"line":441,"column":0},"end":{"line":441,"column":1}},"442":{"start":{"line":443,"column":0},"end":{"line":443,"column":34}},"443":{"start":{"line":444,"column":0},"end":{"line":444,"column":67}},"444":{"start":{"line":445,"column":0},"end":{"line":445,"column":1}},"446":{"start":{"line":447,"column":0},"end":{"line":447,"column":37}},"453":{"start":{"line":454,"column":0},"end":{"line":454,"column":4}},"454":{"start":{"line":455,"column":0},"end":{"line":455,"column":73}},"456":{"start":{"line":457,"column":0},"end":{"line":457,"column":59}},"457":{"start":{"line":458,"column":0},"end":{"line":458,"column":19}},"458":{"start":{"line":459,"column":0},"end":{"line":459,"column":47}},"460":{"start":{"line":461,"column":0},"end":{"line":461,"column":49}},"461":{"start":{"line":462,"column":0},"end":{"line":462,"column":23}},"462":{"start":{"line":463,"column":0},"end":{"line":463,"column":25}},"463":{"start":{"line":464,"column":0},"end":{"line":464,"column":31}},"464":{"start":{"line":465,"column":0},"end":{"line":465,"column":23}},"465":{"start":{"line":466,"column":0},"end":{"line":466,"column":5}},"466":{"start":{"line":467,"column":0},"end":{"line":467,"column":3}},"467":{"start":{"line":468,"column":0},"end":{"line":468,"column":19}},"468":{"start":{"line":469,"column":0},"end":{"line":469,"column":1}},"470":{"start":{"line":471,"column":0},"end":{"line":471,"column":40}},"471":{"start":{"line":472,"column":0},"end":{"line":472,"column":47}},"472":{"start":{"line":473,"column":0},"end":{"line":473,"column":1}},"474":{"start":{"line":475,"column":0},"end":{"line":475,"column":80}},"475":{"start":{"line":476,"column":0},"end":{"line":476,"column":19}},"476":{"start":{"line":477,"column":0},"end":{"line":477,"column":19}},"477":{"start":{"line":478,"column":0},"end":{"line":478,"column":3}},"478":{"start":{"line":479,"column":0},"end":{"line":479,"column":6}},"479":{"start":{"line":480,"column":0},"end":{"line":480,"column":52}},"480":{"start":{"line":481,"column":0},"end":{"line":481,"column":49}},"481":{"start":{"line":482,"column":0},"end":{"line":482,"column":5}},"482":{"start":{"line":483,"column":0},"end":{"line":483,"column":16}},"483":{"start":{"line":484,"column":0},"end":{"line":484,"column":3}},"485":{"start":{"line":486,"column":0},"end":{"line":486,"column":17}},"486":{"start":{"line":487,"column":0},"end":{"line":487,"column":1}},"505":{"start":{"line":506,"column":0},"end":{"line":506,"column":50}},"506":{"start":{"line":507,"column":0},"end":{"line":507,"column":48}},"507":{"start":{"line":508,"column":0},"end":{"line":508,"column":49}},"509":{"start":{"line":510,"column":0},"end":{"line":510,"column":50}},"510":{"start":{"line":511,"column":0},"end":{"line":511,"column":8}},"511":{"start":{"line":512,"column":0},"end":{"line":512,"column":32}},"512":{"start":{"line":513,"column":0},"end":{"line":513,"column":21}},"513":{"start":{"line":514,"column":0},"end":{"line":514,"column":26}},"514":{"start":{"line":515,"column":0},"end":{"line":515,"column":25}},"515":{"start":{"line":516,"column":0},"end":{"line":516,"column":7}},"516":{"start":{"line":517,"column":0},"end":{"line":517,"column":24}},"517":{"start":{"line":518,"column":0},"end":{"line":518,"column":15}},"518":{"start":{"line":519,"column":0},"end":{"line":519,"column":39}},"519":{"start":{"line":520,"column":0},"end":{"line":520,"column":47}},"520":{"start":{"line":521,"column":0},"end":{"line":521,"column":14}},"521":{"start":{"line":522,"column":0},"end":{"line":522,"column":33}},"522":{"start":{"line":523,"column":0},"end":{"line":523,"column":7}},"523":{"start":{"line":524,"column":0},"end":{"line":524,"column":13}},"524":{"start":{"line":525,"column":0},"end":{"line":525,"column":5}},"526":{"start":{"line":527,"column":0},"end":{"line":527,"column":53}},"527":{"start":{"line":528,"column":0},"end":{"line":528,"column":52}},"528":{"start":{"line":529,"column":0},"end":{"line":529,"column":41}},"529":{"start":{"line":530,"column":0},"end":{"line":530,"column":17}},"530":{"start":{"line":531,"column":0},"end":{"line":531,"column":17}},"531":{"start":{"line":532,"column":0},"end":{"line":532,"column":36}},"532":{"start":{"line":533,"column":0},"end":{"line":533,"column":25}},"533":{"start":{"line":534,"column":0},"end":{"line":534,"column":30}},"534":{"start":{"line":535,"column":0},"end":{"line":535,"column":30}},"535":{"start":{"line":536,"column":0},"end":{"line":536,"column":9}},"536":{"start":{"line":537,"column":0},"end":{"line":537,"column":44}},"537":{"start":{"line":538,"column":0},"end":{"line":538,"column":33}},"538":{"start":{"line":539,"column":0},"end":{"line":539,"column":14}},"539":{"start":{"line":540,"column":0},"end":{"line":540,"column":34}},"540":{"start":{"line":541,"column":0},"end":{"line":541,"column":52}},"541":{"start":{"line":542,"column":0},"end":{"line":542,"column":16}},"542":{"start":{"line":543,"column":0},"end":{"line":543,"column":52}},"543":{"start":{"line":544,"column":0},"end":{"line":544,"column":9}},"544":{"start":{"line":545,"column":0},"end":{"line":545,"column":7}},"545":{"start":{"line":546,"column":0},"end":{"line":546,"column":5}},"546":{"start":{"line":547,"column":0},"end":{"line":547,"column":3}},"548":{"start":{"line":549,"column":0},"end":{"line":549,"column":17}},"550":{"start":{"line":551,"column":0},"end":{"line":551,"column":53}},"551":{"start":{"line":552,"column":0},"end":{"line":552,"column":45}},"552":{"start":{"line":553,"column":0},"end":{"line":553,"column":47}},"554":{"start":{"line":555,"column":0},"end":{"line":555,"column":65}},"555":{"start":{"line":556,"column":0},"end":{"line":556,"column":45}},"556":{"start":{"line":557,"column":0},"end":{"line":557,"column":47}},"558":{"start":{"line":559,"column":0},"end":{"line":559,"column":72}},"559":{"start":{"line":560,"column":0},"end":{"line":560,"column":1}},"562":{"start":{"line":563,"column":0},"end":{"line":563,"column":24}},"563":{"start":{"line":564,"column":0},"end":{"line":564,"column":23}},"564":{"start":{"line":565,"column":0},"end":{"line":565,"column":19}},"565":{"start":{"line":566,"column":0},"end":{"line":566,"column":28}},"566":{"start":{"line":567,"column":0},"end":{"line":567,"column":3}},"567":{"start":{"line":568,"column":0},"end":{"line":568,"column":34}},"568":{"start":{"line":569,"column":0},"end":{"line":569,"column":38}},"569":{"start":{"line":570,"column":0},"end":{"line":570,"column":16}},"570":{"start":{"line":571,"column":0},"end":{"line":571,"column":36}},"571":{"start":{"line":572,"column":0},"end":{"line":572,"column":28}},"572":{"start":{"line":573,"column":0},"end":{"line":573,"column":43}},"573":{"start":{"line":574,"column":0},"end":{"line":574,"column":76}},"575":{"start":{"line":576,"column":0},"end":{"line":576,"column":14}},"576":{"start":{"line":577,"column":0},"end":{"line":577,"column":42}},"577":{"start":{"line":578,"column":0},"end":{"line":578,"column":7}},"578":{"start":{"line":579,"column":0},"end":{"line":579,"column":20}},"579":{"start":{"line":580,"column":0},"end":{"line":580,"column":5}},"580":{"start":{"line":581,"column":0},"end":{"line":581,"column":10}},"581":{"start":{"line":582,"column":0},"end":{"line":582,"column":28}},"582":{"start":{"line":583,"column":0},"end":{"line":583,"column":43}},"584":{"start":{"line":585,"column":0},"end":{"line":585,"column":71}},"585":{"start":{"line":586,"column":0},"end":{"line":586,"column":40}},"586":{"start":{"line":587,"column":0},"end":{"line":587,"column":14}},"587":{"start":{"line":588,"column":0},"end":{"line":588,"column":42}},"588":{"start":{"line":589,"column":0},"end":{"line":589,"column":7}},"589":{"start":{"line":590,"column":0},"end":{"line":590,"column":20}},"590":{"start":{"line":591,"column":0},"end":{"line":591,"column":5}},"591":{"start":{"line":592,"column":0},"end":{"line":592,"column":3}},"592":{"start":{"line":593,"column":0},"end":{"line":593,"column":1}},"602":{"start":{"line":603,"column":0},"end":{"line":603,"column":28}},"603":{"start":{"line":604,"column":0},"end":{"line":604,"column":11}},"604":{"start":{"line":605,"column":0},"end":{"line":605,"column":11}},"605":{"start":{"line":606,"column":0},"end":{"line":606,"column":51}},"606":{"start":{"line":607,"column":0},"end":{"line":607,"column":29}},"607":{"start":{"line":608,"column":0},"end":{"line":608,"column":3}},"608":{"start":{"line":609,"column":0},"end":{"line":609,"column":58}},"609":{"start":{"line":610,"column":0},"end":{"line":610,"column":45}},"610":{"start":{"line":611,"column":0},"end":{"line":611,"column":45}},"612":{"start":{"line":613,"column":0},"end":{"line":613,"column":9}},"613":{"start":{"line":614,"column":0},"end":{"line":614,"column":33}},"614":{"start":{"line":615,"column":0},"end":{"line":615,"column":42}},"615":{"start":{"line":616,"column":0},"end":{"line":616,"column":38}},"616":{"start":{"line":617,"column":0},"end":{"line":617,"column":40}},"617":{"start":{"line":618,"column":0},"end":{"line":618,"column":9}},"618":{"start":{"line":619,"column":0},"end":{"line":619,"column":33}},"619":{"start":{"line":620,"column":0},"end":{"line":620,"column":42}},"620":{"start":{"line":621,"column":0},"end":{"line":621,"column":38}},"621":{"start":{"line":622,"column":0},"end":{"line":622,"column":40}},"627":{"start":{"line":628,"column":0},"end":{"line":628,"column":34}},"628":{"start":{"line":629,"column":0},"end":{"line":629,"column":12}},"629":{"start":{"line":630,"column":0},"end":{"line":630,"column":10}},"630":{"start":{"line":631,"column":0},"end":{"line":631,"column":68}},"631":{"start":{"line":632,"column":0},"end":{"line":632,"column":8}},"632":{"start":{"line":633,"column":0},"end":{"line":633,"column":35}},"633":{"start":{"line":634,"column":0},"end":{"line":634,"column":72}},"634":{"start":{"line":635,"column":0},"end":{"line":635,"column":7}},"636":{"start":{"line":637,"column":0},"end":{"line":637,"column":13}},"637":{"start":{"line":638,"column":0},"end":{"line":638,"column":37}},"638":{"start":{"line":639,"column":0},"end":{"line":639,"column":74}},"639":{"start":{"line":640,"column":0},"end":{"line":640,"column":9}},"640":{"start":{"line":641,"column":0},"end":{"line":641,"column":45}},"641":{"start":{"line":642,"column":0},"end":{"line":642,"column":48}},"642":{"start":{"line":643,"column":0},"end":{"line":643,"column":24}},"643":{"start":{"line":644,"column":0},"end":{"line":644,"column":15}},"644":{"start":{"line":645,"column":0},"end":{"line":645,"column":21}},"645":{"start":{"line":646,"column":0},"end":{"line":646,"column":43}},"646":{"start":{"line":647,"column":0},"end":{"line":647,"column":28}},"647":{"start":{"line":648,"column":0},"end":{"line":648,"column":16}},"648":{"start":{"line":649,"column":0},"end":{"line":649,"column":30}},"649":{"start":{"line":650,"column":0},"end":{"line":650,"column":30}},"650":{"start":{"line":651,"column":0},"end":{"line":651,"column":21}},"651":{"start":{"line":652,"column":0},"end":{"line":652,"column":17}},"652":{"start":{"line":653,"column":0},"end":{"line":653,"column":12}},"653":{"start":{"line":654,"column":0},"end":{"line":654,"column":11}},"654":{"start":{"line":655,"column":0},"end":{"line":655,"column":25}},"655":{"start":{"line":656,"column":0},"end":{"line":656,"column":52}},"656":{"start":{"line":657,"column":0},"end":{"line":657,"column":19}},"657":{"start":{"line":658,"column":0},"end":{"line":658,"column":24}},"658":{"start":{"line":659,"column":0},"end":{"line":659,"column":78}},"659":{"start":{"line":660,"column":0},"end":{"line":660,"column":11}},"660":{"start":{"line":661,"column":0},"end":{"line":661,"column":53}},"661":{"start":{"line":662,"column":0},"end":{"line":662,"column":16}},"662":{"start":{"line":663,"column":0},"end":{"line":663,"column":51}},"663":{"start":{"line":664,"column":0},"end":{"line":664,"column":9}},"665":{"start":{"line":666,"column":0},"end":{"line":666,"column":12}},"666":{"start":{"line":667,"column":0},"end":{"line":667,"column":7}},"667":{"start":{"line":668,"column":0},"end":{"line":668,"column":15}},"668":{"start":{"line":669,"column":0},"end":{"line":669,"column":35}},"669":{"start":{"line":670,"column":0},"end":{"line":670,"column":72}},"670":{"start":{"line":671,"column":0},"end":{"line":671,"column":7}},"672":{"start":{"line":673,"column":0},"end":{"line":673,"column":13}},"673":{"start":{"line":674,"column":0},"end":{"line":674,"column":37}},"674":{"start":{"line":675,"column":0},"end":{"line":675,"column":74}},"675":{"start":{"line":676,"column":0},"end":{"line":676,"column":9}},"676":{"start":{"line":677,"column":0},"end":{"line":677,"column":45}},"677":{"start":{"line":678,"column":0},"end":{"line":678,"column":48}},"678":{"start":{"line":679,"column":0},"end":{"line":679,"column":24}},"679":{"start":{"line":680,"column":0},"end":{"line":680,"column":15}},"680":{"start":{"line":681,"column":0},"end":{"line":681,"column":21}},"681":{"start":{"line":682,"column":0},"end":{"line":682,"column":28}},"682":{"start":{"line":683,"column":0},"end":{"line":683,"column":43}},"683":{"start":{"line":684,"column":0},"end":{"line":684,"column":16}},"684":{"start":{"line":685,"column":0},"end":{"line":685,"column":30}},"685":{"start":{"line":686,"column":0},"end":{"line":686,"column":30}},"686":{"start":{"line":687,"column":0},"end":{"line":687,"column":21}},"687":{"start":{"line":688,"column":0},"end":{"line":688,"column":17}},"688":{"start":{"line":689,"column":0},"end":{"line":689,"column":12}},"689":{"start":{"line":690,"column":0},"end":{"line":690,"column":11}},"690":{"start":{"line":691,"column":0},"end":{"line":691,"column":25}},"691":{"start":{"line":692,"column":0},"end":{"line":692,"column":52}},"692":{"start":{"line":693,"column":0},"end":{"line":693,"column":19}},"693":{"start":{"line":694,"column":0},"end":{"line":694,"column":24}},"694":{"start":{"line":695,"column":0},"end":{"line":695,"column":78}},"695":{"start":{"line":696,"column":0},"end":{"line":696,"column":11}},"696":{"start":{"line":697,"column":0},"end":{"line":697,"column":53}},"697":{"start":{"line":698,"column":0},"end":{"line":698,"column":16}},"698":{"start":{"line":699,"column":0},"end":{"line":699,"column":51}},"699":{"start":{"line":700,"column":0},"end":{"line":700,"column":9}},"700":{"start":{"line":701,"column":0},"end":{"line":701,"column":12}},"701":{"start":{"line":702,"column":0},"end":{"line":702,"column":7}},"702":{"start":{"line":703,"column":0},"end":{"line":703,"column":12}},"703":{"start":{"line":704,"column":0},"end":{"line":704,"column":43}},"704":{"start":{"line":705,"column":0},"end":{"line":705,"column":46}},"705":{"start":{"line":706,"column":0},"end":{"line":706,"column":22}},"706":{"start":{"line":707,"column":0},"end":{"line":707,"column":13}},"707":{"start":{"line":708,"column":0},"end":{"line":708,"column":19}},"708":{"start":{"line":709,"column":0},"end":{"line":709,"column":41}},"709":{"start":{"line":710,"column":0},"end":{"line":710,"column":41}},"710":{"start":{"line":711,"column":0},"end":{"line":711,"column":14}},"711":{"start":{"line":712,"column":0},"end":{"line":712,"column":28}},"712":{"start":{"line":713,"column":0},"end":{"line":713,"column":28}},"713":{"start":{"line":714,"column":0},"end":{"line":714,"column":19}},"714":{"start":{"line":715,"column":0},"end":{"line":715,"column":15}},"715":{"start":{"line":716,"column":0},"end":{"line":716,"column":10}},"716":{"start":{"line":717,"column":0},"end":{"line":717,"column":9}},"719":{"start":{"line":720,"column":0},"end":{"line":720,"column":23}},"720":{"start":{"line":721,"column":0},"end":{"line":721,"column":50}},"721":{"start":{"line":722,"column":0},"end":{"line":722,"column":17}},"722":{"start":{"line":723,"column":0},"end":{"line":723,"column":31}},"723":{"start":{"line":724,"column":0},"end":{"line":724,"column":35}},"724":{"start":{"line":725,"column":0},"end":{"line":725,"column":35}},"725":{"start":{"line":726,"column":0},"end":{"line":726,"column":29}},"726":{"start":{"line":727,"column":0},"end":{"line":727,"column":9}},"727":{"start":{"line":728,"column":0},"end":{"line":728,"column":9}},"728":{"start":{"line":729,"column":0},"end":{"line":729,"column":51}},"729":{"start":{"line":730,"column":0},"end":{"line":730,"column":14}},"730":{"start":{"line":731,"column":0},"end":{"line":731,"column":49}},"731":{"start":{"line":732,"column":0},"end":{"line":732,"column":7}},"732":{"start":{"line":733,"column":0},"end":{"line":733,"column":10}},"733":{"start":{"line":734,"column":0},"end":{"line":734,"column":10}},"734":{"start":{"line":735,"column":0},"end":{"line":735,"column":5}},"735":{"start":{"line":736,"column":0},"end":{"line":736,"column":3}},"736":{"start":{"line":737,"column":0},"end":{"line":737,"column":38}},"737":{"start":{"line":738,"column":0},"end":{"line":738,"column":44}},"738":{"start":{"line":739,"column":0},"end":{"line":739,"column":20}},"739":{"start":{"line":740,"column":0},"end":{"line":740,"column":36}},"740":{"start":{"line":741,"column":0},"end":{"line":741,"column":17}},"741":{"start":{"line":742,"column":0},"end":{"line":742,"column":39}},"742":{"start":{"line":743,"column":0},"end":{"line":743,"column":24}},"743":{"start":{"line":744,"column":0},"end":{"line":744,"column":12}},"744":{"start":{"line":745,"column":0},"end":{"line":745,"column":26}},"745":{"start":{"line":746,"column":0},"end":{"line":746,"column":26}},"746":{"start":{"line":747,"column":0},"end":{"line":747,"column":17}},"747":{"start":{"line":748,"column":0},"end":{"line":748,"column":38}},"748":{"start":{"line":749,"column":0},"end":{"line":749,"column":8}},"749":{"start":{"line":750,"column":0},"end":{"line":750,"column":7}},"750":{"start":{"line":751,"column":0},"end":{"line":751,"column":78}},"751":{"start":{"line":752,"column":0},"end":{"line":752,"column":8}},"752":{"start":{"line":753,"column":0},"end":{"line":753,"column":3}},"753":{"start":{"line":754,"column":0},"end":{"line":754,"column":38}},"754":{"start":{"line":755,"column":0},"end":{"line":755,"column":44}},"755":{"start":{"line":756,"column":0},"end":{"line":756,"column":20}},"756":{"start":{"line":757,"column":0},"end":{"line":757,"column":36}},"757":{"start":{"line":758,"column":0},"end":{"line":758,"column":17}},"758":{"start":{"line":759,"column":0},"end":{"line":759,"column":39}},"759":{"start":{"line":760,"column":0},"end":{"line":760,"column":24}},"760":{"start":{"line":761,"column":0},"end":{"line":761,"column":12}},"761":{"start":{"line":762,"column":0},"end":{"line":762,"column":26}},"762":{"start":{"line":763,"column":0},"end":{"line":763,"column":26}},"763":{"start":{"line":764,"column":0},"end":{"line":764,"column":17}},"764":{"start":{"line":765,"column":0},"end":{"line":765,"column":38}},"765":{"start":{"line":766,"column":0},"end":{"line":766,"column":8}},"766":{"start":{"line":767,"column":0},"end":{"line":767,"column":7}},"767":{"start":{"line":768,"column":0},"end":{"line":768,"column":78}},"768":{"start":{"line":769,"column":0},"end":{"line":769,"column":8}},"769":{"start":{"line":770,"column":0},"end":{"line":770,"column":3}},"772":{"start":{"line":773,"column":0},"end":{"line":773,"column":35}},"773":{"start":{"line":774,"column":0},"end":{"line":774,"column":13}},"774":{"start":{"line":775,"column":0},"end":{"line":775,"column":47}},"775":{"start":{"line":776,"column":0},"end":{"line":776,"column":47}},"776":{"start":{"line":777,"column":0},"end":{"line":777,"column":7}},"777":{"start":{"line":778,"column":0},"end":{"line":778,"column":4}},"779":{"start":{"line":780,"column":0},"end":{"line":780,"column":50}},"780":{"start":{"line":781,"column":0},"end":{"line":781,"column":34}},"781":{"start":{"line":782,"column":0},"end":{"line":782,"column":42}},"782":{"start":{"line":783,"column":0},"end":{"line":783,"column":42}},"783":{"start":{"line":784,"column":0},"end":{"line":784,"column":44}},"784":{"start":{"line":785,"column":0},"end":{"line":785,"column":20}},"785":{"start":{"line":786,"column":0},"end":{"line":786,"column":11}},"786":{"start":{"line":787,"column":0},"end":{"line":787,"column":17}},"787":{"start":{"line":788,"column":0},"end":{"line":788,"column":17}},"788":{"start":{"line":789,"column":0},"end":{"line":789,"column":17}},"789":{"start":{"line":790,"column":0},"end":{"line":790,"column":12}},"790":{"start":{"line":791,"column":0},"end":{"line":791,"column":26}},"791":{"start":{"line":792,"column":0},"end":{"line":792,"column":26}},"792":{"start":{"line":793,"column":0},"end":{"line":793,"column":17}},"793":{"start":{"line":794,"column":0},"end":{"line":794,"column":13}},"794":{"start":{"line":795,"column":0},"end":{"line":795,"column":8}},"795":{"start":{"line":796,"column":0},"end":{"line":796,"column":7}},"796":{"start":{"line":797,"column":0},"end":{"line":797,"column":21}},"797":{"start":{"line":798,"column":0},"end":{"line":798,"column":33}},"798":{"start":{"line":799,"column":0},"end":{"line":799,"column":65}},"799":{"start":{"line":800,"column":0},"end":{"line":800,"column":32}},"800":{"start":{"line":801,"column":0},"end":{"line":801,"column":65}},"801":{"start":{"line":802,"column":0},"end":{"line":802,"column":32}},"802":{"start":{"line":803,"column":0},"end":{"line":803,"column":5}},"803":{"start":{"line":804,"column":0},"end":{"line":804,"column":3}},"805":{"start":{"line":806,"column":0},"end":{"line":806,"column":38}},"806":{"start":{"line":807,"column":0},"end":{"line":807,"column":1}},"811":{"start":{"line":812,"column":0},"end":{"line":812,"column":28}},"816":{"start":{"line":817,"column":0},"end":{"line":817,"column":28}},"817":{"start":{"line":818,"column":0},"end":{"line":818,"column":60}},"819":{"start":{"line":820,"column":0},"end":{"line":820,"column":55}},"820":{"start":{"line":821,"column":0},"end":{"line":821,"column":21}},"821":{"start":{"line":822,"column":0},"end":{"line":822,"column":3}},"822":{"start":{"line":823,"column":0},"end":{"line":823,"column":35}},"824":{"start":{"line":825,"column":0},"end":{"line":825,"column":52}},"825":{"start":{"line":826,"column":0},"end":{"line":826,"column":18}},"826":{"start":{"line":827,"column":0},"end":{"line":827,"column":18}},"827":{"start":{"line":828,"column":0},"end":{"line":828,"column":26}},"828":{"start":{"line":829,"column":0},"end":{"line":829,"column":7}},"829":{"start":{"line":830,"column":0},"end":{"line":830,"column":38}},"830":{"start":{"line":831,"column":0},"end":{"line":831,"column":41}},"832":{"start":{"line":833,"column":0},"end":{"line":833,"column":51}},"833":{"start":{"line":834,"column":0},"end":{"line":834,"column":12}},"834":{"start":{"line":835,"column":0},"end":{"line":835,"column":12}},"835":{"start":{"line":836,"column":0},"end":{"line":836,"column":17}},"836":{"start":{"line":837,"column":0},"end":{"line":837,"column":6}},"837":{"start":{"line":838,"column":0},"end":{"line":838,"column":38}},"838":{"start":{"line":839,"column":0},"end":{"line":839,"column":3}},"839":{"start":{"line":840,"column":0},"end":{"line":840,"column":19}},"840":{"start":{"line":841,"column":0},"end":{"line":841,"column":1}},"846":{"start":{"line":847,"column":0},"end":{"line":847,"column":37}},"852":{"start":{"line":853,"column":0},"end":{"line":853,"column":4}},"853":{"start":{"line":854,"column":0},"end":{"line":854,"column":9}},"854":{"start":{"line":855,"column":0},"end":{"line":855,"column":10}},"855":{"start":{"line":856,"column":0},"end":{"line":856,"column":10}},"856":{"start":{"line":857,"column":0},"end":{"line":857,"column":20}},"857":{"start":{"line":858,"column":0},"end":{"line":858,"column":21}},"858":{"start":{"line":859,"column":0},"end":{"line":859,"column":23}},"859":{"start":{"line":860,"column":0},"end":{"line":860,"column":12}},"861":{"start":{"line":862,"column":0},"end":{"line":862,"column":70}},"862":{"start":{"line":863,"column":0},"end":{"line":863,"column":21}},"863":{"start":{"line":864,"column":0},"end":{"line":864,"column":4}},"864":{"start":{"line":865,"column":0},"end":{"line":865,"column":74}},"865":{"start":{"line":866,"column":0},"end":{"line":866,"column":21}},"866":{"start":{"line":867,"column":0},"end":{"line":867,"column":4}},"869":{"start":{"line":870,"column":0},"end":{"line":870,"column":53}},"871":{"start":{"line":872,"column":0},"end":{"line":872,"column":38}},"872":{"start":{"line":873,"column":0},"end":{"line":873,"column":79}},"873":{"start":{"line":874,"column":0},"end":{"line":874,"column":76}},"875":{"start":{"line":876,"column":0},"end":{"line":876,"column":44}},"876":{"start":{"line":877,"column":0},"end":{"line":877,"column":35}},"877":{"start":{"line":878,"column":0},"end":{"line":878,"column":24}},"878":{"start":{"line":879,"column":0},"end":{"line":879,"column":24}},"879":{"start":{"line":880,"column":0},"end":{"line":880,"column":34}},"880":{"start":{"line":881,"column":0},"end":{"line":881,"column":44}},"881":{"start":{"line":882,"column":0},"end":{"line":882,"column":22}},"882":{"start":{"line":883,"column":0},"end":{"line":883,"column":77}},"883":{"start":{"line":884,"column":0},"end":{"line":884,"column":9}},"884":{"start":{"line":885,"column":0},"end":{"line":885,"column":21}},"885":{"start":{"line":886,"column":0},"end":{"line":886,"column":31}},"886":{"start":{"line":887,"column":0},"end":{"line":887,"column":31}},"887":{"start":{"line":888,"column":0},"end":{"line":888,"column":7}},"888":{"start":{"line":889,"column":0},"end":{"line":889,"column":27}},"889":{"start":{"line":890,"column":0},"end":{"line":890,"column":24}},"890":{"start":{"line":891,"column":0},"end":{"line":891,"column":24}},"891":{"start":{"line":892,"column":0},"end":{"line":892,"column":35}},"892":{"start":{"line":893,"column":0},"end":{"line":893,"column":25}},"893":{"start":{"line":894,"column":0},"end":{"line":894,"column":27}},"894":{"start":{"line":895,"column":0},"end":{"line":895,"column":9}},"895":{"start":{"line":896,"column":0},"end":{"line":896,"column":5}},"896":{"start":{"line":897,"column":0},"end":{"line":897,"column":3}},"898":{"start":{"line":899,"column":0},"end":{"line":899,"column":53}},"899":{"start":{"line":900,"column":0},"end":{"line":900,"column":42}},"901":{"start":{"line":902,"column":0},"end":{"line":902,"column":24}},"902":{"start":{"line":903,"column":0},"end":{"line":903,"column":43}},"903":{"start":{"line":904,"column":0},"end":{"line":904,"column":46}},"904":{"start":{"line":905,"column":0},"end":{"line":905,"column":29}},"905":{"start":{"line":906,"column":0},"end":{"line":906,"column":26}},"906":{"start":{"line":907,"column":0},"end":{"line":907,"column":10}},"907":{"start":{"line":908,"column":0},"end":{"line":908,"column":80}},"908":{"start":{"line":909,"column":0},"end":{"line":909,"column":37}},"909":{"start":{"line":910,"column":0},"end":{"line":910,"column":29}},"910":{"start":{"line":911,"column":0},"end":{"line":911,"column":29}},"911":{"start":{"line":912,"column":0},"end":{"line":912,"column":36}},"912":{"start":{"line":913,"column":0},"end":{"line":913,"column":46}},"913":{"start":{"line":914,"column":0},"end":{"line":914,"column":24}},"914":{"start":{"line":915,"column":0},"end":{"line":915,"column":79}},"915":{"start":{"line":916,"column":0},"end":{"line":916,"column":11}},"917":{"start":{"line":918,"column":0},"end":{"line":918,"column":23}},"918":{"start":{"line":919,"column":0},"end":{"line":919,"column":36}},"919":{"start":{"line":920,"column":0},"end":{"line":920,"column":36}},"920":{"start":{"line":921,"column":0},"end":{"line":921,"column":9}},"922":{"start":{"line":923,"column":0},"end":{"line":923,"column":29}},"923":{"start":{"line":924,"column":0},"end":{"line":924,"column":27}},"924":{"start":{"line":925,"column":0},"end":{"line":925,"column":29}},"925":{"start":{"line":926,"column":0},"end":{"line":926,"column":29}},"926":{"start":{"line":927,"column":0},"end":{"line":927,"column":29}},"927":{"start":{"line":928,"column":0},"end":{"line":928,"column":37}},"928":{"start":{"line":929,"column":0},"end":{"line":929,"column":11}},"929":{"start":{"line":930,"column":0},"end":{"line":930,"column":7}},"930":{"start":{"line":931,"column":0},"end":{"line":931,"column":7}},"931":{"start":{"line":932,"column":0},"end":{"line":932,"column":3}},"933":{"start":{"line":934,"column":0},"end":{"line":934,"column":24}},"934":{"start":{"line":935,"column":0},"end":{"line":935,"column":1}},"945":{"start":{"line":946,"column":0},"end":{"line":946,"column":48}},"950":{"start":{"line":951,"column":0},"end":{"line":951,"column":4}},"951":{"start":{"line":952,"column":0},"end":{"line":952,"column":9}},"952":{"start":{"line":953,"column":0},"end":{"line":953,"column":10}},"953":{"start":{"line":954,"column":0},"end":{"line":954,"column":10}},"954":{"start":{"line":955,"column":0},"end":{"line":955,"column":26}},"955":{"start":{"line":956,"column":0},"end":{"line":956,"column":28}},"956":{"start":{"line":957,"column":0},"end":{"line":957,"column":12}},"958":{"start":{"line":959,"column":0},"end":{"line":959,"column":53}},"959":{"start":{"line":960,"column":0},"end":{"line":960,"column":99}},"960":{"start":{"line":961,"column":0},"end":{"line":961,"column":35}},"961":{"start":{"line":962,"column":0},"end":{"line":962,"column":21}},"962":{"start":{"line":963,"column":0},"end":{"line":963,"column":21}},"963":{"start":{"line":964,"column":0},"end":{"line":964,"column":46}},"964":{"start":{"line":965,"column":0},"end":{"line":965,"column":43}},"965":{"start":{"line":966,"column":0},"end":{"line":966,"column":9}},"966":{"start":{"line":967,"column":0},"end":{"line":967,"column":21}},"967":{"start":{"line":968,"column":0},"end":{"line":968,"column":36}},"968":{"start":{"line":969,"column":0},"end":{"line":969,"column":29}},"969":{"start":{"line":970,"column":0},"end":{"line":970,"column":29}},"970":{"start":{"line":971,"column":0},"end":{"line":971,"column":27}},"971":{"start":{"line":972,"column":0},"end":{"line":972,"column":29}},"972":{"start":{"line":973,"column":0},"end":{"line":973,"column":11}},"973":{"start":{"line":974,"column":0},"end":{"line":974,"column":7}},"974":{"start":{"line":975,"column":0},"end":{"line":975,"column":5}},"976":{"start":{"line":977,"column":0},"end":{"line":977,"column":32}},"977":{"start":{"line":978,"column":0},"end":{"line":978,"column":12}},"978":{"start":{"line":979,"column":0},"end":{"line":979,"column":12}},"979":{"start":{"line":980,"column":0},"end":{"line":980,"column":23}},"980":{"start":{"line":981,"column":0},"end":{"line":981,"column":25}},"981":{"start":{"line":982,"column":0},"end":{"line":982,"column":7}},"982":{"start":{"line":983,"column":0},"end":{"line":983,"column":3}},"984":{"start":{"line":985,"column":0},"end":{"line":985,"column":38}},"985":{"start":{"line":986,"column":0},"end":{"line":986,"column":30}},"986":{"start":{"line":987,"column":0},"end":{"line":987,"column":30}},"987":{"start":{"line":988,"column":0},"end":{"line":988,"column":21}},"988":{"start":{"line":989,"column":0},"end":{"line":989,"column":23}},"989":{"start":{"line":990,"column":0},"end":{"line":990,"column":5}},"990":{"start":{"line":991,"column":0},"end":{"line":991,"column":16}},"991":{"start":{"line":992,"column":0},"end":{"line":992,"column":1}},"993":{"start":{"line":994,"column":0},"end":{"line":994,"column":50}},"1000":{"start":{"line":1001,"column":0},"end":{"line":1001,"column":64}},"1001":{"start":{"line":1002,"column":0},"end":{"line":1002,"column":46}},"1002":{"start":{"line":1003,"column":0},"end":{"line":1003,"column":46}},"1003":{"start":{"line":1004,"column":0},"end":{"line":1004,"column":55}},"1004":{"start":{"line":1005,"column":0},"end":{"line":1005,"column":10}},"1005":{"start":{"line":1006,"column":0},"end":{"line":1006,"column":10}},"1006":{"start":{"line":1007,"column":0},"end":{"line":1007,"column":51}},"1007":{"start":{"line":1008,"column":0},"end":{"line":1008,"column":55}},"1008":{"start":{"line":1009,"column":0},"end":{"line":1009,"column":5}},"1009":{"start":{"line":1010,"column":0},"end":{"line":1010,"column":27}},"1010":{"start":{"line":1011,"column":0},"end":{"line":1011,"column":17}},"1011":{"start":{"line":1012,"column":0},"end":{"line":1012,"column":17}},"1012":{"start":{"line":1013,"column":0},"end":{"line":1013,"column":21}},"1013":{"start":{"line":1014,"column":0},"end":{"line":1014,"column":21}},"1014":{"start":{"line":1015,"column":0},"end":{"line":1015,"column":4}},"1016":{"start":{"line":1017,"column":0},"end":{"line":1017,"column":10}},"1017":{"start":{"line":1018,"column":0},"end":{"line":1018,"column":12}},"1018":{"start":{"line":1019,"column":0},"end":{"line":1019,"column":52}},"1019":{"start":{"line":1020,"column":0},"end":{"line":1020,"column":52}},"1020":{"start":{"line":1021,"column":0},"end":{"line":1021,"column":4}},"1021":{"start":{"line":1022,"column":0},"end":{"line":1022,"column":1}}},"s":{"0":1,"3":1,"4":0,"5":0,"6":0,"7":0,"8":0,"9":0,"10":0,"11":0,"14":732,"15":732,"16":102,"17":732,"18":152,"19":152,"20":346,"21":346,"22":346,"23":152,"24":630,"25":478,"26":478,"27":732,"30":586,"31":586,"32":51,"33":586,"34":83,"35":83,"36":378,"37":378,"38":378,"39":378,"40":83,"41":535,"42":452,"43":452,"44":586,"46":567,"50":567,"51":567,"53":567,"54":228,"55":228,"57":339,"58":339,"61":1,"62":0,"63":0,"64":0,"66":0,"67":0,"68":0,"69":0,"70":0,"71":0,"72":0,"73":0,"74":0,"75":0,"76":0,"77":0,"78":0,"79":0,"80":0,"81":0,"82":0,"83":0,"84":0,"85":0,"87":0,"88":0,"90":1,"97":0,"98":0,"100":0,"101":0,"102":0,"103":0,"104":0,"105":0,"106":0,"107":0,"108":0,"109":0,"110":0,"111":0,"112":0,"113":0,"114":0,"115":0,"116":0,"117":0,"118":0,"119":0,"120":0,"121":0,"122":0,"123":0,"124":0,"125":0,"126":0,"127":0,"128":0,"129":0,"130":0,"131":0,"132":0,"133":0,"134":0,"135":0,"136":0,"137":0,"138":0,"139":0,"140":0,"141":0,"142":0,"143":0,"144":0,"145":0,"146":0,"147":0,"148":0,"149":0,"150":0,"151":0,"152":0,"153":0,"154":0,"155":0,"156":0,"157":0,"158":0,"159":0,"160":0,"161":0,"162":0,"163":0,"164":0,"165":0,"166":0,"174":28,"175":28,"176":28,"179":28,"182":28,"183":106,"184":444,"185":444,"186":444,"187":444,"188":444,"189":82,"190":444,"191":362,"192":362,"193":444,"194":106,"196":28,"197":28,"206":28,"207":28,"208":28,"209":28,"210":28,"212":28,"213":132,"214":123,"215":123,"216":123,"217":132,"219":78,"220":78,"221":78,"222":78,"223":132,"225":26,"226":26,"227":26,"228":46,"230":28,"231":28,"232":28,"233":28,"234":132,"236":28,"237":28,"246":1,"248":29,"249":0,"250":0,"251":0,"252":0,"253":0,"255":29,"256":1,"257":1,"258":1,"259":1,"260":1,"263":28,"266":28,"267":28,"270":0,"274":0,"275":0,"278":0,"279":0,"280":0,"281":0,"282":0,"283":0,"284":0,"286":0,"287":0,"288":0,"289":0,"290":0,"291":0,"292":0,"295":0,"296":0,"297":0,"298":0,"301":0,"302":0,"303":0,"304":0,"305":0,"306":0,"307":0,"308":0,"309":0,"310":0,"311":0,"312":0,"313":0,"314":0,"315":0,"316":0,"317":0,"319":0,"320":0,"327":1,"328":0,"330":0,"331":0,"332":0,"333":0,"334":0,"335":0,"336":0,"337":0,"338":0,"339":0,"340":0,"341":0,"342":0,"343":0,"344":0,"345":0,"346":0,"347":0,"349":0,"351":0,"352":0,"353":0,"355":0,"356":0,"364":405,"365":405,"366":405,"367":405,"368":405,"369":317,"370":317,"372":88,"373":88,"376":405,"378":101,"381":101,"382":8,"383":8,"386":101,"387":0,"388":0,"391":93,"394":101,"396":242,"397":56,"398":56,"399":56,"402":242,"403":0,"404":0,"405":0,"408":242,"409":100,"410":100,"413":242,"414":25,"415":25,"416":25,"417":242,"420":101,"421":12,"422":12,"423":101,"424":405,"426":12,"427":12,"428":12,"429":12,"430":12,"431":12,"432":12,"433":12,"434":12,"435":12,"436":12,"437":12,"438":12,"439":68,"440":68,"442":200,"443":200,"444":200,"446":219,"453":219,"454":219,"456":219,"457":219,"458":12,"460":12,"461":12,"462":9,"463":12,"464":3,"465":3,"466":12,"467":207,"468":207,"470":165,"471":165,"472":165,"474":95,"475":95,"476":95,"477":95,"478":0,"479":0,"480":0,"481":95,"482":0,"483":0,"485":0,"486":0,"505":1,"506":14,"507":14,"509":14,"510":127,"511":127,"512":127,"513":127,"514":127,"515":127,"516":0,"517":0,"518":0,"519":0,"520":0,"521":0,"522":0,"523":0,"524":0,"526":127,"527":360,"528":360,"529":0,"530":0,"531":360,"532":113,"533":113,"534":113,"535":360,"536":113,"537":113,"538":360,"539":247,"540":0,"541":247,"542":247,"543":247,"544":247,"545":360,"546":127,"548":14,"550":14,"551":14,"552":14,"554":14,"555":14,"556":14,"558":14,"559":14,"562":152,"563":152,"564":152,"565":152,"566":152,"567":152,"568":152,"569":152,"570":152,"571":90,"572":149,"573":149,"575":149,"576":103,"577":103,"578":149,"579":149,"580":152,"581":62,"582":124,"584":124,"585":93,"586":124,"587":31,"588":31,"589":124,"590":124,"591":62,"592":152,"602":1,"603":7,"604":7,"605":7,"606":7,"607":7,"608":7,"609":7,"610":7,"612":7,"613":7,"614":7,"615":7,"616":7,"617":7,"618":7,"619":7,"620":7,"621":7,"627":7,"628":7,"629":7,"630":7,"631":121,"632":121,"633":121,"634":121,"636":13,"637":13,"638":42,"639":13,"640":30,"641":30,"642":30,"643":30,"644":30,"645":30,"646":30,"647":30,"648":30,"649":30,"650":30,"651":30,"652":30,"653":30,"654":30,"655":1,"656":1,"657":29,"658":0,"659":29,"660":0,"661":29,"662":29,"663":29,"665":30,"666":30,"667":13,"668":108,"669":108,"670":108,"672":13,"673":13,"674":35,"675":13,"676":22,"677":22,"678":22,"679":22,"680":22,"681":22,"682":22,"683":22,"684":22,"685":22,"686":22,"687":22,"688":22,"689":22,"690":22,"691":2,"692":2,"693":20,"694":0,"695":20,"696":0,"697":20,"698":20,"699":20,"700":22,"701":22,"702":108,"703":95,"704":95,"705":95,"706":95,"707":95,"708":95,"709":95,"710":95,"711":95,"712":95,"713":95,"714":95,"715":95,"716":95,"719":95,"720":0,"721":0,"722":95,"723":95,"724":95,"725":95,"726":95,"727":95,"728":87,"729":95,"730":8,"731":8,"732":95,"733":95,"734":95,"735":121,"736":7,"737":0,"738":0,"739":0,"740":0,"741":0,"742":0,"743":0,"744":0,"745":0,"746":0,"747":0,"748":0,"749":0,"750":0,"751":0,"752":0,"753":7,"754":5,"755":5,"756":5,"757":5,"758":5,"759":5,"760":5,"761":5,"762":5,"763":5,"764":5,"765":5,"766":5,"767":5,"768":5,"769":5,"772":7,"773":7,"774":7,"775":7,"776":7,"777":7,"779":7,"780":67,"781":67,"782":67,"783":67,"784":67,"785":67,"786":67,"787":67,"788":67,"789":67,"790":67,"791":67,"792":67,"793":67,"794":67,"795":67,"796":67,"797":9,"798":67,"799":9,"800":58,"801":9,"802":9,"803":67,"805":7,"806":7,"811":160,"816":160,"817":160,"819":160,"820":138,"821":138,"822":160,"824":0,"825":0,"826":0,"827":0,"828":0,"829":0,"830":160,"832":13,"833":13,"834":13,"835":13,"836":13,"837":13,"838":13,"839":9,"840":9,"846":162,"852":162,"853":162,"854":162,"855":162,"856":162,"857":162,"858":162,"859":162,"861":162,"862":222,"863":162,"864":162,"865":0,"866":162,"869":162,"871":22,"872":22,"873":22,"875":22,"876":84,"877":84,"878":84,"879":84,"880":0,"881":84,"882":84,"883":84,"884":84,"885":0,"886":0,"887":0,"888":84,"889":84,"890":84,"891":84,"892":84,"893":84,"894":84,"895":84,"896":22,"898":162,"899":31,"901":71,"902":71,"903":71,"904":71,"905":71,"906":71,"907":71,"908":71,"909":71,"910":71,"911":71,"912":0,"913":71,"914":71,"915":71,"917":71,"918":8,"919":8,"920":8,"922":71,"923":71,"924":71,"925":71,"926":71,"927":71,"928":71,"929":71,"930":31,"931":31,"933":162,"934":162,"945":1,"950":7,"951":7,"952":7,"953":7,"954":7,"955":7,"956":7,"958":7,"959":5,"960":5,"961":5,"962":5,"963":5,"964":5,"965":5,"966":5,"967":5,"968":5,"969":5,"970":5,"971":5,"972":5,"973":5,"974":5,"976":0,"977":0,"978":0,"979":0,"980":0,"981":0,"982":0,"984":2,"985":2,"986":2,"987":2,"988":2,"989":2,"990":2,"991":2,"993":1,"1000":7,"1001":7,"1002":7,"1003":7,"1004":7,"1005":7,"1006":7,"1007":7,"1008":7,"1009":7,"1010":7,"1011":7,"1012":7,"1013":7,"1014":7,"1016":7,"1017":7,"1018":7,"1019":7,"1020":7,"1021":7},"branchMap":{"0":{"type":"branch","line":15,"loc":{"start":{"line":15,"column":0},"end":{"line":28,"column":1}},"locations":[{"start":{"line":15,"column":0},"end":{"line":28,"column":1}}]},"1":{"type":"branch","line":16,"loc":{"start":{"line":16,"column":26},"end":{"line":18,"column":13}},"locations":[{"start":{"line":16,"column":26},"end":{"line":18,"column":13}}]},"2":{"type":"branch","line":18,"loc":{"start":{"line":18,"column":2},"end":{"line":27,"column":3}},"locations":[{"start":{"line":18,"column":2},"end":{"line":27,"column":3}}]},"3":{"type":"branch","line":18,"loc":{"start":{"line":18,"column":28},"end":{"line":18,"column":54}},"locations":[{"start":{"line":18,"column":28},"end":{"line":18,"column":54}}]},"4":{"type":"branch","line":18,"loc":{"start":{"line":18,"column":54},"end":{"line":25,"column":9}},"locations":[{"start":{"line":18,"column":54},"end":{"line":25,"column":9}}]},"5":{"type":"branch","line":20,"loc":{"start":{"line":20,"column":52},"end":{"line":23,"column":5}},"locations":[{"start":{"line":20,"column":52},"end":{"line":23,"column":5}}]},"6":{"type":"branch","line":25,"loc":{"start":{"line":25,"column":2},"end":{"line":27,"column":3}},"locations":[{"start":{"line":25,"column":2},"end":{"line":27,"column":3}}]},"7":{"type":"branch","line":17,"loc":{"start":{"line":17,"column":19},"end":{"line":17,"column":51}},"locations":[{"start":{"line":17,"column":19},"end":{"line":17,"column":51}}]},"8":{"type":"branch","line":31,"loc":{"start":{"line":31,"column":0},"end":{"line":45,"column":1}},"locations":[{"start":{"line":31,"column":0},"end":{"line":45,"column":1}}]},"9":{"type":"branch","line":32,"loc":{"start":{"line":32,"column":26},"end":{"line":34,"column":13}},"locations":[{"start":{"line":32,"column":26},"end":{"line":34,"column":13}}]},"10":{"type":"branch","line":34,"loc":{"start":{"line":34,"column":2},"end":{"line":44,"column":3}},"locations":[{"start":{"line":34,"column":2},"end":{"line":44,"column":3}}]},"11":{"type":"branch","line":34,"loc":{"start":{"line":34,"column":28},"end":{"line":34,"column":54}},"locations":[{"start":{"line":34,"column":28},"end":{"line":34,"column":54}}]},"12":{"type":"branch","line":34,"loc":{"start":{"line":34,"column":54},"end":{"line":42,"column":9}},"locations":[{"start":{"line":34,"column":54},"end":{"line":42,"column":9}}]},"13":{"type":"branch","line":36,"loc":{"start":{"line":36,"column":52},"end":{"line":40,"column":5}},"locations":[{"start":{"line":36,"column":52},"end":{"line":40,"column":5}}]},"14":{"type":"branch","line":42,"loc":{"start":{"line":42,"column":2},"end":{"line":44,"column":3}},"locations":[{"start":{"line":42,"column":2},"end":{"line":44,"column":3}}]},"15":{"type":"branch","line":33,"loc":{"start":{"line":33,"column":19},"end":{"line":33,"column":54}},"locations":[{"start":{"line":33,"column":19},"end":{"line":33,"column":54}}]},"16":{"type":"branch","line":47,"loc":{"start":{"line":47,"column":0},"end":{"line":59,"column":1}},"locations":[{"start":{"line":47,"column":0},"end":{"line":59,"column":1}}]},"17":{"type":"branch","line":54,"loc":{"start":{"line":54,"column":15},"end":{"line":56,"column":3}},"locations":[{"start":{"line":54,"column":15},"end":{"line":56,"column":3}}]},"18":{"type":"branch","line":56,"loc":{"start":{"line":56,"column":2},"end":{"line":59,"column":1}},"locations":[{"start":{"line":56,"column":2},"end":{"line":59,"column":1}}]},"19":{"type":"branch","line":175,"loc":{"start":{"line":175,"column":0},"end":{"line":198,"column":1}},"locations":[{"start":{"line":175,"column":0},"end":{"line":198,"column":1}}]},"20":{"type":"branch","line":183,"loc":{"start":{"line":183,"column":31},"end":{"line":195,"column":3}},"locations":[{"start":{"line":183,"column":31},"end":{"line":195,"column":3}}]},"21":{"type":"branch","line":184,"loc":{"start":{"line":184,"column":33},"end":{"line":194,"column":5}},"locations":[{"start":{"line":184,"column":33},"end":{"line":194,"column":5}}]},"22":{"type":"branch","line":189,"loc":{"start":{"line":189,"column":10},"end":{"line":191,"column":13}},"locations":[{"start":{"line":189,"column":10},"end":{"line":191,"column":13}}]},"23":{"type":"branch","line":191,"loc":{"start":{"line":191,"column":6},"end":{"line":193,"column":7}},"locations":[{"start":{"line":191,"column":6},"end":{"line":193,"column":7}}]},"24":{"type":"branch","line":180,"loc":{"start":{"line":180,"column":38},"end":{"line":180,"column":64}},"locations":[{"start":{"line":180,"column":38},"end":{"line":180,"column":64}}]},"25":{"type":"branch","line":207,"loc":{"start":{"line":207,"column":0},"end":{"line":238,"column":1}},"locations":[{"start":{"line":207,"column":0},"end":{"line":238,"column":1}}]},"26":{"type":"branch","line":213,"loc":{"start":{"line":213,"column":13},"end":{"line":213,"column":25}},"locations":[{"start":{"line":213,"column":13},"end":{"line":213,"column":25}}]},"27":{"type":"branch","line":213,"loc":{"start":{"line":213,"column":25},"end":{"line":235,"column":3}},"locations":[{"start":{"line":213,"column":25},"end":{"line":235,"column":3}}]},"28":{"type":"branch","line":214,"loc":{"start":{"line":214,"column":12},"end":{"line":214,"column":26}},"locations":[{"start":{"line":214,"column":12},"end":{"line":214,"column":26}}]},"29":{"type":"branch","line":214,"loc":{"start":{"line":214,"column":21},"end":{"line":218,"column":8}},"locations":[{"start":{"line":214,"column":21},"end":{"line":218,"column":8}}]},"30":{"type":"branch","line":218,"loc":{"start":{"line":218,"column":8},"end":{"line":224,"column":15}},"locations":[{"start":{"line":218,"column":8},"end":{"line":224,"column":15}}]},"31":{"type":"branch","line":224,"loc":{"start":{"line":224,"column":4},"end":{"line":234,"column":5}},"locations":[{"start":{"line":224,"column":4},"end":{"line":234,"column":5}}]},"32":{"type":"branch","line":224,"loc":{"start":{"line":224,"column":19},"end":{"line":224,"column":81}},"locations":[{"start":{"line":224,"column":19},"end":{"line":224,"column":81}}]},"33":{"type":"branch","line":224,"loc":{"start":{"line":224,"column":31},"end":{"line":224,"column":81}},"locations":[{"start":{"line":224,"column":31},"end":{"line":224,"column":81}}]},"34":{"type":"branch","line":224,"loc":{"start":{"line":224,"column":81},"end":{"line":234,"column":5}},"locations":[{"start":{"line":224,"column":81},"end":{"line":234,"column":5}}]},"35":{"type":"branch","line":224,"loc":{"start":{"line":224,"column":81},"end":{"line":229,"column":11}},"locations":[{"start":{"line":224,"column":81},"end":{"line":229,"column":11}}]},"36":{"type":"branch","line":229,"loc":{"start":{"line":229,"column":4},"end":{"line":234,"column":5}},"locations":[{"start":{"line":229,"column":4},"end":{"line":234,"column":5}}]},"37":{"type":"branch","line":247,"loc":{"start":{"line":247,"column":7},"end":{"line":268,"column":1}},"locations":[{"start":{"line":247,"column":7},"end":{"line":268,"column":1}}]},"38":{"type":"branch","line":249,"loc":{"start":{"line":249,"column":25},"end":{"line":254,"column":3}},"locations":[{"start":{"line":249,"column":25},"end":{"line":254,"column":3}}]},"39":{"type":"branch","line":256,"loc":{"start":{"line":256,"column":25},"end":{"line":261,"column":3}},"locations":[{"start":{"line":256,"column":25},"end":{"line":261,"column":3}}]},"40":{"type":"branch","line":261,"loc":{"start":{"line":261,"column":2},"end":{"line":268,"column":1}},"locations":[{"start":{"line":261,"column":2},"end":{"line":268,"column":1}}]},"41":{"type":"branch","line":365,"loc":{"start":{"line":365,"column":0},"end":{"line":441,"column":1}},"locations":[{"start":{"line":365,"column":0},"end":{"line":441,"column":1}}]},"42":{"type":"branch","line":369,"loc":{"start":{"line":369,"column":30},"end":{"line":371,"column":3}},"locations":[{"start":{"line":369,"column":30},"end":{"line":371,"column":3}}]},"43":{"type":"branch","line":371,"loc":{"start":{"line":371,"column":2},"end":{"line":377,"column":36}},"locations":[{"start":{"line":371,"column":2},"end":{"line":377,"column":36}}]},"44":{"type":"branch","line":377,"loc":{"start":{"line":377,"column":36},"end":{"line":424,"column":3}},"locations":[{"start":{"line":377,"column":36},"end":{"line":424,"column":3}}]},"45":{"type":"branch","line":382,"loc":{"start":{"line":382,"column":26},"end":{"line":384,"column":5}},"locations":[{"start":{"line":382,"column":26},"end":{"line":384,"column":5}}]},"46":{"type":"branch","line":384,"loc":{"start":{"line":384,"column":4},"end":{"line":387,"column":52}},"locations":[{"start":{"line":384,"column":4},"end":{"line":387,"column":52}}]},"47":{"type":"branch","line":387,"loc":{"start":{"line":387,"column":42},"end":{"line":387,"column":77}},"locations":[{"start":{"line":387,"column":42},"end":{"line":387,"column":77}}]},"48":{"type":"branch","line":387,"loc":{"start":{"line":387,"column":77},"end":{"line":389,"column":5}},"locations":[{"start":{"line":387,"column":77},"end":{"line":389,"column":5}}]},"49":{"type":"branch","line":389,"loc":{"start":{"line":389,"column":4},"end":{"line":395,"column":78}},"locations":[{"start":{"line":389,"column":4},"end":{"line":395,"column":78}}]},"50":{"type":"branch","line":395,"loc":{"start":{"line":395,"column":78},"end":{"line":418,"column":5}},"locations":[{"start":{"line":395,"column":78},"end":{"line":418,"column":5}}]},"51":{"type":"branch","line":397,"loc":{"start":{"line":397,"column":37},"end":{"line":400,"column":7}},"locations":[{"start":{"line":397,"column":37},"end":{"line":400,"column":7}}]},"52":{"type":"branch","line":400,"loc":{"start":{"line":400,"column":6},"end":{"line":403,"column":32}},"locations":[{"start":{"line":400,"column":6},"end":{"line":403,"column":32}}]},"53":{"type":"branch","line":403,"loc":{"start":{"line":403,"column":32},"end":{"line":406,"column":7}},"locations":[{"start":{"line":403,"column":32},"end":{"line":406,"column":7}}]},"54":{"type":"branch","line":406,"loc":{"start":{"line":406,"column":6},"end":{"line":409,"column":36}},"locations":[{"start":{"line":406,"column":6},"end":{"line":409,"column":36}}]},"55":{"type":"branch","line":409,"loc":{"start":{"line":409,"column":36},"end":{"line":411,"column":7}},"locations":[{"start":{"line":409,"column":36},"end":{"line":411,"column":7}}]},"56":{"type":"branch","line":411,"loc":{"start":{"line":411,"column":6},"end":{"line":414,"column":44}},"locations":[{"start":{"line":411,"column":6},"end":{"line":414,"column":44}}]},"57":{"type":"branch","line":414,"loc":{"start":{"line":414,"column":44},"end":{"line":417,"column":7}},"locations":[{"start":{"line":414,"column":44},"end":{"line":417,"column":7}}]},"58":{"type":"branch","line":418,"loc":{"start":{"line":418,"column":4},"end":{"line":421,"column":17}},"locations":[{"start":{"line":418,"column":4},"end":{"line":421,"column":17}}]},"59":{"type":"branch","line":421,"loc":{"start":{"line":421,"column":17},"end":{"line":423,"column":5}},"locations":[{"start":{"line":421,"column":17},"end":{"line":423,"column":5}}]},"60":{"type":"branch","line":424,"loc":{"start":{"line":424,"column":2},"end":{"line":425,"column":26}},"locations":[{"start":{"line":424,"column":2},"end":{"line":425,"column":26}}]},"61":{"type":"branch","line":425,"loc":{"start":{"line":425,"column":26},"end":{"line":439,"column":3}},"locations":[{"start":{"line":425,"column":26},"end":{"line":439,"column":3}}]},"62":{"type":"branch","line":439,"loc":{"start":{"line":439,"column":2},"end":{"line":441,"column":1}},"locations":[{"start":{"line":439,"column":2},"end":{"line":441,"column":1}}]},"63":{"type":"branch","line":432,"loc":{"start":{"line":432,"column":16},"end":{"line":432,"column":38}},"locations":[{"start":{"line":432,"column":16},"end":{"line":432,"column":38}}]},"64":{"type":"branch","line":443,"loc":{"start":{"line":443,"column":0},"end":{"line":445,"column":1}},"locations":[{"start":{"line":443,"column":0},"end":{"line":445,"column":1}}]},"65":{"type":"branch","line":447,"loc":{"start":{"line":447,"column":0},"end":{"line":469,"column":1}},"locations":[{"start":{"line":447,"column":0},"end":{"line":469,"column":1}}]},"66":{"type":"branch","line":458,"loc":{"start":{"line":458,"column":18},"end":{"line":467,"column":3}},"locations":[{"start":{"line":458,"column":18},"end":{"line":467,"column":3}}]},"67":{"type":"branch","line":462,"loc":{"start":{"line":462,"column":22},"end":{"line":464,"column":15}},"locations":[{"start":{"line":462,"column":22},"end":{"line":464,"column":15}}]},"68":{"type":"branch","line":464,"loc":{"start":{"line":464,"column":4},"end":{"line":466,"column":5}},"locations":[{"start":{"line":464,"column":4},"end":{"line":466,"column":5}}]},"69":{"type":"branch","line":467,"loc":{"start":{"line":467,"column":2},"end":{"line":469,"column":1}},"locations":[{"start":{"line":467,"column":2},"end":{"line":469,"column":1}}]},"70":{"type":"branch","line":471,"loc":{"start":{"line":471,"column":0},"end":{"line":473,"column":1}},"locations":[{"start":{"line":471,"column":0},"end":{"line":473,"column":1}}]},"71":{"type":"branch","line":475,"loc":{"start":{"line":475,"column":0},"end":{"line":487,"column":1}},"locations":[{"start":{"line":475,"column":0},"end":{"line":487,"column":1}}]},"72":{"type":"branch","line":478,"loc":{"start":{"line":478,"column":2},"end":{"line":481,"column":49}},"locations":[{"start":{"line":478,"column":2},"end":{"line":481,"column":49}}]},"73":{"type":"branch","line":482,"loc":{"start":{"line":482,"column":4},"end":{"line":487,"column":1}},"locations":[{"start":{"line":482,"column":4},"end":{"line":487,"column":1}}]},"74":{"type":"branch","line":506,"loc":{"start":{"line":506,"column":7},"end":{"line":560,"column":1}},"locations":[{"start":{"line":506,"column":7},"end":{"line":560,"column":1}}]},"75":{"type":"branch","line":510,"loc":{"start":{"line":510,"column":2},"end":{"line":547,"column":3}},"locations":[{"start":{"line":510,"column":2},"end":{"line":547,"column":3}}]},"76":{"type":"branch","line":516,"loc":{"start":{"line":516,"column":6},"end":{"line":525,"column":5}},"locations":[{"start":{"line":516,"column":6},"end":{"line":525,"column":5}}]},"77":{"type":"branch","line":527,"loc":{"start":{"line":527,"column":52},"end":{"line":546,"column":5}},"locations":[{"start":{"line":527,"column":52},"end":{"line":546,"column":5}}]},"78":{"type":"branch","line":528,"loc":{"start":{"line":528,"column":22},"end":{"line":528,"column":48}},"locations":[{"start":{"line":528,"column":22},"end":{"line":528,"column":48}}]},"79":{"type":"branch","line":528,"loc":{"start":{"line":528,"column":43},"end":{"line":528,"column":52}},"locations":[{"start":{"line":528,"column":43},"end":{"line":528,"column":52}}]},"80":{"type":"branch","line":529,"loc":{"start":{"line":529,"column":40},"end":{"line":531,"column":17}},"locations":[{"start":{"line":529,"column":40},"end":{"line":531,"column":17}}]},"81":{"type":"branch","line":532,"loc":{"start":{"line":532,"column":25},"end":{"line":533,"column":25}},"locations":[{"start":{"line":532,"column":25},"end":{"line":533,"column":25}}]},"82":{"type":"branch","line":533,"loc":{"start":{"line":533,"column":18},"end":{"line":534,"column":30}},"locations":[{"start":{"line":533,"column":18},"end":{"line":534,"column":30}}]},"83":{"type":"branch","line":534,"loc":{"start":{"line":534,"column":18},"end":{"line":535,"column":30}},"locations":[{"start":{"line":534,"column":18},"end":{"line":535,"column":30}}]},"84":{"type":"branch","line":536,"loc":{"start":{"line":536,"column":8},"end":{"line":539,"column":13}},"locations":[{"start":{"line":536,"column":8},"end":{"line":539,"column":13}}]},"85":{"type":"branch","line":539,"loc":{"start":{"line":539,"column":6},"end":{"line":545,"column":7}},"locations":[{"start":{"line":539,"column":6},"end":{"line":545,"column":7}}]},"86":{"type":"branch","line":540,"loc":{"start":{"line":540,"column":33},"end":{"line":542,"column":15}},"locations":[{"start":{"line":540,"column":33},"end":{"line":542,"column":15}}]},"87":{"type":"branch","line":552,"loc":{"start":{"line":552,"column":10},"end":{"line":552,"column":44}},"locations":[{"start":{"line":552,"column":10},"end":{"line":552,"column":44}}]},"88":{"type":"branch","line":553,"loc":{"start":{"line":553,"column":9},"end":{"line":553,"column":45}},"locations":[{"start":{"line":553,"column":9},"end":{"line":553,"column":45}}]},"89":{"type":"branch","line":556,"loc":{"start":{"line":556,"column":10},"end":{"line":556,"column":44}},"locations":[{"start":{"line":556,"column":10},"end":{"line":556,"column":44}}]},"90":{"type":"branch","line":557,"loc":{"start":{"line":557,"column":9},"end":{"line":557,"column":45}},"locations":[{"start":{"line":557,"column":9},"end":{"line":557,"column":45}}]},"91":{"type":"branch","line":563,"loc":{"start":{"line":563,"column":0},"end":{"line":593,"column":1}},"locations":[{"start":{"line":563,"column":0},"end":{"line":593,"column":1}}]},"92":{"type":"branch","line":571,"loc":{"start":{"line":571,"column":35},"end":{"line":581,"column":9}},"locations":[{"start":{"line":571,"column":35},"end":{"line":581,"column":9}}]},"93":{"type":"branch","line":572,"loc":{"start":{"line":572,"column":27},"end":{"line":580,"column":5}},"locations":[{"start":{"line":572,"column":27},"end":{"line":580,"column":5}}]},"94":{"type":"branch","line":574,"loc":{"start":{"line":574,"column":75},"end":{"line":576,"column":13}},"locations":[{"start":{"line":574,"column":75},"end":{"line":576,"column":13}}]},"95":{"type":"branch","line":576,"loc":{"start":{"line":576,"column":6},"end":{"line":578,"column":7}},"locations":[{"start":{"line":576,"column":6},"end":{"line":578,"column":7}}]},"96":{"type":"branch","line":581,"loc":{"start":{"line":581,"column":2},"end":{"line":592,"column":3}},"locations":[{"start":{"line":581,"column":2},"end":{"line":592,"column":3}}]},"97":{"type":"branch","line":582,"loc":{"start":{"line":582,"column":27},"end":{"line":591,"column":5}},"locations":[{"start":{"line":582,"column":27},"end":{"line":591,"column":5}}]},"98":{"type":"branch","line":585,"loc":{"start":{"line":585,"column":28},"end":{"line":585,"column":70}},"locations":[{"start":{"line":585,"column":28},"end":{"line":585,"column":70}}]},"99":{"type":"branch","line":585,"loc":{"start":{"line":585,"column":70},"end":{"line":587,"column":13}},"locations":[{"start":{"line":585,"column":70},"end":{"line":587,"column":13}}]},"100":{"type":"branch","line":587,"loc":{"start":{"line":587,"column":6},"end":{"line":589,"column":7}},"locations":[{"start":{"line":587,"column":6},"end":{"line":589,"column":7}}]},"101":{"type":"branch","line":603,"loc":{"start":{"line":603,"column":7},"end":{"line":807,"column":1}},"locations":[{"start":{"line":603,"column":7},"end":{"line":807,"column":1}}]},"102":{"type":"branch","line":631,"loc":{"start":{"line":631,"column":29},"end":{"line":631,"column":67}},"locations":[{"start":{"line":631,"column":29},"end":{"line":631,"column":67}}]},"103":{"type":"branch","line":631,"loc":{"start":{"line":631,"column":67},"end":{"line":736,"column":3}},"locations":[{"start":{"line":631,"column":67},"end":{"line":736,"column":3}}]},"104":{"type":"branch","line":635,"loc":{"start":{"line":635,"column":6},"end":{"line":668,"column":15}},"locations":[{"start":{"line":635,"column":6},"end":{"line":668,"column":15}}]},"105":{"type":"branch","line":638,"loc":{"start":{"line":638,"column":28},"end":{"line":639,"column":74}},"locations":[{"start":{"line":638,"column":28},"end":{"line":639,"column":74}}]},"106":{"type":"branch","line":640,"loc":{"start":{"line":640,"column":8},"end":{"line":667,"column":7}},"locations":[{"start":{"line":640,"column":8},"end":{"line":667,"column":7}}]},"107":{"type":"branch","line":655,"loc":{"start":{"line":655,"column":24},"end":{"line":657,"column":19}},"locations":[{"start":{"line":655,"column":24},"end":{"line":657,"column":19}}]},"108":{"type":"branch","line":657,"loc":{"start":{"line":657,"column":8},"end":{"line":664,"column":9}},"locations":[{"start":{"line":657,"column":8},"end":{"line":664,"column":9}}]},"109":{"type":"branch","line":658,"loc":{"start":{"line":658,"column":11},"end":{"line":659,"column":78}},"locations":[{"start":{"line":658,"column":11},"end":{"line":659,"column":78}}]},"110":{"type":"branch","line":660,"loc":{"start":{"line":660,"column":10},"end":{"line":662,"column":15}},"locations":[{"start":{"line":660,"column":10},"end":{"line":662,"column":15}}]},"111":{"type":"branch","line":668,"loc":{"start":{"line":668,"column":4},"end":{"line":735,"column":5}},"locations":[{"start":{"line":668,"column":4},"end":{"line":735,"column":5}}]},"112":{"type":"branch","line":671,"loc":{"start":{"line":671,"column":6},"end":{"line":703,"column":11}},"locations":[{"start":{"line":671,"column":6},"end":{"line":703,"column":11}}]},"113":{"type":"branch","line":674,"loc":{"start":{"line":674,"column":28},"end":{"line":675,"column":74}},"locations":[{"start":{"line":674,"column":28},"end":{"line":675,"column":74}}]},"114":{"type":"branch","line":676,"loc":{"start":{"line":676,"column":8},"end":{"line":702,"column":7}},"locations":[{"start":{"line":676,"column":8},"end":{"line":702,"column":7}}]},"115":{"type":"branch","line":691,"loc":{"start":{"line":691,"column":24},"end":{"line":693,"column":19}},"locations":[{"start":{"line":691,"column":24},"end":{"line":693,"column":19}}]},"116":{"type":"branch","line":693,"loc":{"start":{"line":693,"column":8},"end":{"line":700,"column":9}},"locations":[{"start":{"line":693,"column":8},"end":{"line":700,"column":9}}]},"117":{"type":"branch","line":694,"loc":{"start":{"line":694,"column":11},"end":{"line":695,"column":78}},"locations":[{"start":{"line":694,"column":11},"end":{"line":695,"column":78}}]},"118":{"type":"branch","line":696,"loc":{"start":{"line":696,"column":10},"end":{"line":698,"column":15}},"locations":[{"start":{"line":696,"column":10},"end":{"line":698,"column":15}}]},"119":{"type":"branch","line":703,"loc":{"start":{"line":703,"column":4},"end":{"line":735,"column":5}},"locations":[{"start":{"line":703,"column":4},"end":{"line":735,"column":5}}]},"120":{"type":"branch","line":720,"loc":{"start":{"line":720,"column":22},"end":{"line":722,"column":17}},"locations":[{"start":{"line":720,"column":22},"end":{"line":722,"column":17}}]},"121":{"type":"branch","line":726,"loc":{"start":{"line":726,"column":10},"end":{"line":726,"column":29}},"locations":[{"start":{"line":726,"column":10},"end":{"line":726,"column":29}}]},"122":{"type":"branch","line":728,"loc":{"start":{"line":728,"column":8},"end":{"line":730,"column":13}},"locations":[{"start":{"line":728,"column":8},"end":{"line":730,"column":13}}]},"123":{"type":"branch","line":730,"loc":{"start":{"line":730,"column":6},"end":{"line":732,"column":7}},"locations":[{"start":{"line":730,"column":6},"end":{"line":732,"column":7}}]},"124":{"type":"branch","line":737,"loc":{"start":{"line":737,"column":37},"end":{"line":753,"column":3}},"locations":[{"start":{"line":737,"column":37},"end":{"line":753,"column":3}}]},"125":{"type":"branch","line":754,"loc":{"start":{"line":754,"column":37},"end":{"line":770,"column":3}},"locations":[{"start":{"line":754,"column":37},"end":{"line":770,"column":3}}]},"126":{"type":"branch","line":780,"loc":{"start":{"line":780,"column":49},"end":{"line":804,"column":3}},"locations":[{"start":{"line":780,"column":49},"end":{"line":804,"column":3}}]},"127":{"type":"branch","line":797,"loc":{"start":{"line":797,"column":20},"end":{"line":799,"column":15}},"locations":[{"start":{"line":797,"column":20},"end":{"line":799,"column":15}}]},"128":{"type":"branch","line":799,"loc":{"start":{"line":799,"column":4},"end":{"line":803,"column":5}},"locations":[{"start":{"line":799,"column":4},"end":{"line":803,"column":5}}]},"129":{"type":"branch","line":799,"loc":{"start":{"line":799,"column":35},"end":{"line":799,"column":64}},"locations":[{"start":{"line":799,"column":35},"end":{"line":799,"column":64}}]},"130":{"type":"branch","line":799,"loc":{"start":{"line":799,"column":64},"end":{"line":801,"column":15}},"locations":[{"start":{"line":799,"column":64},"end":{"line":801,"column":15}}]},"131":{"type":"branch","line":801,"loc":{"start":{"line":801,"column":4},"end":{"line":803,"column":5}},"locations":[{"start":{"line":801,"column":4},"end":{"line":803,"column":5}}]},"132":{"type":"branch","line":801,"loc":{"start":{"line":801,"column":64},"end":{"line":803,"column":5}},"locations":[{"start":{"line":801,"column":64},"end":{"line":803,"column":5}}]},"133":{"type":"branch","line":775,"loc":{"start":{"line":775,"column":32},"end":{"line":775,"column":45}},"locations":[{"start":{"line":775,"column":32},"end":{"line":775,"column":45}}]},"134":{"type":"branch","line":776,"loc":{"start":{"line":776,"column":32},"end":{"line":776,"column":45}},"locations":[{"start":{"line":776,"column":32},"end":{"line":776,"column":45}}]},"135":{"type":"branch","line":812,"loc":{"start":{"line":812,"column":0},"end":{"line":841,"column":1}},"locations":[{"start":{"line":812,"column":0},"end":{"line":841,"column":1}}]},"136":{"type":"branch","line":820,"loc":{"start":{"line":820,"column":26},"end":{"line":820,"column":54}},"locations":[{"start":{"line":820,"column":26},"end":{"line":820,"column":54}}]},"137":{"type":"branch","line":820,"loc":{"start":{"line":820,"column":54},"end":{"line":822,"column":3}},"locations":[{"start":{"line":820,"column":54},"end":{"line":822,"column":3}}]},"138":{"type":"branch","line":822,"loc":{"start":{"line":822,"column":2},"end":{"line":823,"column":34}},"locations":[{"start":{"line":822,"column":2},"end":{"line":823,"column":34}}]},"139":{"type":"branch","line":823,"loc":{"start":{"line":823,"column":34},"end":{"line":831,"column":13}},"locations":[{"start":{"line":823,"column":34},"end":{"line":831,"column":13}}]},"140":{"type":"branch","line":831,"loc":{"start":{"line":831,"column":2},"end":{"line":839,"column":3}},"locations":[{"start":{"line":831,"column":2},"end":{"line":839,"column":3}}]},"141":{"type":"branch","line":831,"loc":{"start":{"line":831,"column":40},"end":{"line":839,"column":3}},"locations":[{"start":{"line":831,"column":40},"end":{"line":839,"column":3}}]},"142":{"type":"branch","line":839,"loc":{"start":{"line":839,"column":2},"end":{"line":841,"column":1}},"locations":[{"start":{"line":839,"column":2},"end":{"line":841,"column":1}}]},"143":{"type":"branch","line":847,"loc":{"start":{"line":847,"column":0},"end":{"line":935,"column":1}},"locations":[{"start":{"line":847,"column":0},"end":{"line":935,"column":1}}]},"144":{"type":"branch","line":870,"loc":{"start":{"line":870,"column":25},"end":{"line":870,"column":52}},"locations":[{"start":{"line":870,"column":25},"end":{"line":870,"column":52}}]},"145":{"type":"branch","line":870,"loc":{"start":{"line":870,"column":52},"end":{"line":897,"column":3}},"locations":[{"start":{"line":870,"column":52},"end":{"line":897,"column":3}}]},"146":{"type":"branch","line":876,"loc":{"start":{"line":876,"column":43},"end":{"line":896,"column":5}},"locations":[{"start":{"line":876,"column":43},"end":{"line":896,"column":5}}]},"147":{"type":"branch","line":880,"loc":{"start":{"line":880,"column":22},"end":{"line":881,"column":44}},"locations":[{"start":{"line":880,"column":22},"end":{"line":881,"column":44}}]},"148":{"type":"branch","line":883,"loc":{"start":{"line":883,"column":21},"end":{"line":883,"column":67}},"locations":[{"start":{"line":883,"column":21},"end":{"line":883,"column":67}}]},"149":{"type":"branch","line":885,"loc":{"start":{"line":885,"column":20},"end":{"line":888,"column":7}},"locations":[{"start":{"line":885,"column":20},"end":{"line":888,"column":7}}]},"150":{"type":"branch","line":899,"loc":{"start":{"line":899,"column":25},"end":{"line":899,"column":52}},"locations":[{"start":{"line":899,"column":25},"end":{"line":899,"column":52}}]},"151":{"type":"branch","line":899,"loc":{"start":{"line":899,"column":52},"end":{"line":932,"column":3}},"locations":[{"start":{"line":899,"column":52},"end":{"line":932,"column":3}}]},"152":{"type":"branch","line":862,"loc":{"start":{"line":862,"column":64},"end":{"line":863,"column":21}},"locations":[{"start":{"line":862,"column":64},"end":{"line":863,"column":21}}]},"153":{"type":"branch","line":900,"loc":{"start":{"line":900,"column":31},"end":{"line":931,"column":5}},"locations":[{"start":{"line":900,"column":31},"end":{"line":931,"column":5}}]},"154":{"type":"branch","line":912,"loc":{"start":{"line":912,"column":24},"end":{"line":913,"column":46}},"locations":[{"start":{"line":912,"column":24},"end":{"line":913,"column":46}}]},"155":{"type":"branch","line":915,"loc":{"start":{"line":915,"column":23},"end":{"line":915,"column":69}},"locations":[{"start":{"line":915,"column":23},"end":{"line":915,"column":69}}]},"156":{"type":"branch","line":915,"loc":{"start":{"line":915,"column":65},"end":{"line":915,"column":79}},"locations":[{"start":{"line":915,"column":65},"end":{"line":915,"column":79}}]},"157":{"type":"branch","line":918,"loc":{"start":{"line":918,"column":22},"end":{"line":921,"column":9}},"locations":[{"start":{"line":918,"column":22},"end":{"line":921,"column":9}}]},"158":{"type":"branch","line":946,"loc":{"start":{"line":946,"column":7},"end":{"line":992,"column":1}},"locations":[{"start":{"line":946,"column":7},"end":{"line":992,"column":1}}]},"159":{"type":"branch","line":959,"loc":{"start":{"line":959,"column":25},"end":{"line":959,"column":52}},"locations":[{"start":{"line":959,"column":25},"end":{"line":959,"column":52}}]},"160":{"type":"branch","line":959,"loc":{"start":{"line":959,"column":52},"end":{"line":983,"column":3}},"locations":[{"start":{"line":959,"column":52},"end":{"line":983,"column":3}}]},"161":{"type":"branch","line":960,"loc":{"start":{"line":960,"column":41},"end":{"line":960,"column":98}},"locations":[{"start":{"line":960,"column":41},"end":{"line":960,"column":98}}]},"162":{"type":"branch","line":975,"loc":{"start":{"line":975,"column":4},"end":{"line":983,"column":3}},"locations":[{"start":{"line":975,"column":4},"end":{"line":983,"column":3}}]},"163":{"type":"branch","line":983,"loc":{"start":{"line":983,"column":2},"end":{"line":992,"column":1}},"locations":[{"start":{"line":983,"column":2},"end":{"line":992,"column":1}}]},"164":{"type":"branch","line":994,"loc":{"start":{"line":994,"column":7},"end":{"line":1022,"column":1}},"locations":[{"start":{"line":994,"column":7},"end":{"line":1022,"column":1}}]},"165":{"type":"branch","line":1007,"loc":{"start":{"line":1007,"column":28},"end":{"line":1007,"column":51}},"locations":[{"start":{"line":1007,"column":28},"end":{"line":1007,"column":51}}]}},"b":{"0":[732],"1":[102],"2":[630],"3":[152],"4":[152],"5":[346],"6":[478],"7":[358],"8":[586],"9":[51],"10":[535],"11":[83],"12":[83],"13":[378],"14":[452],"15":[187],"16":[567],"17":[228],"18":[339],"19":[28],"20":[106],"21":[444],"22":[82],"23":[362],"24":[134],"25":[28],"26":[29],"27":[132],"28":[131],"29":[123],"30":[78],"31":[54],"32":[46],"33":[45],"34":[46],"35":[26],"36":[28],"37":[29],"38":[0],"39":[1],"40":[28],"41":[405],"42":[317],"43":[88],"44":[101],"45":[8],"46":[93],"47":[72],"48":[0],"49":[93],"50":[242],"51":[56],"52":[186],"53":[0],"54":[186],"55":[100],"56":[86],"57":[25],"58":[93],"59":[12],"60":[80],"61":[12],"62":[68],"63":[12],"64":[200],"65":[219],"66":[12],"67":[9],"68":[3],"69":[207],"70":[165],"71":[95],"72":[0],"73":[0],"74":[14],"75":[127],"76":[0],"77":[360],"78":[284],"79":[76],"80":[0],"81":[113],"82":[113],"83":[113],"84":[113],"85":[247],"86":[0],"87":[448],"88":[247],"89":[105],"90":[113],"91":[152],"92":[90],"93":[149],"94":[46],"95":[103],"96":[62],"97":[124],"98":[111],"99":[93],"100":[31],"101":[7],"102":[121],"103":[121],"104":[13],"105":[42],"106":[30],"107":[1],"108":[29],"109":[0],"110":[0],"111":[108],"112":[13],"113":[35],"114":[22],"115":[2],"116":[20],"117":[0],"118":[0],"119":[95],"120":[0],"121":[0],"122":[87],"123":[8],"124":[0],"125":[5],"126":[67],"127":[9],"128":[58],"129":[9],"130":[9],"131":[49],"132":[9],"133":[57],"134":[56],"135":[160],"136":[23],"137":[138],"138":[22],"139":[0],"140":[22],"141":[13],"142":[9],"143":[162],"144":[23],"145":[22],"146":[84],"147":[0],"148":[0],"149":[0],"150":[38],"151":[31],"152":[222],"153":[71],"154":[0],"155":[8],"156":[63],"157":[8],"158":[7],"159":[5],"160":[5],"161":[0],"162":[0],"163":[2],"164":[7],"165":[0]},"fnMap":{"0":{"name":"getValueByPath","decl":{"start":{"line":4,"column":7},"end":{"line":12,"column":1}},"loc":{"start":{"line":4,"column":7},"end":{"line":12,"column":1}},"line":4},"1":{"name":"replaceDotInKeys","decl":{"start":{"line":15,"column":0},"end":{"line":28,"column":1}},"loc":{"start":{"line":15,"column":0},"end":{"line":28,"column":1}},"line":15},"2":{"name":"restoreOriginalKeys","decl":{"start":{"line":31,"column":0},"end":{"line":45,"column":1}},"loc":{"start":{"line":31,"column":0},"end":{"line":45,"column":1}},"line":31},"3":{"name":"isSameItem","decl":{"start":{"line":47,"column":0},"end":{"line":59,"column":1}},"loc":{"start":{"line":47,"column":0},"end":{"line":59,"column":1}},"line":47},"4":{"name":"getLCS","decl":{"start":{"line":62,"column":7},"end":{"line":89,"column":1}},"loc":{"start":{"line":62,"column":7},"end":{"line":89,"column":1}},"line":62},"5":{"name":"alignByLCS","decl":{"start":{"line":91,"column":7},"end":{"line":167,"column":1}},"loc":{"start":{"line":91,"column":7},"end":{"line":167,"column":1}},"line":91},"6":{"name":"computeLCSMatrix","decl":{"start":{"line":175,"column":0},"end":{"line":198,"column":1}},"loc":{"start":{"line":175,"column":0},"end":{"line":198,"column":1}},"line":175},"7":{"name":"buildAlignedArrays","decl":{"start":{"line":207,"column":0},"end":{"line":238,"column":1}},"loc":{"start":{"line":207,"column":0},"end":{"line":238,"column":1}},"line":207},"8":{"name":"alignByLCS2","decl":{"start":{"line":247,"column":7},"end":{"line":268,"column":1}},"loc":{"start":{"line":247,"column":7},"end":{"line":268,"column":1}},"line":247},"9":{"name":"alignByArr2","decl":{"start":{"line":271,"column":0},"end":{"line":321,"column":1}},"loc":{"start":{"line":271,"column":0},"end":{"line":321,"column":1}},"line":271},"10":{"name":"getObjectPathArrayMap","decl":{"start":{"line":328,"column":7},"end":{"line":357,"column":1}},"loc":{"start":{"line":328,"column":7},"end":{"line":357,"column":1}},"line":328},"11":{"name":"matchTemplateKey","decl":{"start":{"line":365,"column":0},"end":{"line":441,"column":1}},"loc":{"start":{"line":365,"column":0},"end":{"line":441,"column":1}},"line":365},"12":{"name":"isPlainObject","decl":{"start":{"line":443,"column":0},"end":{"line":445,"column":1}},"loc":{"start":{"line":443,"column":0},"end":{"line":445,"column":1}},"line":443},"13":{"name":"getCustomIsEqualRes","decl":{"start":{"line":447,"column":0},"end":{"line":469,"column":1}},"loc":{"start":{"line":447,"column":0},"end":{"line":469,"column":1}},"line":447},"14":{"name":"isNullOrUndefined","decl":{"start":{"line":471,"column":0},"end":{"line":473,"column":1}},"loc":{"start":{"line":471,"column":0},"end":{"line":473,"column":1}},"line":471},"15":{"name":"isEqualFundamentalData","decl":{"start":{"line":475,"column":0},"end":{"line":487,"column":1}},"loc":{"start":{"line":475,"column":0},"end":{"line":487,"column":1}},"line":475},"16":{"name":"getObjectPathValueMap","decl":{"start":{"line":506,"column":7},"end":{"line":560,"column":1}},"loc":{"start":{"line":506,"column":7},"end":{"line":560,"column":1}},"line":506},"17":{"name":"traverse","decl":{"start":{"line":510,"column":2},"end":{"line":547,"column":3}},"loc":{"start":{"line":510,"column":2},"end":{"line":547,"column":3}},"line":510},"18":{"name":"setNodeDiffRes","decl":{"start":{"line":563,"column":0},"end":{"line":593,"column":1}},"loc":{"start":{"line":563,"column":0},"end":{"line":593,"column":1}},"line":563},"19":{"name":"calcDiff","decl":{"start":{"line":603,"column":7},"end":{"line":807,"column":1}},"loc":{"start":{"line":603,"column":7},"end":{"line":807,"column":1}},"line":603},"20":{"name":"alignArray","decl":{"start":{"line":812,"column":0},"end":{"line":841,"column":1}},"loc":{"start":{"line":812,"column":0},"end":{"line":841,"column":1}},"line":812},"21":{"name":"recursiveAlignArray","decl":{"start":{"line":847,"column":0},"end":{"line":935,"column":1}},"loc":{"start":{"line":847,"column":0},"end":{"line":935,"column":1}},"line":847},"22":{"name":"alignDataArray","decl":{"start":{"line":946,"column":7},"end":{"line":992,"column":1}},"loc":{"start":{"line":946,"column":7},"end":{"line":992,"column":1}},"line":946},"23":{"name":"calcDiffWithArrayAlign","decl":{"start":{"line":994,"column":7},"end":{"line":1022,"column":1}},"loc":{"start":{"line":994,"column":7},"end":{"line":1022,"column":1}},"line":994}},"f":{"0":0,"1":732,"2":586,"3":567,"4":0,"5":0,"6":28,"7":28,"8":29,"9":0,"10":0,"11":405,"12":200,"13":219,"14":165,"15":95,"16":14,"17":127,"18":152,"19":7,"20":160,"21":162,"22":7,"23":7}}
}
