{"/Users/bytedance/project/diff-viz/src/diff-algorithm.ts": {"path":"/Users/bytedance/project/diff-viz/src/diff-algorithm.ts","all":false,"statementMap":{"0":{"start":{"line":1,"column":0},"end":{"line":1,"column":23}},"3":{"start":{"line":4,"column":0},"end":{"line":4,"column":31}},"4":{"start":{"line":5,"column":0},"end":{"line":5,"column":27}},"5":{"start":{"line":6,"column":0},"end":{"line":6,"column":27}},"6":{"start":{"line":7,"column":0},"end":{"line":7,"column":8}},"7":{"start":{"line":8,"column":0},"end":{"line":8,"column":14}},"8":{"start":{"line":9,"column":0},"end":{"line":9,"column":15}},"9":{"start":{"line":10,"column":0},"end":{"line":10,"column":3}},"10":{"start":{"line":11,"column":0},"end":{"line":11,"column":68}},"11":{"start":{"line":12,"column":0},"end":{"line":12,"column":1}},"14":{"start":{"line":15,"column":0},"end":{"line":15,"column":41}},"15":{"start":{"line":16,"column":0},"end":{"line":16,"column":27}},"16":{"start":{"line":17,"column":0},"end":{"line":17,"column":58}},"17":{"start":{"line":18,"column":0},"end":{"line":18,"column":55}},"18":{"start":{"line":19,"column":0},"end":{"line":19,"column":27}},"19":{"start":{"line":20,"column":0},"end":{"line":20,"column":53}},"20":{"start":{"line":21,"column":0},"end":{"line":21,"column":49}},"21":{"start":{"line":22,"column":0},"end":{"line":22,"column":76}},"22":{"start":{"line":23,"column":0},"end":{"line":23,"column":5}},"23":{"start":{"line":24,"column":0},"end":{"line":24,"column":18}},"24":{"start":{"line":25,"column":0},"end":{"line":25,"column":10}},"25":{"start":{"line":26,"column":0},"end":{"line":26,"column":15}},"26":{"start":{"line":27,"column":0},"end":{"line":27,"column":3}},"27":{"start":{"line":28,"column":0},"end":{"line":28,"column":1}},"30":{"start":{"line":31,"column":0},"end":{"line":31,"column":44}},"31":{"start":{"line":32,"column":0},"end":{"line":32,"column":27}},"32":{"start":{"line":33,"column":0},"end":{"line":33,"column":61}},"33":{"start":{"line":34,"column":0},"end":{"line":34,"column":55}},"34":{"start":{"line":35,"column":0},"end":{"line":35,"column":32}},"35":{"start":{"line":36,"column":0},"end":{"line":36,"column":53}},"36":{"start":{"line":37,"column":0},"end":{"line":37,"column":55}},"37":{"start":{"line":38,"column":0},"end":{"line":38,"column":61}},"38":{"start":{"line":39,"column":0},"end":{"line":39,"column":35}},"39":{"start":{"line":40,"column":0},"end":{"line":40,"column":5}},"40":{"start":{"line":41,"column":0},"end":{"line":41,"column":23}},"41":{"start":{"line":42,"column":0},"end":{"line":42,"column":10}},"42":{"start":{"line":43,"column":0},"end":{"line":43,"column":15}},"43":{"start":{"line":44,"column":0},"end":{"line":44,"column":3}},"44":{"start":{"line":45,"column":0},"end":{"line":45,"column":1}},"46":{"start":{"line":47,"column":0},"end":{"line":47,"column":31}},"50":{"start":{"line":51,"column":0},"end":{"line":51,"column":13}},"51":{"start":{"line":52,"column":0},"end":{"line":52,"column":54}},"53":{"start":{"line":54,"column":0},"end":{"line":54,"column":16}},"54":{"start":{"line":55,"column":0},"end":{"line":55,"column":65}},"55":{"start":{"line":56,"column":0},"end":{"line":56,"column":3}},"57":{"start":{"line":58,"column":0},"end":{"line":58,"column":31}},"58":{"start":{"line":59,"column":0},"end":{"line":59,"column":1}},"61":{"start":{"line":62,"column":0},"end":{"line":62,"column":72}},"62":{"start":{"line":63,"column":0},"end":{"line":63,"column":44}},"63":{"start":{"line":64,"column":0},"end":{"line":64,"column":12}},"64":{"start":{"line":65,"column":0},"end":{"line":65,"column":50}},"66":{"start":{"line":67,"column":0},"end":{"line":67,"column":45}},"67":{"start":{"line":68,"column":0},"end":{"line":68,"column":47}},"68":{"start":{"line":69,"column":0},"end":{"line":69,"column":31}},"69":{"start":{"line":70,"column":0},"end":{"line":70,"column":22}},"70":{"start":{"line":71,"column":0},"end":{"line":71,"column":17}},"71":{"start":{"line":72,"column":0},"end":{"line":72,"column":20}},"72":{"start":{"line":73,"column":0},"end":{"line":73,"column":29}},"73":{"start":{"line":74,"column":0},"end":{"line":74,"column":29}},"74":{"start":{"line":75,"column":0},"end":{"line":75,"column":18}},"75":{"start":{"line":76,"column":0},"end":{"line":76,"column":10}},"76":{"start":{"line":77,"column":0},"end":{"line":77,"column":9}},"77":{"start":{"line":78,"column":0},"end":{"line":78,"column":54}},"78":{"start":{"line":79,"column":0},"end":{"line":79,"column":14}},"79":{"start":{"line":80,"column":0},"end":{"line":80,"column":18}},"80":{"start":{"line":81,"column":0},"end":{"line":81,"column":51}},"81":{"start":{"line":82,"column":0},"end":{"line":82,"column":26}},"82":{"start":{"line":83,"column":0},"end":{"line":83,"column":27}},"83":{"start":{"line":84,"column":0},"end":{"line":84,"column":7}},"84":{"start":{"line":85,"column":0},"end":{"line":85,"column":5}},"85":{"start":{"line":86,"column":0},"end":{"line":86,"column":3}},"87":{"start":{"line":88,"column":0},"end":{"line":88,"column":38}},"88":{"start":{"line":89,"column":0},"end":{"line":89,"column":1}},"97":{"start":{"line":98,"column":0},"end":{"line":98,"column":69}},"98":{"start":{"line":99,"column":0},"end":{"line":99,"column":24}},"99":{"start":{"line":100,"column":0},"end":{"line":100,"column":24}},"102":{"start":{"line":103,"column":0},"end":{"line":103,"column":66}},"105":{"start":{"line":106,"column":0},"end":{"line":106,"column":32}},"106":{"start":{"line":107,"column":0},"end":{"line":107,"column":34}},"107":{"start":{"line":108,"column":0},"end":{"line":108,"column":22}},"108":{"start":{"line":109,"column":0},"end":{"line":109,"column":27}},"109":{"start":{"line":110,"column":0},"end":{"line":110,"column":27}},"110":{"start":{"line":111,"column":0},"end":{"line":111,"column":16}},"111":{"start":{"line":112,"column":0},"end":{"line":112,"column":11}},"112":{"start":{"line":113,"column":0},"end":{"line":113,"column":40}},"113":{"start":{"line":114,"column":0},"end":{"line":114,"column":14}},"114":{"start":{"line":115,"column":0},"end":{"line":115,"column":56}},"115":{"start":{"line":116,"column":0},"end":{"line":116,"column":7}},"116":{"start":{"line":117,"column":0},"end":{"line":117,"column":5}},"117":{"start":{"line":118,"column":0},"end":{"line":118,"column":3}},"119":{"start":{"line":120,"column":0},"end":{"line":120,"column":12}},"120":{"start":{"line":121,"column":0},"end":{"line":121,"column":1}},"129":{"start":{"line":130,"column":0},"end":{"line":130,"column":91}},"130":{"start":{"line":131,"column":0},"end":{"line":131,"column":22}},"131":{"start":{"line":132,"column":0},"end":{"line":132,"column":22}},"132":{"start":{"line":133,"column":0},"end":{"line":133,"column":22}},"133":{"start":{"line":134,"column":0},"end":{"line":134,"column":22}},"135":{"start":{"line":136,"column":0},"end":{"line":136,"column":26}},"136":{"start":{"line":137,"column":0},"end":{"line":137,"column":38}},"137":{"start":{"line":138,"column":0},"end":{"line":138,"column":25}},"138":{"start":{"line":139,"column":0},"end":{"line":139,"column":25}},"139":{"start":{"line":140,"column":0},"end":{"line":140,"column":14}},"140":{"start":{"line":141,"column":0},"end":{"line":141,"column":9}},"142":{"start":{"line":143,"column":0},"end":{"line":143,"column":36}},"143":{"start":{"line":144,"column":0},"end":{"line":144,"column":36}},"144":{"start":{"line":145,"column":0},"end":{"line":145,"column":10}},"145":{"start":{"line":146,"column":0},"end":{"line":146,"column":10}},"146":{"start":{"line":147,"column":0},"end":{"line":147,"column":82}},"148":{"start":{"line":149,"column":0},"end":{"line":149,"column":34}},"149":{"start":{"line":150,"column":0},"end":{"line":150,"column":36}},"150":{"start":{"line":151,"column":0},"end":{"line":151,"column":10}},"151":{"start":{"line":152,"column":0},"end":{"line":152,"column":12}},"153":{"start":{"line":154,"column":0},"end":{"line":154,"column":36}},"154":{"start":{"line":155,"column":0},"end":{"line":155,"column":34}},"155":{"start":{"line":156,"column":0},"end":{"line":156,"column":10}},"156":{"start":{"line":157,"column":0},"end":{"line":157,"column":5}},"157":{"start":{"line":158,"column":0},"end":{"line":158,"column":3}},"159":{"start":{"line":160,"column":0},"end":{"line":160,"column":30}},"160":{"start":{"line":161,"column":0},"end":{"line":161,"column":1}},"169":{"start":{"line":170,"column":0},"end":{"line":170,"column":71}},"171":{"start":{"line":172,"column":0},"end":{"line":172,"column":26}},"172":{"start":{"line":173,"column":0},"end":{"line":173,"column":12}},"173":{"start":{"line":174,"column":0},"end":{"line":174,"column":41}},"174":{"start":{"line":175,"column":0},"end":{"line":175,"column":15}},"175":{"start":{"line":176,"column":0},"end":{"line":176,"column":6}},"176":{"start":{"line":177,"column":0},"end":{"line":177,"column":3}},"178":{"start":{"line":179,"column":0},"end":{"line":179,"column":26}},"179":{"start":{"line":180,"column":0},"end":{"line":180,"column":12}},"180":{"start":{"line":181,"column":0},"end":{"line":181,"column":16}},"181":{"start":{"line":182,"column":0},"end":{"line":182,"column":40}},"182":{"start":{"line":183,"column":0},"end":{"line":183,"column":6}},"183":{"start":{"line":184,"column":0},"end":{"line":184,"column":3}},"186":{"start":{"line":187,"column":0},"end":{"line":187,"column":57}},"189":{"start":{"line":190,"column":0},"end":{"line":190,"column":59}},"190":{"start":{"line":191,"column":0},"end":{"line":191,"column":1}},"193":{"start":{"line":194,"column":0},"end":{"line":194,"column":29}},"197":{"start":{"line":198,"column":0},"end":{"line":198,"column":4}},"198":{"start":{"line":199,"column":0},"end":{"line":199,"column":38}},"201":{"start":{"line":202,"column":0},"end":{"line":202,"column":40}},"202":{"start":{"line":203,"column":0},"end":{"line":203,"column":26}},"203":{"start":{"line":204,"column":0},"end":{"line":204,"column":33}},"204":{"start":{"line":205,"column":0},"end":{"line":205,"column":32}},"205":{"start":{"line":206,"column":0},"end":{"line":206,"column":5}},"206":{"start":{"line":207,"column":0},"end":{"line":207,"column":38}},"207":{"start":{"line":208,"column":0},"end":{"line":208,"column":5}},"209":{"start":{"line":210,"column":0},"end":{"line":210,"column":40}},"210":{"start":{"line":211,"column":0},"end":{"line":211,"column":26}},"211":{"start":{"line":212,"column":0},"end":{"line":212,"column":33}},"212":{"start":{"line":213,"column":0},"end":{"line":213,"column":32}},"213":{"start":{"line":214,"column":0},"end":{"line":214,"column":5}},"214":{"start":{"line":215,"column":0},"end":{"line":215,"column":38}},"215":{"start":{"line":216,"column":0},"end":{"line":216,"column":5}},"218":{"start":{"line":219,"column":0},"end":{"line":219,"column":28}},"219":{"start":{"line":220,"column":0},"end":{"line":220,"column":28}},"220":{"start":{"line":221,"column":0},"end":{"line":221,"column":42}},"221":{"start":{"line":222,"column":0},"end":{"line":222,"column":39}},"224":{"start":{"line":225,"column":0},"end":{"line":225,"column":33}},"225":{"start":{"line":226,"column":0},"end":{"line":226,"column":27}},"226":{"start":{"line":227,"column":0},"end":{"line":227,"column":31}},"227":{"start":{"line":228,"column":0},"end":{"line":228,"column":15}},"228":{"start":{"line":229,"column":0},"end":{"line":229,"column":5}},"229":{"start":{"line":230,"column":0},"end":{"line":230,"column":25}},"230":{"start":{"line":231,"column":0},"end":{"line":231,"column":38}},"231":{"start":{"line":232,"column":0},"end":{"line":232,"column":38}},"232":{"start":{"line":233,"column":0},"end":{"line":233,"column":45}},"233":{"start":{"line":234,"column":0},"end":{"line":234,"column":30}},"234":{"start":{"line":235,"column":0},"end":{"line":235,"column":5}},"235":{"start":{"line":236,"column":0},"end":{"line":236,"column":45}},"236":{"start":{"line":237,"column":0},"end":{"line":237,"column":30}},"237":{"start":{"line":238,"column":0},"end":{"line":238,"column":5}},"238":{"start":{"line":239,"column":0},"end":{"line":239,"column":29}},"239":{"start":{"line":240,"column":0},"end":{"line":240,"column":29}},"240":{"start":{"line":241,"column":0},"end":{"line":241,"column":3}},"242":{"start":{"line":243,"column":0},"end":{"line":243,"column":28}},"243":{"start":{"line":244,"column":0},"end":{"line":244,"column":1}},"250":{"start":{"line":251,"column":0},"end":{"line":251,"column":50}},"251":{"start":{"line":252,"column":0},"end":{"line":252,"column":51}},"253":{"start":{"line":254,"column":0},"end":{"line":254,"column":50}},"254":{"start":{"line":255,"column":0},"end":{"line":255,"column":71}},"255":{"start":{"line":256,"column":0},"end":{"line":256,"column":13}},"256":{"start":{"line":257,"column":0},"end":{"line":257,"column":5}},"257":{"start":{"line":258,"column":0},"end":{"line":258,"column":37}},"258":{"start":{"line":259,"column":0},"end":{"line":259,"column":28}},"259":{"start":{"line":260,"column":0},"end":{"line":260,"column":13}},"260":{"start":{"line":261,"column":0},"end":{"line":261,"column":5}},"261":{"start":{"line":262,"column":0},"end":{"line":262,"column":53}},"262":{"start":{"line":263,"column":0},"end":{"line":263,"column":17}},"263":{"start":{"line":264,"column":0},"end":{"line":264,"column":17}},"264":{"start":{"line":265,"column":0},"end":{"line":265,"column":24}},"265":{"start":{"line":266,"column":0},"end":{"line":266,"column":42}},"266":{"start":{"line":267,"column":0},"end":{"line":267,"column":14}},"267":{"start":{"line":268,"column":0},"end":{"line":268,"column":29}},"268":{"start":{"line":269,"column":0},"end":{"line":269,"column":7}},"269":{"start":{"line":270,"column":0},"end":{"line":270,"column":5}},"270":{"start":{"line":271,"column":0},"end":{"line":271,"column":3}},"272":{"start":{"line":273,"column":0},"end":{"line":273,"column":17}},"274":{"start":{"line":275,"column":0},"end":{"line":275,"column":59}},"275":{"start":{"line":276,"column":0},"end":{"line":276,"column":45}},"276":{"start":{"line":277,"column":0},"end":{"line":277,"column":47}},"278":{"start":{"line":279,"column":0},"end":{"line":279,"column":36}},"279":{"start":{"line":280,"column":0},"end":{"line":280,"column":1}},"287":{"start":{"line":288,"column":0},"end":{"line":288,"column":26}},"288":{"start":{"line":289,"column":0},"end":{"line":289,"column":22}},"289":{"start":{"line":290,"column":0},"end":{"line":290,"column":14}},"290":{"start":{"line":291,"column":0},"end":{"line":291,"column":23}},"291":{"start":{"line":292,"column":0},"end":{"line":292,"column":31}},"292":{"start":{"line":293,"column":0},"end":{"line":293,"column":21}},"293":{"start":{"line":294,"column":0},"end":{"line":294,"column":3}},"295":{"start":{"line":296,"column":0},"end":{"line":296,"column":34}},"296":{"start":{"line":297,"column":0},"end":{"line":297,"column":31}},"299":{"start":{"line":300,"column":0},"end":{"line":300,"column":37}},"301":{"start":{"line":302,"column":0},"end":{"line":302,"column":46}},"304":{"start":{"line":305,"column":0},"end":{"line":305,"column":27}},"305":{"start":{"line":306,"column":0},"end":{"line":306,"column":22}},"306":{"start":{"line":307,"column":0},"end":{"line":307,"column":5}},"309":{"start":{"line":310,"column":0},"end":{"line":310,"column":78}},"310":{"start":{"line":311,"column":0},"end":{"line":311,"column":15}},"311":{"start":{"line":312,"column":0},"end":{"line":312,"column":5}},"314":{"start":{"line":315,"column":0},"end":{"line":315,"column":23}},"317":{"start":{"line":318,"column":0},"end":{"line":318,"column":79}},"319":{"start":{"line":320,"column":0},"end":{"line":320,"column":38}},"320":{"start":{"line":321,"column":0},"end":{"line":321,"column":24}},"321":{"start":{"line":322,"column":0},"end":{"line":322,"column":14}},"322":{"start":{"line":323,"column":0},"end":{"line":323,"column":7}},"325":{"start":{"line":326,"column":0},"end":{"line":326,"column":33}},"326":{"start":{"line":327,"column":0},"end":{"line":327,"column":24}},"327":{"start":{"line":328,"column":0},"end":{"line":328,"column":14}},"328":{"start":{"line":329,"column":0},"end":{"line":329,"column":7}},"331":{"start":{"line":332,"column":0},"end":{"line":332,"column":37}},"332":{"start":{"line":333,"column":0},"end":{"line":333,"column":17}},"333":{"start":{"line":334,"column":0},"end":{"line":334,"column":7}},"336":{"start":{"line":337,"column":0},"end":{"line":337,"column":45}},"337":{"start":{"line":338,"column":0},"end":{"line":338,"column":24}},"338":{"start":{"line":339,"column":0},"end":{"line":339,"column":14}},"339":{"start":{"line":340,"column":0},"end":{"line":340,"column":7}},"340":{"start":{"line":341,"column":0},"end":{"line":341,"column":5}},"343":{"start":{"line":344,"column":0},"end":{"line":344,"column":18}},"344":{"start":{"line":345,"column":0},"end":{"line":345,"column":29}},"345":{"start":{"line":346,"column":0},"end":{"line":346,"column":5}},"346":{"start":{"line":347,"column":0},"end":{"line":347,"column":3}},"347":{"start":{"line":348,"column":0},"end":{"line":348,"column":27}},"349":{"start":{"line":350,"column":0},"end":{"line":350,"column":40}},"350":{"start":{"line":351,"column":0},"end":{"line":351,"column":42}},"351":{"start":{"line":352,"column":0},"end":{"line":352,"column":37}},"352":{"start":{"line":353,"column":0},"end":{"line":353,"column":32}},"353":{"start":{"line":354,"column":0},"end":{"line":354,"column":19}},"354":{"start":{"line":355,"column":0},"end":{"line":355,"column":47}},"355":{"start":{"line":356,"column":0},"end":{"line":356,"column":37}},"356":{"start":{"line":357,"column":0},"end":{"line":357,"column":33}},"357":{"start":{"line":358,"column":0},"end":{"line":358,"column":40}},"358":{"start":{"line":359,"column":0},"end":{"line":359,"column":7}},"359":{"start":{"line":360,"column":0},"end":{"line":360,"column":5}},"360":{"start":{"line":361,"column":0},"end":{"line":361,"column":32}},"361":{"start":{"line":362,"column":0},"end":{"line":362,"column":3}},"362":{"start":{"line":363,"column":0},"end":{"line":363,"column":19}},"363":{"start":{"line":364,"column":0},"end":{"line":364,"column":1}},"365":{"start":{"line":366,"column":0},"end":{"line":366,"column":34}},"366":{"start":{"line":367,"column":0},"end":{"line":367,"column":67}},"367":{"start":{"line":368,"column":0},"end":{"line":368,"column":1}},"369":{"start":{"line":370,"column":0},"end":{"line":370,"column":37}},"376":{"start":{"line":377,"column":0},"end":{"line":377,"column":4}},"377":{"start":{"line":378,"column":0},"end":{"line":378,"column":73}},"379":{"start":{"line":380,"column":0},"end":{"line":380,"column":59}},"380":{"start":{"line":381,"column":0},"end":{"line":381,"column":19}},"381":{"start":{"line":382,"column":0},"end":{"line":382,"column":47}},"383":{"start":{"line":384,"column":0},"end":{"line":384,"column":49}},"384":{"start":{"line":385,"column":0},"end":{"line":385,"column":23}},"385":{"start":{"line":386,"column":0},"end":{"line":386,"column":25}},"386":{"start":{"line":387,"column":0},"end":{"line":387,"column":31}},"387":{"start":{"line":388,"column":0},"end":{"line":388,"column":23}},"388":{"start":{"line":389,"column":0},"end":{"line":389,"column":5}},"389":{"start":{"line":390,"column":0},"end":{"line":390,"column":3}},"390":{"start":{"line":391,"column":0},"end":{"line":391,"column":19}},"391":{"start":{"line":392,"column":0},"end":{"line":392,"column":1}},"393":{"start":{"line":394,"column":0},"end":{"line":394,"column":40}},"394":{"start":{"line":395,"column":0},"end":{"line":395,"column":47}},"395":{"start":{"line":396,"column":0},"end":{"line":396,"column":1}},"397":{"start":{"line":398,"column":0},"end":{"line":398,"column":80}},"398":{"start":{"line":399,"column":0},"end":{"line":399,"column":19}},"399":{"start":{"line":400,"column":0},"end":{"line":400,"column":19}},"400":{"start":{"line":401,"column":0},"end":{"line":401,"column":3}},"401":{"start":{"line":402,"column":0},"end":{"line":402,"column":6}},"402":{"start":{"line":403,"column":0},"end":{"line":403,"column":52}},"403":{"start":{"line":404,"column":0},"end":{"line":404,"column":49}},"404":{"start":{"line":405,"column":0},"end":{"line":405,"column":5}},"405":{"start":{"line":406,"column":0},"end":{"line":406,"column":16}},"406":{"start":{"line":407,"column":0},"end":{"line":407,"column":3}},"408":{"start":{"line":409,"column":0},"end":{"line":409,"column":17}},"409":{"start":{"line":410,"column":0},"end":{"line":410,"column":1}},"428":{"start":{"line":429,"column":0},"end":{"line":429,"column":50}},"429":{"start":{"line":430,"column":0},"end":{"line":430,"column":48}},"430":{"start":{"line":431,"column":0},"end":{"line":431,"column":49}},"432":{"start":{"line":433,"column":0},"end":{"line":433,"column":50}},"433":{"start":{"line":434,"column":0},"end":{"line":434,"column":8}},"434":{"start":{"line":435,"column":0},"end":{"line":435,"column":32}},"435":{"start":{"line":436,"column":0},"end":{"line":436,"column":21}},"436":{"start":{"line":437,"column":0},"end":{"line":437,"column":26}},"437":{"start":{"line":438,"column":0},"end":{"line":438,"column":25}},"438":{"start":{"line":439,"column":0},"end":{"line":439,"column":7}},"439":{"start":{"line":440,"column":0},"end":{"line":440,"column":24}},"440":{"start":{"line":441,"column":0},"end":{"line":441,"column":15}},"441":{"start":{"line":442,"column":0},"end":{"line":442,"column":39}},"442":{"start":{"line":443,"column":0},"end":{"line":443,"column":47}},"443":{"start":{"line":444,"column":0},"end":{"line":444,"column":14}},"444":{"start":{"line":445,"column":0},"end":{"line":445,"column":33}},"445":{"start":{"line":446,"column":0},"end":{"line":446,"column":7}},"446":{"start":{"line":447,"column":0},"end":{"line":447,"column":13}},"447":{"start":{"line":448,"column":0},"end":{"line":448,"column":5}},"449":{"start":{"line":450,"column":0},"end":{"line":450,"column":53}},"450":{"start":{"line":451,"column":0},"end":{"line":451,"column":52}},"451":{"start":{"line":452,"column":0},"end":{"line":452,"column":41}},"452":{"start":{"line":453,"column":0},"end":{"line":453,"column":17}},"453":{"start":{"line":454,"column":0},"end":{"line":454,"column":17}},"454":{"start":{"line":455,"column":0},"end":{"line":455,"column":36}},"455":{"start":{"line":456,"column":0},"end":{"line":456,"column":25}},"456":{"start":{"line":457,"column":0},"end":{"line":457,"column":30}},"457":{"start":{"line":458,"column":0},"end":{"line":458,"column":30}},"458":{"start":{"line":459,"column":0},"end":{"line":459,"column":9}},"459":{"start":{"line":460,"column":0},"end":{"line":460,"column":44}},"460":{"start":{"line":461,"column":0},"end":{"line":461,"column":33}},"461":{"start":{"line":462,"column":0},"end":{"line":462,"column":14}},"462":{"start":{"line":463,"column":0},"end":{"line":463,"column":34}},"463":{"start":{"line":464,"column":0},"end":{"line":464,"column":52}},"464":{"start":{"line":465,"column":0},"end":{"line":465,"column":16}},"465":{"start":{"line":466,"column":0},"end":{"line":466,"column":52}},"466":{"start":{"line":467,"column":0},"end":{"line":467,"column":9}},"467":{"start":{"line":468,"column":0},"end":{"line":468,"column":7}},"468":{"start":{"line":469,"column":0},"end":{"line":469,"column":5}},"469":{"start":{"line":470,"column":0},"end":{"line":470,"column":3}},"471":{"start":{"line":472,"column":0},"end":{"line":472,"column":17}},"473":{"start":{"line":474,"column":0},"end":{"line":474,"column":53}},"474":{"start":{"line":475,"column":0},"end":{"line":475,"column":45}},"475":{"start":{"line":476,"column":0},"end":{"line":476,"column":47}},"477":{"start":{"line":478,"column":0},"end":{"line":478,"column":65}},"478":{"start":{"line":479,"column":0},"end":{"line":479,"column":45}},"479":{"start":{"line":480,"column":0},"end":{"line":480,"column":47}},"481":{"start":{"line":482,"column":0},"end":{"line":482,"column":72}},"482":{"start":{"line":483,"column":0},"end":{"line":483,"column":1}},"485":{"start":{"line":486,"column":0},"end":{"line":486,"column":24}},"486":{"start":{"line":487,"column":0},"end":{"line":487,"column":23}},"487":{"start":{"line":488,"column":0},"end":{"line":488,"column":19}},"488":{"start":{"line":489,"column":0},"end":{"line":489,"column":28}},"489":{"start":{"line":490,"column":0},"end":{"line":490,"column":3}},"490":{"start":{"line":491,"column":0},"end":{"line":491,"column":34}},"491":{"start":{"line":492,"column":0},"end":{"line":492,"column":38}},"492":{"start":{"line":493,"column":0},"end":{"line":493,"column":16}},"493":{"start":{"line":494,"column":0},"end":{"line":494,"column":36}},"494":{"start":{"line":495,"column":0},"end":{"line":495,"column":28}},"495":{"start":{"line":496,"column":0},"end":{"line":496,"column":43}},"496":{"start":{"line":497,"column":0},"end":{"line":497,"column":76}},"498":{"start":{"line":499,"column":0},"end":{"line":499,"column":14}},"499":{"start":{"line":500,"column":0},"end":{"line":500,"column":42}},"500":{"start":{"line":501,"column":0},"end":{"line":501,"column":7}},"501":{"start":{"line":502,"column":0},"end":{"line":502,"column":20}},"502":{"start":{"line":503,"column":0},"end":{"line":503,"column":5}},"503":{"start":{"line":504,"column":0},"end":{"line":504,"column":10}},"504":{"start":{"line":505,"column":0},"end":{"line":505,"column":28}},"505":{"start":{"line":506,"column":0},"end":{"line":506,"column":43}},"507":{"start":{"line":508,"column":0},"end":{"line":508,"column":71}},"508":{"start":{"line":509,"column":0},"end":{"line":509,"column":40}},"509":{"start":{"line":510,"column":0},"end":{"line":510,"column":14}},"510":{"start":{"line":511,"column":0},"end":{"line":511,"column":42}},"511":{"start":{"line":512,"column":0},"end":{"line":512,"column":7}},"512":{"start":{"line":513,"column":0},"end":{"line":513,"column":20}},"513":{"start":{"line":514,"column":0},"end":{"line":514,"column":5}},"514":{"start":{"line":515,"column":0},"end":{"line":515,"column":3}},"515":{"start":{"line":516,"column":0},"end":{"line":516,"column":1}},"525":{"start":{"line":526,"column":0},"end":{"line":526,"column":28}},"526":{"start":{"line":527,"column":0},"end":{"line":527,"column":11}},"527":{"start":{"line":528,"column":0},"end":{"line":528,"column":11}},"528":{"start":{"line":529,"column":0},"end":{"line":529,"column":51}},"529":{"start":{"line":530,"column":0},"end":{"line":530,"column":29}},"530":{"start":{"line":531,"column":0},"end":{"line":531,"column":3}},"531":{"start":{"line":532,"column":0},"end":{"line":532,"column":58}},"532":{"start":{"line":533,"column":0},"end":{"line":533,"column":45}},"533":{"start":{"line":534,"column":0},"end":{"line":534,"column":45}},"535":{"start":{"line":536,"column":0},"end":{"line":536,"column":9}},"536":{"start":{"line":537,"column":0},"end":{"line":537,"column":33}},"537":{"start":{"line":538,"column":0},"end":{"line":538,"column":42}},"538":{"start":{"line":539,"column":0},"end":{"line":539,"column":38}},"539":{"start":{"line":540,"column":0},"end":{"line":540,"column":40}},"540":{"start":{"line":541,"column":0},"end":{"line":541,"column":9}},"541":{"start":{"line":542,"column":0},"end":{"line":542,"column":33}},"542":{"start":{"line":543,"column":0},"end":{"line":543,"column":42}},"543":{"start":{"line":544,"column":0},"end":{"line":544,"column":38}},"544":{"start":{"line":545,"column":0},"end":{"line":545,"column":40}},"550":{"start":{"line":551,"column":0},"end":{"line":551,"column":34}},"551":{"start":{"line":552,"column":0},"end":{"line":552,"column":12}},"552":{"start":{"line":553,"column":0},"end":{"line":553,"column":10}},"553":{"start":{"line":554,"column":0},"end":{"line":554,"column":68}},"554":{"start":{"line":555,"column":0},"end":{"line":555,"column":8}},"555":{"start":{"line":556,"column":0},"end":{"line":556,"column":35}},"556":{"start":{"line":557,"column":0},"end":{"line":557,"column":72}},"557":{"start":{"line":558,"column":0},"end":{"line":558,"column":7}},"559":{"start":{"line":560,"column":0},"end":{"line":560,"column":13}},"560":{"start":{"line":561,"column":0},"end":{"line":561,"column":37}},"561":{"start":{"line":562,"column":0},"end":{"line":562,"column":74}},"562":{"start":{"line":563,"column":0},"end":{"line":563,"column":9}},"563":{"start":{"line":564,"column":0},"end":{"line":564,"column":45}},"564":{"start":{"line":565,"column":0},"end":{"line":565,"column":48}},"565":{"start":{"line":566,"column":0},"end":{"line":566,"column":24}},"566":{"start":{"line":567,"column":0},"end":{"line":567,"column":15}},"567":{"start":{"line":568,"column":0},"end":{"line":568,"column":21}},"568":{"start":{"line":569,"column":0},"end":{"line":569,"column":43}},"569":{"start":{"line":570,"column":0},"end":{"line":570,"column":28}},"570":{"start":{"line":571,"column":0},"end":{"line":571,"column":16}},"571":{"start":{"line":572,"column":0},"end":{"line":572,"column":30}},"572":{"start":{"line":573,"column":0},"end":{"line":573,"column":30}},"573":{"start":{"line":574,"column":0},"end":{"line":574,"column":21}},"574":{"start":{"line":575,"column":0},"end":{"line":575,"column":17}},"575":{"start":{"line":576,"column":0},"end":{"line":576,"column":12}},"576":{"start":{"line":577,"column":0},"end":{"line":577,"column":11}},"577":{"start":{"line":578,"column":0},"end":{"line":578,"column":25}},"578":{"start":{"line":579,"column":0},"end":{"line":579,"column":52}},"579":{"start":{"line":580,"column":0},"end":{"line":580,"column":19}},"580":{"start":{"line":581,"column":0},"end":{"line":581,"column":24}},"581":{"start":{"line":582,"column":0},"end":{"line":582,"column":78}},"582":{"start":{"line":583,"column":0},"end":{"line":583,"column":11}},"583":{"start":{"line":584,"column":0},"end":{"line":584,"column":53}},"584":{"start":{"line":585,"column":0},"end":{"line":585,"column":16}},"585":{"start":{"line":586,"column":0},"end":{"line":586,"column":51}},"586":{"start":{"line":587,"column":0},"end":{"line":587,"column":9}},"588":{"start":{"line":589,"column":0},"end":{"line":589,"column":12}},"589":{"start":{"line":590,"column":0},"end":{"line":590,"column":7}},"590":{"start":{"line":591,"column":0},"end":{"line":591,"column":15}},"591":{"start":{"line":592,"column":0},"end":{"line":592,"column":35}},"592":{"start":{"line":593,"column":0},"end":{"line":593,"column":72}},"593":{"start":{"line":594,"column":0},"end":{"line":594,"column":7}},"595":{"start":{"line":596,"column":0},"end":{"line":596,"column":13}},"596":{"start":{"line":597,"column":0},"end":{"line":597,"column":37}},"597":{"start":{"line":598,"column":0},"end":{"line":598,"column":74}},"598":{"start":{"line":599,"column":0},"end":{"line":599,"column":9}},"599":{"start":{"line":600,"column":0},"end":{"line":600,"column":45}},"600":{"start":{"line":601,"column":0},"end":{"line":601,"column":48}},"601":{"start":{"line":602,"column":0},"end":{"line":602,"column":24}},"602":{"start":{"line":603,"column":0},"end":{"line":603,"column":15}},"603":{"start":{"line":604,"column":0},"end":{"line":604,"column":21}},"604":{"start":{"line":605,"column":0},"end":{"line":605,"column":28}},"605":{"start":{"line":606,"column":0},"end":{"line":606,"column":43}},"606":{"start":{"line":607,"column":0},"end":{"line":607,"column":16}},"607":{"start":{"line":608,"column":0},"end":{"line":608,"column":30}},"608":{"start":{"line":609,"column":0},"end":{"line":609,"column":30}},"609":{"start":{"line":610,"column":0},"end":{"line":610,"column":21}},"610":{"start":{"line":611,"column":0},"end":{"line":611,"column":17}},"611":{"start":{"line":612,"column":0},"end":{"line":612,"column":12}},"612":{"start":{"line":613,"column":0},"end":{"line":613,"column":11}},"613":{"start":{"line":614,"column":0},"end":{"line":614,"column":25}},"614":{"start":{"line":615,"column":0},"end":{"line":615,"column":52}},"615":{"start":{"line":616,"column":0},"end":{"line":616,"column":19}},"616":{"start":{"line":617,"column":0},"end":{"line":617,"column":24}},"617":{"start":{"line":618,"column":0},"end":{"line":618,"column":78}},"618":{"start":{"line":619,"column":0},"end":{"line":619,"column":11}},"619":{"start":{"line":620,"column":0},"end":{"line":620,"column":53}},"620":{"start":{"line":621,"column":0},"end":{"line":621,"column":16}},"621":{"start":{"line":622,"column":0},"end":{"line":622,"column":51}},"622":{"start":{"line":623,"column":0},"end":{"line":623,"column":9}},"623":{"start":{"line":624,"column":0},"end":{"line":624,"column":12}},"624":{"start":{"line":625,"column":0},"end":{"line":625,"column":7}},"625":{"start":{"line":626,"column":0},"end":{"line":626,"column":12}},"626":{"start":{"line":627,"column":0},"end":{"line":627,"column":43}},"627":{"start":{"line":628,"column":0},"end":{"line":628,"column":46}},"628":{"start":{"line":629,"column":0},"end":{"line":629,"column":22}},"629":{"start":{"line":630,"column":0},"end":{"line":630,"column":13}},"630":{"start":{"line":631,"column":0},"end":{"line":631,"column":19}},"631":{"start":{"line":632,"column":0},"end":{"line":632,"column":41}},"632":{"start":{"line":633,"column":0},"end":{"line":633,"column":41}},"633":{"start":{"line":634,"column":0},"end":{"line":634,"column":14}},"634":{"start":{"line":635,"column":0},"end":{"line":635,"column":28}},"635":{"start":{"line":636,"column":0},"end":{"line":636,"column":28}},"636":{"start":{"line":637,"column":0},"end":{"line":637,"column":19}},"637":{"start":{"line":638,"column":0},"end":{"line":638,"column":15}},"638":{"start":{"line":639,"column":0},"end":{"line":639,"column":10}},"639":{"start":{"line":640,"column":0},"end":{"line":640,"column":9}},"642":{"start":{"line":643,"column":0},"end":{"line":643,"column":23}},"643":{"start":{"line":644,"column":0},"end":{"line":644,"column":50}},"644":{"start":{"line":645,"column":0},"end":{"line":645,"column":17}},"645":{"start":{"line":646,"column":0},"end":{"line":646,"column":31}},"646":{"start":{"line":647,"column":0},"end":{"line":647,"column":35}},"647":{"start":{"line":648,"column":0},"end":{"line":648,"column":35}},"648":{"start":{"line":649,"column":0},"end":{"line":649,"column":29}},"649":{"start":{"line":650,"column":0},"end":{"line":650,"column":9}},"650":{"start":{"line":651,"column":0},"end":{"line":651,"column":9}},"651":{"start":{"line":652,"column":0},"end":{"line":652,"column":51}},"652":{"start":{"line":653,"column":0},"end":{"line":653,"column":14}},"653":{"start":{"line":654,"column":0},"end":{"line":654,"column":49}},"654":{"start":{"line":655,"column":0},"end":{"line":655,"column":7}},"655":{"start":{"line":656,"column":0},"end":{"line":656,"column":10}},"656":{"start":{"line":657,"column":0},"end":{"line":657,"column":10}},"657":{"start":{"line":658,"column":0},"end":{"line":658,"column":5}},"658":{"start":{"line":659,"column":0},"end":{"line":659,"column":3}},"659":{"start":{"line":660,"column":0},"end":{"line":660,"column":38}},"660":{"start":{"line":661,"column":0},"end":{"line":661,"column":44}},"661":{"start":{"line":662,"column":0},"end":{"line":662,"column":20}},"662":{"start":{"line":663,"column":0},"end":{"line":663,"column":36}},"663":{"start":{"line":664,"column":0},"end":{"line":664,"column":17}},"664":{"start":{"line":665,"column":0},"end":{"line":665,"column":39}},"665":{"start":{"line":666,"column":0},"end":{"line":666,"column":24}},"666":{"start":{"line":667,"column":0},"end":{"line":667,"column":12}},"667":{"start":{"line":668,"column":0},"end":{"line":668,"column":26}},"668":{"start":{"line":669,"column":0},"end":{"line":669,"column":26}},"669":{"start":{"line":670,"column":0},"end":{"line":670,"column":17}},"670":{"start":{"line":671,"column":0},"end":{"line":671,"column":38}},"671":{"start":{"line":672,"column":0},"end":{"line":672,"column":8}},"672":{"start":{"line":673,"column":0},"end":{"line":673,"column":7}},"673":{"start":{"line":674,"column":0},"end":{"line":674,"column":78}},"674":{"start":{"line":675,"column":0},"end":{"line":675,"column":8}},"675":{"start":{"line":676,"column":0},"end":{"line":676,"column":3}},"676":{"start":{"line":677,"column":0},"end":{"line":677,"column":38}},"677":{"start":{"line":678,"column":0},"end":{"line":678,"column":44}},"678":{"start":{"line":679,"column":0},"end":{"line":679,"column":20}},"679":{"start":{"line":680,"column":0},"end":{"line":680,"column":36}},"680":{"start":{"line":681,"column":0},"end":{"line":681,"column":17}},"681":{"start":{"line":682,"column":0},"end":{"line":682,"column":39}},"682":{"start":{"line":683,"column":0},"end":{"line":683,"column":24}},"683":{"start":{"line":684,"column":0},"end":{"line":684,"column":12}},"684":{"start":{"line":685,"column":0},"end":{"line":685,"column":26}},"685":{"start":{"line":686,"column":0},"end":{"line":686,"column":26}},"686":{"start":{"line":687,"column":0},"end":{"line":687,"column":17}},"687":{"start":{"line":688,"column":0},"end":{"line":688,"column":38}},"688":{"start":{"line":689,"column":0},"end":{"line":689,"column":8}},"689":{"start":{"line":690,"column":0},"end":{"line":690,"column":7}},"690":{"start":{"line":691,"column":0},"end":{"line":691,"column":78}},"691":{"start":{"line":692,"column":0},"end":{"line":692,"column":8}},"692":{"start":{"line":693,"column":0},"end":{"line":693,"column":3}},"695":{"start":{"line":696,"column":0},"end":{"line":696,"column":35}},"696":{"start":{"line":697,"column":0},"end":{"line":697,"column":13}},"697":{"start":{"line":698,"column":0},"end":{"line":698,"column":47}},"698":{"start":{"line":699,"column":0},"end":{"line":699,"column":47}},"699":{"start":{"line":700,"column":0},"end":{"line":700,"column":7}},"700":{"start":{"line":701,"column":0},"end":{"line":701,"column":4}},"702":{"start":{"line":703,"column":0},"end":{"line":703,"column":50}},"703":{"start":{"line":704,"column":0},"end":{"line":704,"column":34}},"704":{"start":{"line":705,"column":0},"end":{"line":705,"column":42}},"705":{"start":{"line":706,"column":0},"end":{"line":706,"column":42}},"706":{"start":{"line":707,"column":0},"end":{"line":707,"column":44}},"707":{"start":{"line":708,"column":0},"end":{"line":708,"column":20}},"708":{"start":{"line":709,"column":0},"end":{"line":709,"column":11}},"709":{"start":{"line":710,"column":0},"end":{"line":710,"column":17}},"710":{"start":{"line":711,"column":0},"end":{"line":711,"column":17}},"711":{"start":{"line":712,"column":0},"end":{"line":712,"column":17}},"712":{"start":{"line":713,"column":0},"end":{"line":713,"column":12}},"713":{"start":{"line":714,"column":0},"end":{"line":714,"column":26}},"714":{"start":{"line":715,"column":0},"end":{"line":715,"column":26}},"715":{"start":{"line":716,"column":0},"end":{"line":716,"column":17}},"716":{"start":{"line":717,"column":0},"end":{"line":717,"column":13}},"717":{"start":{"line":718,"column":0},"end":{"line":718,"column":8}},"718":{"start":{"line":719,"column":0},"end":{"line":719,"column":7}},"719":{"start":{"line":720,"column":0},"end":{"line":720,"column":21}},"720":{"start":{"line":721,"column":0},"end":{"line":721,"column":33}},"721":{"start":{"line":722,"column":0},"end":{"line":722,"column":65}},"722":{"start":{"line":723,"column":0},"end":{"line":723,"column":32}},"723":{"start":{"line":724,"column":0},"end":{"line":724,"column":65}},"724":{"start":{"line":725,"column":0},"end":{"line":725,"column":32}},"725":{"start":{"line":726,"column":0},"end":{"line":726,"column":5}},"726":{"start":{"line":727,"column":0},"end":{"line":727,"column":3}},"728":{"start":{"line":729,"column":0},"end":{"line":729,"column":38}},"729":{"start":{"line":730,"column":0},"end":{"line":730,"column":1}},"734":{"start":{"line":735,"column":0},"end":{"line":735,"column":28}},"739":{"start":{"line":740,"column":0},"end":{"line":740,"column":28}},"740":{"start":{"line":741,"column":0},"end":{"line":741,"column":60}},"742":{"start":{"line":743,"column":0},"end":{"line":743,"column":55}},"743":{"start":{"line":744,"column":0},"end":{"line":744,"column":21}},"744":{"start":{"line":745,"column":0},"end":{"line":745,"column":3}},"745":{"start":{"line":746,"column":0},"end":{"line":746,"column":35}},"747":{"start":{"line":748,"column":0},"end":{"line":748,"column":52}},"748":{"start":{"line":749,"column":0},"end":{"line":749,"column":18}},"749":{"start":{"line":750,"column":0},"end":{"line":750,"column":18}},"750":{"start":{"line":751,"column":0},"end":{"line":751,"column":26}},"751":{"start":{"line":752,"column":0},"end":{"line":752,"column":7}},"752":{"start":{"line":753,"column":0},"end":{"line":753,"column":38}},"753":{"start":{"line":754,"column":0},"end":{"line":754,"column":41}},"755":{"start":{"line":756,"column":0},"end":{"line":756,"column":51}},"756":{"start":{"line":757,"column":0},"end":{"line":757,"column":12}},"757":{"start":{"line":758,"column":0},"end":{"line":758,"column":12}},"758":{"start":{"line":759,"column":0},"end":{"line":759,"column":17}},"759":{"start":{"line":760,"column":0},"end":{"line":760,"column":6}},"760":{"start":{"line":761,"column":0},"end":{"line":761,"column":38}},"761":{"start":{"line":762,"column":0},"end":{"line":762,"column":3}},"762":{"start":{"line":763,"column":0},"end":{"line":763,"column":19}},"763":{"start":{"line":764,"column":0},"end":{"line":764,"column":1}},"769":{"start":{"line":770,"column":0},"end":{"line":770,"column":37}},"775":{"start":{"line":776,"column":0},"end":{"line":776,"column":4}},"776":{"start":{"line":777,"column":0},"end":{"line":777,"column":9}},"777":{"start":{"line":778,"column":0},"end":{"line":778,"column":10}},"778":{"start":{"line":779,"column":0},"end":{"line":779,"column":10}},"779":{"start":{"line":780,"column":0},"end":{"line":780,"column":20}},"780":{"start":{"line":781,"column":0},"end":{"line":781,"column":21}},"781":{"start":{"line":782,"column":0},"end":{"line":782,"column":23}},"782":{"start":{"line":783,"column":0},"end":{"line":783,"column":12}},"784":{"start":{"line":785,"column":0},"end":{"line":785,"column":70}},"785":{"start":{"line":786,"column":0},"end":{"line":786,"column":21}},"786":{"start":{"line":787,"column":0},"end":{"line":787,"column":4}},"787":{"start":{"line":788,"column":0},"end":{"line":788,"column":74}},"788":{"start":{"line":789,"column":0},"end":{"line":789,"column":21}},"789":{"start":{"line":790,"column":0},"end":{"line":790,"column":4}},"792":{"start":{"line":793,"column":0},"end":{"line":793,"column":53}},"794":{"start":{"line":795,"column":0},"end":{"line":795,"column":38}},"795":{"start":{"line":796,"column":0},"end":{"line":796,"column":79}},"796":{"start":{"line":797,"column":0},"end":{"line":797,"column":76}},"798":{"start":{"line":799,"column":0},"end":{"line":799,"column":44}},"799":{"start":{"line":800,"column":0},"end":{"line":800,"column":35}},"800":{"start":{"line":801,"column":0},"end":{"line":801,"column":24}},"801":{"start":{"line":802,"column":0},"end":{"line":802,"column":24}},"802":{"start":{"line":803,"column":0},"end":{"line":803,"column":34}},"803":{"start":{"line":804,"column":0},"end":{"line":804,"column":44}},"804":{"start":{"line":805,"column":0},"end":{"line":805,"column":22}},"805":{"start":{"line":806,"column":0},"end":{"line":806,"column":77}},"806":{"start":{"line":807,"column":0},"end":{"line":807,"column":9}},"807":{"start":{"line":808,"column":0},"end":{"line":808,"column":21}},"808":{"start":{"line":809,"column":0},"end":{"line":809,"column":31}},"809":{"start":{"line":810,"column":0},"end":{"line":810,"column":31}},"810":{"start":{"line":811,"column":0},"end":{"line":811,"column":7}},"811":{"start":{"line":812,"column":0},"end":{"line":812,"column":27}},"812":{"start":{"line":813,"column":0},"end":{"line":813,"column":24}},"813":{"start":{"line":814,"column":0},"end":{"line":814,"column":24}},"814":{"start":{"line":815,"column":0},"end":{"line":815,"column":35}},"815":{"start":{"line":816,"column":0},"end":{"line":816,"column":25}},"816":{"start":{"line":817,"column":0},"end":{"line":817,"column":27}},"817":{"start":{"line":818,"column":0},"end":{"line":818,"column":9}},"818":{"start":{"line":819,"column":0},"end":{"line":819,"column":5}},"819":{"start":{"line":820,"column":0},"end":{"line":820,"column":3}},"821":{"start":{"line":822,"column":0},"end":{"line":822,"column":53}},"822":{"start":{"line":823,"column":0},"end":{"line":823,"column":42}},"824":{"start":{"line":825,"column":0},"end":{"line":825,"column":24}},"825":{"start":{"line":826,"column":0},"end":{"line":826,"column":43}},"826":{"start":{"line":827,"column":0},"end":{"line":827,"column":46}},"827":{"start":{"line":828,"column":0},"end":{"line":828,"column":29}},"828":{"start":{"line":829,"column":0},"end":{"line":829,"column":26}},"829":{"start":{"line":830,"column":0},"end":{"line":830,"column":10}},"830":{"start":{"line":831,"column":0},"end":{"line":831,"column":80}},"831":{"start":{"line":832,"column":0},"end":{"line":832,"column":37}},"832":{"start":{"line":833,"column":0},"end":{"line":833,"column":29}},"833":{"start":{"line":834,"column":0},"end":{"line":834,"column":29}},"834":{"start":{"line":835,"column":0},"end":{"line":835,"column":36}},"835":{"start":{"line":836,"column":0},"end":{"line":836,"column":46}},"836":{"start":{"line":837,"column":0},"end":{"line":837,"column":24}},"837":{"start":{"line":838,"column":0},"end":{"line":838,"column":79}},"838":{"start":{"line":839,"column":0},"end":{"line":839,"column":11}},"840":{"start":{"line":841,"column":0},"end":{"line":841,"column":23}},"841":{"start":{"line":842,"column":0},"end":{"line":842,"column":36}},"842":{"start":{"line":843,"column":0},"end":{"line":843,"column":36}},"843":{"start":{"line":844,"column":0},"end":{"line":844,"column":9}},"845":{"start":{"line":846,"column":0},"end":{"line":846,"column":29}},"846":{"start":{"line":847,"column":0},"end":{"line":847,"column":27}},"847":{"start":{"line":848,"column":0},"end":{"line":848,"column":29}},"848":{"start":{"line":849,"column":0},"end":{"line":849,"column":29}},"849":{"start":{"line":850,"column":0},"end":{"line":850,"column":29}},"850":{"start":{"line":851,"column":0},"end":{"line":851,"column":37}},"851":{"start":{"line":852,"column":0},"end":{"line":852,"column":11}},"852":{"start":{"line":853,"column":0},"end":{"line":853,"column":7}},"853":{"start":{"line":854,"column":0},"end":{"line":854,"column":7}},"854":{"start":{"line":855,"column":0},"end":{"line":855,"column":3}},"856":{"start":{"line":857,"column":0},"end":{"line":857,"column":24}},"857":{"start":{"line":858,"column":0},"end":{"line":858,"column":1}},"868":{"start":{"line":869,"column":0},"end":{"line":869,"column":48}},"873":{"start":{"line":874,"column":0},"end":{"line":874,"column":4}},"874":{"start":{"line":875,"column":0},"end":{"line":875,"column":9}},"875":{"start":{"line":876,"column":0},"end":{"line":876,"column":10}},"876":{"start":{"line":877,"column":0},"end":{"line":877,"column":10}},"877":{"start":{"line":878,"column":0},"end":{"line":878,"column":26}},"878":{"start":{"line":879,"column":0},"end":{"line":879,"column":28}},"879":{"start":{"line":880,"column":0},"end":{"line":880,"column":12}},"881":{"start":{"line":882,"column":0},"end":{"line":882,"column":53}},"882":{"start":{"line":883,"column":0},"end":{"line":883,"column":99}},"883":{"start":{"line":884,"column":0},"end":{"line":884,"column":35}},"884":{"start":{"line":885,"column":0},"end":{"line":885,"column":21}},"885":{"start":{"line":886,"column":0},"end":{"line":886,"column":21}},"886":{"start":{"line":887,"column":0},"end":{"line":887,"column":46}},"887":{"start":{"line":888,"column":0},"end":{"line":888,"column":43}},"888":{"start":{"line":889,"column":0},"end":{"line":889,"column":9}},"889":{"start":{"line":890,"column":0},"end":{"line":890,"column":21}},"890":{"start":{"line":891,"column":0},"end":{"line":891,"column":36}},"891":{"start":{"line":892,"column":0},"end":{"line":892,"column":29}},"892":{"start":{"line":893,"column":0},"end":{"line":893,"column":29}},"893":{"start":{"line":894,"column":0},"end":{"line":894,"column":27}},"894":{"start":{"line":895,"column":0},"end":{"line":895,"column":29}},"895":{"start":{"line":896,"column":0},"end":{"line":896,"column":11}},"896":{"start":{"line":897,"column":0},"end":{"line":897,"column":7}},"897":{"start":{"line":898,"column":0},"end":{"line":898,"column":5}},"899":{"start":{"line":900,"column":0},"end":{"line":900,"column":32}},"900":{"start":{"line":901,"column":0},"end":{"line":901,"column":12}},"901":{"start":{"line":902,"column":0},"end":{"line":902,"column":12}},"902":{"start":{"line":903,"column":0},"end":{"line":903,"column":23}},"903":{"start":{"line":904,"column":0},"end":{"line":904,"column":25}},"904":{"start":{"line":905,"column":0},"end":{"line":905,"column":7}},"905":{"start":{"line":906,"column":0},"end":{"line":906,"column":3}},"907":{"start":{"line":908,"column":0},"end":{"line":908,"column":38}},"908":{"start":{"line":909,"column":0},"end":{"line":909,"column":30}},"909":{"start":{"line":910,"column":0},"end":{"line":910,"column":30}},"910":{"start":{"line":911,"column":0},"end":{"line":911,"column":21}},"911":{"start":{"line":912,"column":0},"end":{"line":912,"column":23}},"912":{"start":{"line":913,"column":0},"end":{"line":913,"column":5}},"913":{"start":{"line":914,"column":0},"end":{"line":914,"column":16}},"914":{"start":{"line":915,"column":0},"end":{"line":915,"column":1}},"916":{"start":{"line":917,"column":0},"end":{"line":917,"column":50}},"923":{"start":{"line":924,"column":0},"end":{"line":924,"column":64}},"924":{"start":{"line":925,"column":0},"end":{"line":925,"column":46}},"925":{"start":{"line":926,"column":0},"end":{"line":926,"column":46}},"926":{"start":{"line":927,"column":0},"end":{"line":927,"column":55}},"927":{"start":{"line":928,"column":0},"end":{"line":928,"column":10}},"928":{"start":{"line":929,"column":0},"end":{"line":929,"column":10}},"929":{"start":{"line":930,"column":0},"end":{"line":930,"column":51}},"930":{"start":{"line":931,"column":0},"end":{"line":931,"column":55}},"931":{"start":{"line":932,"column":0},"end":{"line":932,"column":5}},"932":{"start":{"line":933,"column":0},"end":{"line":933,"column":27}},"933":{"start":{"line":934,"column":0},"end":{"line":934,"column":17}},"934":{"start":{"line":935,"column":0},"end":{"line":935,"column":17}},"935":{"start":{"line":936,"column":0},"end":{"line":936,"column":21}},"936":{"start":{"line":937,"column":0},"end":{"line":937,"column":21}},"937":{"start":{"line":938,"column":0},"end":{"line":938,"column":4}},"939":{"start":{"line":940,"column":0},"end":{"line":940,"column":10}},"940":{"start":{"line":941,"column":0},"end":{"line":941,"column":12}},"941":{"start":{"line":942,"column":0},"end":{"line":942,"column":52}},"942":{"start":{"line":943,"column":0},"end":{"line":943,"column":52}},"943":{"start":{"line":944,"column":0},"end":{"line":944,"column":4}},"944":{"start":{"line":945,"column":0},"end":{"line":945,"column":1}}},"s":{"0":1,"3":1,"4":11,"5":11,"6":11,"7":11,"8":1,"9":1,"10":10,"11":10,"14":904,"15":904,"16":108,"17":904,"18":214,"19":214,"20":465,"21":465,"22":465,"23":214,"24":796,"25":582,"26":582,"27":904,"30":700,"31":700,"32":53,"33":700,"34":106,"35":106,"36":466,"37":466,"38":466,"39":466,"40":106,"41":647,"42":541,"43":541,"44":700,"46":611,"50":611,"51":611,"53":611,"54":240,"55":240,"57":371,"58":371,"61":1,"62":3,"63":3,"64":3,"66":3,"67":16,"68":70,"69":26,"70":26,"71":44,"72":44,"73":44,"74":44,"75":44,"76":44,"77":6,"78":44,"79":38,"80":38,"81":13,"82":25,"83":38,"84":70,"85":16,"87":3,"88":3,"97":28,"98":28,"99":28,"102":28,"105":28,"106":106,"107":444,"108":444,"109":444,"110":444,"111":444,"112":82,"113":444,"114":362,"115":362,"116":444,"117":106,"119":28,"120":28,"129":28,"130":28,"131":28,"132":28,"133":28,"135":28,"136":132,"137":123,"138":123,"139":123,"140":132,"142":78,"143":78,"144":78,"145":78,"146":132,"148":26,"149":26,"150":26,"151":46,"153":28,"154":28,"155":28,"156":28,"157":132,"159":28,"160":28,"169":1,"171":29,"172":0,"173":0,"174":0,"175":0,"176":0,"178":29,"179":1,"180":1,"181":1,"182":1,"183":1,"186":28,"189":28,"190":28,"193":1,"197":1,"198":1,"201":1,"202":1,"203":3,"204":3,"205":3,"206":3,"207":1,"209":1,"210":1,"211":4,"212":4,"213":4,"214":4,"215":1,"218":1,"219":1,"220":1,"221":1,"224":1,"225":7,"226":7,"227":2,"228":2,"229":5,"230":7,"231":7,"232":7,"233":2,"234":2,"235":7,"236":1,"237":1,"238":5,"239":5,"240":5,"242":1,"243":1,"250":1,"251":5,"253":5,"254":28,"255":6,"256":6,"257":28,"258":13,"259":13,"260":13,"261":28,"262":23,"263":0,"264":23,"265":6,"266":23,"267":17,"268":17,"269":23,"270":28,"272":5,"274":5,"275":5,"276":5,"278":5,"279":5,"287":503,"288":503,"289":503,"290":503,"291":503,"292":391,"293":391,"295":112,"296":112,"299":461,"301":125,"304":125,"305":11,"306":11,"309":125,"310":0,"311":0,"314":114,"317":125,"319":313,"320":72,"321":72,"322":72,"325":313,"326":2,"327":2,"328":2,"331":313,"332":119,"333":119,"336":313,"337":25,"338":25,"339":25,"340":313,"343":125,"344":15,"345":15,"346":125,"347":489,"349":15,"350":15,"351":15,"352":15,"353":15,"354":15,"355":15,"356":15,"357":15,"358":15,"359":15,"360":15,"361":15,"362":86,"363":86,"365":233,"366":233,"367":233,"369":287,"376":287,"377":287,"379":287,"380":287,"381":17,"383":17,"384":17,"385":13,"386":17,"387":4,"388":4,"389":17,"390":270,"391":270,"393":204,"394":204,"395":204,"397":125,"398":125,"399":119,"400":119,"401":6,"402":6,"403":5,"404":125,"405":5,"406":5,"408":1,"409":1,"428":1,"429":55,"430":55,"432":55,"433":208,"434":208,"435":204,"436":203,"437":203,"438":208,"439":6,"440":5,"441":6,"442":1,"443":1,"444":0,"445":0,"446":1,"447":1,"449":208,"450":508,"451":508,"452":4,"453":4,"454":504,"455":161,"456":153,"457":153,"458":504,"459":153,"460":153,"461":504,"462":351,"463":0,"464":351,"465":351,"466":351,"467":351,"468":508,"469":208,"471":55,"473":55,"474":55,"475":55,"477":55,"478":55,"479":55,"481":55,"482":55,"485":203,"486":203,"487":203,"488":203,"489":203,"490":203,"491":203,"492":203,"493":203,"494":109,"495":169,"496":169,"498":169,"499":114,"500":114,"501":169,"502":169,"503":203,"504":94,"505":175,"507":175,"508":120,"509":175,"510":55,"511":55,"512":175,"513":175,"514":94,"515":203,"525":1,"526":21,"527":21,"528":21,"529":21,"530":21,"531":21,"532":21,"533":21,"535":21,"536":21,"537":21,"538":21,"539":21,"540":21,"541":21,"542":21,"543":21,"544":21,"550":21,"551":21,"552":21,"553":21,"554":158,"555":158,"556":158,"557":158,"559":16,"560":16,"561":48,"562":16,"563":33,"564":33,"565":33,"566":33,"567":33,"568":33,"569":33,"570":33,"571":33,"572":33,"573":33,"574":33,"575":33,"576":33,"577":33,"578":1,"579":1,"580":32,"581":0,"582":32,"583":0,"584":32,"585":32,"586":32,"588":33,"589":33,"590":16,"591":142,"592":142,"593":142,"595":15,"596":15,"597":43,"598":15,"599":29,"600":29,"601":29,"602":29,"603":29,"604":29,"605":29,"606":29,"607":29,"608":29,"609":29,"610":29,"611":29,"612":29,"613":29,"614":2,"615":2,"616":27,"617":0,"618":27,"619":0,"620":27,"621":27,"622":27,"623":29,"624":29,"625":142,"626":127,"627":127,"628":127,"629":127,"630":127,"631":127,"632":127,"633":127,"634":127,"635":127,"636":127,"637":127,"638":127,"639":127,"642":127,"643":2,"644":2,"645":125,"646":125,"647":125,"648":125,"649":125,"650":125,"651":104,"652":113,"653":21,"654":21,"655":127,"656":127,"657":127,"658":158,"659":21,"660":6,"661":6,"662":6,"663":6,"664":6,"665":6,"666":6,"667":6,"668":6,"669":6,"670":6,"671":6,"672":6,"673":6,"674":6,"675":6,"676":21,"677":8,"678":8,"679":8,"680":8,"681":8,"682":8,"683":8,"684":8,"685":8,"686":8,"687":8,"688":8,"689":8,"690":8,"691":8,"692":8,"695":21,"696":21,"697":21,"698":21,"699":21,"700":21,"702":21,"703":84,"704":84,"705":84,"706":84,"707":84,"708":84,"709":84,"710":84,"711":84,"712":84,"713":84,"714":84,"715":84,"716":84,"717":84,"718":84,"719":84,"720":12,"721":84,"722":12,"723":72,"724":11,"725":11,"726":84,"728":21,"729":21,"734":183,"739":183,"740":183,"742":183,"743":159,"744":159,"745":183,"747":1,"748":1,"749":1,"750":1,"751":1,"752":1,"753":183,"755":13,"756":13,"757":13,"758":13,"759":13,"760":13,"761":13,"762":10,"763":10,"769":188,"775":188,"776":188,"777":188,"778":188,"779":188,"780":188,"781":188,"782":188,"784":188,"785":222,"786":188,"787":188,"788":13,"789":188,"792":188,"794":25,"795":25,"796":25,"798":25,"799":95,"800":95,"801":95,"802":95,"803":0,"804":95,"805":95,"806":95,"807":95,"808":0,"809":0,"810":0,"811":95,"812":95,"813":95,"814":95,"815":95,"816":95,"817":95,"818":95,"819":25,"821":188,"822":37,"824":83,"825":83,"826":83,"827":83,"828":83,"829":83,"830":83,"831":83,"832":83,"833":83,"834":83,"835":1,"836":82,"837":83,"838":83,"840":83,"841":9,"842":9,"843":9,"845":83,"846":83,"847":83,"848":83,"849":83,"850":83,"851":83,"852":83,"853":37,"854":37,"856":188,"857":188,"868":1,"873":10,"874":10,"875":10,"876":10,"877":10,"878":10,"879":10,"881":10,"882":6,"883":5,"884":5,"885":5,"886":5,"887":5,"888":5,"889":5,"890":5,"891":5,"892":5,"893":5,"894":5,"895":5,"896":5,"897":5,"899":1,"900":1,"901":1,"902":1,"903":1,"904":1,"905":1,"907":4,"908":4,"909":4,"910":4,"911":4,"912":4,"913":4,"914":4,"916":1,"923":8,"924":8,"925":8,"926":8,"927":8,"928":8,"929":8,"930":8,"931":8,"932":8,"933":8,"934":8,"935":8,"936":8,"937":8,"939":8,"940":8,"941":8,"942":8,"943":8,"944":8},"branchMap":{"0":{"type":"branch","line":4,"loc":{"start":{"line":4,"column":7},"end":{"line":12,"column":1}},"locations":[{"start":{"line":4,"column":7},"end":{"line":12,"column":1}}]},"1":{"type":"branch","line":8,"loc":{"start":{"line":8,"column":13},"end":{"line":10,"column":3}},"locations":[{"start":{"line":8,"column":13},"end":{"line":10,"column":3}}]},"2":{"type":"branch","line":10,"loc":{"start":{"line":10,"column":2},"end":{"line":12,"column":1}},"locations":[{"start":{"line":10,"column":2},"end":{"line":12,"column":1}}]},"3":{"type":"branch","line":11,"loc":{"start":{"line":11,"column":32},"end":{"line":11,"column":63}},"locations":[{"start":{"line":11,"column":32},"end":{"line":11,"column":63}}]},"4":{"type":"branch","line":11,"loc":{"start":{"line":11,"column":46},"end":{"line":11,"column":63}},"locations":[{"start":{"line":11,"column":46},"end":{"line":11,"column":63}}]},"5":{"type":"branch","line":15,"loc":{"start":{"line":15,"column":0},"end":{"line":28,"column":1}},"locations":[{"start":{"line":15,"column":0},"end":{"line":28,"column":1}}]},"6":{"type":"branch","line":16,"loc":{"start":{"line":16,"column":26},"end":{"line":18,"column":13}},"locations":[{"start":{"line":16,"column":26},"end":{"line":18,"column":13}}]},"7":{"type":"branch","line":18,"loc":{"start":{"line":18,"column":2},"end":{"line":27,"column":3}},"locations":[{"start":{"line":18,"column":2},"end":{"line":27,"column":3}}]},"8":{"type":"branch","line":18,"loc":{"start":{"line":18,"column":28},"end":{"line":18,"column":54}},"locations":[{"start":{"line":18,"column":28},"end":{"line":18,"column":54}}]},"9":{"type":"branch","line":18,"loc":{"start":{"line":18,"column":54},"end":{"line":25,"column":9}},"locations":[{"start":{"line":18,"column":54},"end":{"line":25,"column":9}}]},"10":{"type":"branch","line":20,"loc":{"start":{"line":20,"column":52},"end":{"line":23,"column":5}},"locations":[{"start":{"line":20,"column":52},"end":{"line":23,"column":5}}]},"11":{"type":"branch","line":25,"loc":{"start":{"line":25,"column":2},"end":{"line":27,"column":3}},"locations":[{"start":{"line":25,"column":2},"end":{"line":27,"column":3}}]},"12":{"type":"branch","line":17,"loc":{"start":{"line":17,"column":19},"end":{"line":17,"column":51}},"locations":[{"start":{"line":17,"column":19},"end":{"line":17,"column":51}}]},"13":{"type":"branch","line":31,"loc":{"start":{"line":31,"column":0},"end":{"line":45,"column":1}},"locations":[{"start":{"line":31,"column":0},"end":{"line":45,"column":1}}]},"14":{"type":"branch","line":32,"loc":{"start":{"line":32,"column":26},"end":{"line":34,"column":13}},"locations":[{"start":{"line":32,"column":26},"end":{"line":34,"column":13}}]},"15":{"type":"branch","line":34,"loc":{"start":{"line":34,"column":2},"end":{"line":44,"column":3}},"locations":[{"start":{"line":34,"column":2},"end":{"line":44,"column":3}}]},"16":{"type":"branch","line":34,"loc":{"start":{"line":34,"column":28},"end":{"line":34,"column":54}},"locations":[{"start":{"line":34,"column":28},"end":{"line":34,"column":54}}]},"17":{"type":"branch","line":34,"loc":{"start":{"line":34,"column":54},"end":{"line":42,"column":9}},"locations":[{"start":{"line":34,"column":54},"end":{"line":42,"column":9}}]},"18":{"type":"branch","line":36,"loc":{"start":{"line":36,"column":52},"end":{"line":40,"column":5}},"locations":[{"start":{"line":36,"column":52},"end":{"line":40,"column":5}}]},"19":{"type":"branch","line":42,"loc":{"start":{"line":42,"column":2},"end":{"line":44,"column":3}},"locations":[{"start":{"line":42,"column":2},"end":{"line":44,"column":3}}]},"20":{"type":"branch","line":33,"loc":{"start":{"line":33,"column":19},"end":{"line":33,"column":54}},"locations":[{"start":{"line":33,"column":19},"end":{"line":33,"column":54}}]},"21":{"type":"branch","line":47,"loc":{"start":{"line":47,"column":0},"end":{"line":59,"column":1}},"locations":[{"start":{"line":47,"column":0},"end":{"line":59,"column":1}}]},"22":{"type":"branch","line":54,"loc":{"start":{"line":54,"column":15},"end":{"line":56,"column":3}},"locations":[{"start":{"line":54,"column":15},"end":{"line":56,"column":3}}]},"23":{"type":"branch","line":56,"loc":{"start":{"line":56,"column":2},"end":{"line":59,"column":1}},"locations":[{"start":{"line":56,"column":2},"end":{"line":59,"column":1}}]},"24":{"type":"branch","line":62,"loc":{"start":{"line":62,"column":7},"end":{"line":89,"column":1}},"locations":[{"start":{"line":62,"column":7},"end":{"line":89,"column":1}}]},"25":{"type":"branch","line":67,"loc":{"start":{"line":67,"column":44},"end":{"line":86,"column":3}},"locations":[{"start":{"line":67,"column":44},"end":{"line":86,"column":3}}]},"26":{"type":"branch","line":68,"loc":{"start":{"line":68,"column":46},"end":{"line":85,"column":5}},"locations":[{"start":{"line":68,"column":46},"end":{"line":85,"column":5}}]},"27":{"type":"branch","line":69,"loc":{"start":{"line":69,"column":16},"end":{"line":69,"column":30}},"locations":[{"start":{"line":69,"column":16},"end":{"line":69,"column":30}}]},"28":{"type":"branch","line":69,"loc":{"start":{"line":69,"column":30},"end":{"line":71,"column":17}},"locations":[{"start":{"line":69,"column":30},"end":{"line":71,"column":17}}]},"29":{"type":"branch","line":71,"loc":{"start":{"line":71,"column":6},"end":{"line":84,"column":7}},"locations":[{"start":{"line":71,"column":6},"end":{"line":84,"column":7}}]},"30":{"type":"branch","line":77,"loc":{"start":{"line":77,"column":8},"end":{"line":79,"column":13}},"locations":[{"start":{"line":77,"column":8},"end":{"line":79,"column":13}}]},"31":{"type":"branch","line":79,"loc":{"start":{"line":79,"column":6},"end":{"line":84,"column":7}},"locations":[{"start":{"line":79,"column":6},"end":{"line":84,"column":7}}]},"32":{"type":"branch","line":81,"loc":{"start":{"line":81,"column":45},"end":{"line":82,"column":26}},"locations":[{"start":{"line":81,"column":45},"end":{"line":82,"column":26}}]},"33":{"type":"branch","line":82,"loc":{"start":{"line":82,"column":25},"end":{"line":83,"column":27}},"locations":[{"start":{"line":82,"column":25},"end":{"line":83,"column":27}}]},"34":{"type":"branch","line":65,"loc":{"start":{"line":65,"column":9},"end":{"line":65,"column":48}},"locations":[{"start":{"line":65,"column":9},"end":{"line":65,"column":48}}]},"35":{"type":"branch","line":98,"loc":{"start":{"line":98,"column":0},"end":{"line":121,"column":1}},"locations":[{"start":{"line":98,"column":0},"end":{"line":121,"column":1}}]},"36":{"type":"branch","line":106,"loc":{"start":{"line":106,"column":31},"end":{"line":118,"column":3}},"locations":[{"start":{"line":106,"column":31},"end":{"line":118,"column":3}}]},"37":{"type":"branch","line":107,"loc":{"start":{"line":107,"column":33},"end":{"line":117,"column":5}},"locations":[{"start":{"line":107,"column":33},"end":{"line":117,"column":5}}]},"38":{"type":"branch","line":112,"loc":{"start":{"line":112,"column":10},"end":{"line":114,"column":13}},"locations":[{"start":{"line":112,"column":10},"end":{"line":114,"column":13}}]},"39":{"type":"branch","line":114,"loc":{"start":{"line":114,"column":6},"end":{"line":116,"column":7}},"locations":[{"start":{"line":114,"column":6},"end":{"line":116,"column":7}}]},"40":{"type":"branch","line":103,"loc":{"start":{"line":103,"column":38},"end":{"line":103,"column":64}},"locations":[{"start":{"line":103,"column":38},"end":{"line":103,"column":64}}]},"41":{"type":"branch","line":130,"loc":{"start":{"line":130,"column":0},"end":{"line":161,"column":1}},"locations":[{"start":{"line":130,"column":0},"end":{"line":161,"column":1}}]},"42":{"type":"branch","line":136,"loc":{"start":{"line":136,"column":13},"end":{"line":136,"column":25}},"locations":[{"start":{"line":136,"column":13},"end":{"line":136,"column":25}}]},"43":{"type":"branch","line":136,"loc":{"start":{"line":136,"column":25},"end":{"line":158,"column":3}},"locations":[{"start":{"line":136,"column":25},"end":{"line":158,"column":3}}]},"44":{"type":"branch","line":137,"loc":{"start":{"line":137,"column":12},"end":{"line":137,"column":26}},"locations":[{"start":{"line":137,"column":12},"end":{"line":137,"column":26}}]},"45":{"type":"branch","line":137,"loc":{"start":{"line":137,"column":21},"end":{"line":141,"column":8}},"locations":[{"start":{"line":137,"column":21},"end":{"line":141,"column":8}}]},"46":{"type":"branch","line":141,"loc":{"start":{"line":141,"column":8},"end":{"line":147,"column":15}},"locations":[{"start":{"line":141,"column":8},"end":{"line":147,"column":15}}]},"47":{"type":"branch","line":147,"loc":{"start":{"line":147,"column":4},"end":{"line":157,"column":5}},"locations":[{"start":{"line":147,"column":4},"end":{"line":157,"column":5}}]},"48":{"type":"branch","line":147,"loc":{"start":{"line":147,"column":19},"end":{"line":147,"column":81}},"locations":[{"start":{"line":147,"column":19},"end":{"line":147,"column":81}}]},"49":{"type":"branch","line":147,"loc":{"start":{"line":147,"column":31},"end":{"line":147,"column":81}},"locations":[{"start":{"line":147,"column":31},"end":{"line":147,"column":81}}]},"50":{"type":"branch","line":147,"loc":{"start":{"line":147,"column":81},"end":{"line":157,"column":5}},"locations":[{"start":{"line":147,"column":81},"end":{"line":157,"column":5}}]},"51":{"type":"branch","line":147,"loc":{"start":{"line":147,"column":81},"end":{"line":152,"column":11}},"locations":[{"start":{"line":147,"column":81},"end":{"line":152,"column":11}}]},"52":{"type":"branch","line":152,"loc":{"start":{"line":152,"column":4},"end":{"line":157,"column":5}},"locations":[{"start":{"line":152,"column":4},"end":{"line":157,"column":5}}]},"53":{"type":"branch","line":170,"loc":{"start":{"line":170,"column":7},"end":{"line":191,"column":1}},"locations":[{"start":{"line":170,"column":7},"end":{"line":191,"column":1}}]},"54":{"type":"branch","line":172,"loc":{"start":{"line":172,"column":25},"end":{"line":177,"column":3}},"locations":[{"start":{"line":172,"column":25},"end":{"line":177,"column":3}}]},"55":{"type":"branch","line":179,"loc":{"start":{"line":179,"column":25},"end":{"line":184,"column":3}},"locations":[{"start":{"line":179,"column":25},"end":{"line":184,"column":3}}]},"56":{"type":"branch","line":184,"loc":{"start":{"line":184,"column":2},"end":{"line":191,"column":1}},"locations":[{"start":{"line":184,"column":2},"end":{"line":191,"column":1}}]},"57":{"type":"branch","line":194,"loc":{"start":{"line":194,"column":0},"end":{"line":244,"column":1}},"locations":[{"start":{"line":194,"column":0},"end":{"line":244,"column":1}}]},"58":{"type":"branch","line":225,"loc":{"start":{"line":225,"column":32},"end":{"line":241,"column":3}},"locations":[{"start":{"line":225,"column":32},"end":{"line":241,"column":3}}]},"59":{"type":"branch","line":227,"loc":{"start":{"line":227,"column":30},"end":{"line":229,"column":5}},"locations":[{"start":{"line":227,"column":30},"end":{"line":229,"column":5}}]},"60":{"type":"branch","line":229,"loc":{"start":{"line":229,"column":4},"end":{"line":231,"column":35}},"locations":[{"start":{"line":229,"column":4},"end":{"line":231,"column":35}}]},"61":{"type":"branch","line":231,"loc":{"start":{"line":231,"column":30},"end":{"line":231,"column":38}},"locations":[{"start":{"line":231,"column":30},"end":{"line":231,"column":38}}]},"62":{"type":"branch","line":232,"loc":{"start":{"line":232,"column":30},"end":{"line":232,"column":38}},"locations":[{"start":{"line":232,"column":30},"end":{"line":232,"column":38}}]},"63":{"type":"branch","line":233,"loc":{"start":{"line":233,"column":44},"end":{"line":235,"column":5}},"locations":[{"start":{"line":233,"column":44},"end":{"line":235,"column":5}}]},"64":{"type":"branch","line":235,"loc":{"start":{"line":235,"column":4},"end":{"line":236,"column":44}},"locations":[{"start":{"line":235,"column":4},"end":{"line":236,"column":44}}]},"65":{"type":"branch","line":236,"loc":{"start":{"line":236,"column":44},"end":{"line":238,"column":5}},"locations":[{"start":{"line":236,"column":44},"end":{"line":238,"column":5}}]},"66":{"type":"branch","line":238,"loc":{"start":{"line":238,"column":4},"end":{"line":241,"column":3}},"locations":[{"start":{"line":238,"column":4},"end":{"line":241,"column":3}}]},"67":{"type":"branch","line":203,"loc":{"start":{"line":203,"column":15},"end":{"line":208,"column":3}},"locations":[{"start":{"line":203,"column":15},"end":{"line":208,"column":3}}]},"68":{"type":"branch","line":211,"loc":{"start":{"line":211,"column":15},"end":{"line":216,"column":3}},"locations":[{"start":{"line":211,"column":15},"end":{"line":216,"column":3}}]},"69":{"type":"branch","line":251,"loc":{"start":{"line":251,"column":7},"end":{"line":280,"column":1}},"locations":[{"start":{"line":251,"column":7},"end":{"line":280,"column":1}}]},"70":{"type":"branch","line":254,"loc":{"start":{"line":254,"column":2},"end":{"line":271,"column":3}},"locations":[{"start":{"line":254,"column":2},"end":{"line":271,"column":3}}]},"71":{"type":"branch","line":255,"loc":{"start":{"line":255,"column":23},"end":{"line":255,"column":51}},"locations":[{"start":{"line":255,"column":23},"end":{"line":255,"column":51}}]},"72":{"type":"branch","line":255,"loc":{"start":{"line":255,"column":43},"end":{"line":255,"column":70}},"locations":[{"start":{"line":255,"column":43},"end":{"line":255,"column":70}}]},"73":{"type":"branch","line":255,"loc":{"start":{"line":255,"column":70},"end":{"line":257,"column":5}},"locations":[{"start":{"line":255,"column":70},"end":{"line":257,"column":5}}]},"74":{"type":"branch","line":257,"loc":{"start":{"line":257,"column":4},"end":{"line":258,"column":16}},"locations":[{"start":{"line":257,"column":4},"end":{"line":258,"column":16}}]},"75":{"type":"branch","line":258,"loc":{"start":{"line":258,"column":8},"end":{"line":258,"column":36}},"locations":[{"start":{"line":258,"column":8},"end":{"line":258,"column":36}}]},"76":{"type":"branch","line":258,"loc":{"start":{"line":258,"column":36},"end":{"line":261,"column":5}},"locations":[{"start":{"line":258,"column":36},"end":{"line":261,"column":5}}]},"77":{"type":"branch","line":261,"loc":{"start":{"line":261,"column":4},"end":{"line":262,"column":52}},"locations":[{"start":{"line":261,"column":4},"end":{"line":262,"column":52}}]},"78":{"type":"branch","line":262,"loc":{"start":{"line":262,"column":52},"end":{"line":270,"column":5}},"locations":[{"start":{"line":262,"column":52},"end":{"line":270,"column":5}}]},"79":{"type":"branch","line":263,"loc":{"start":{"line":263,"column":16},"end":{"line":265,"column":17}},"locations":[{"start":{"line":263,"column":16},"end":{"line":265,"column":17}}]},"80":{"type":"branch","line":265,"loc":{"start":{"line":265,"column":23},"end":{"line":267,"column":13}},"locations":[{"start":{"line":265,"column":23},"end":{"line":267,"column":13}}]},"81":{"type":"branch","line":267,"loc":{"start":{"line":267,"column":6},"end":{"line":269,"column":7}},"locations":[{"start":{"line":267,"column":6},"end":{"line":269,"column":7}}]},"82":{"type":"branch","line":270,"loc":{"start":{"line":270,"column":4},"end":{"line":270,"column":5}},"locations":[{"start":{"line":270,"column":4},"end":{"line":270,"column":5}}]},"83":{"type":"branch","line":276,"loc":{"start":{"line":276,"column":10},"end":{"line":276,"column":44}},"locations":[{"start":{"line":276,"column":10},"end":{"line":276,"column":44}}]},"84":{"type":"branch","line":277,"loc":{"start":{"line":277,"column":9},"end":{"line":277,"column":45}},"locations":[{"start":{"line":277,"column":9},"end":{"line":277,"column":45}}]},"85":{"type":"branch","line":288,"loc":{"start":{"line":288,"column":0},"end":{"line":364,"column":1}},"locations":[{"start":{"line":288,"column":0},"end":{"line":364,"column":1}}]},"86":{"type":"branch","line":292,"loc":{"start":{"line":292,"column":30},"end":{"line":294,"column":3}},"locations":[{"start":{"line":292,"column":30},"end":{"line":294,"column":3}}]},"87":{"type":"branch","line":294,"loc":{"start":{"line":294,"column":2},"end":{"line":364,"column":1}},"locations":[{"start":{"line":294,"column":2},"end":{"line":364,"column":1}}]},"88":{"type":"branch","line":294,"loc":{"start":{"line":294,"column":2},"end":{"line":347,"column":3}},"locations":[{"start":{"line":294,"column":2},"end":{"line":347,"column":3}}]},"89":{"type":"branch","line":294,"loc":{"start":{"line":294,"column":2},"end":{"line":300,"column":36}},"locations":[{"start":{"line":294,"column":2},"end":{"line":300,"column":36}}]},"90":{"type":"branch","line":300,"loc":{"start":{"line":300,"column":36},"end":{"line":347,"column":3}},"locations":[{"start":{"line":300,"column":36},"end":{"line":347,"column":3}}]},"91":{"type":"branch","line":305,"loc":{"start":{"line":305,"column":26},"end":{"line":307,"column":5}},"locations":[{"start":{"line":305,"column":26},"end":{"line":307,"column":5}}]},"92":{"type":"branch","line":307,"loc":{"start":{"line":307,"column":4},"end":{"line":310,"column":52}},"locations":[{"start":{"line":307,"column":4},"end":{"line":310,"column":52}}]},"93":{"type":"branch","line":310,"loc":{"start":{"line":310,"column":42},"end":{"line":310,"column":77}},"locations":[{"start":{"line":310,"column":42},"end":{"line":310,"column":77}}]},"94":{"type":"branch","line":310,"loc":{"start":{"line":310,"column":77},"end":{"line":312,"column":5}},"locations":[{"start":{"line":310,"column":77},"end":{"line":312,"column":5}}]},"95":{"type":"branch","line":312,"loc":{"start":{"line":312,"column":4},"end":{"line":318,"column":78}},"locations":[{"start":{"line":312,"column":4},"end":{"line":318,"column":78}}]},"96":{"type":"branch","line":318,"loc":{"start":{"line":318,"column":78},"end":{"line":341,"column":5}},"locations":[{"start":{"line":318,"column":78},"end":{"line":341,"column":5}}]},"97":{"type":"branch","line":320,"loc":{"start":{"line":320,"column":37},"end":{"line":323,"column":7}},"locations":[{"start":{"line":320,"column":37},"end":{"line":323,"column":7}}]},"98":{"type":"branch","line":323,"loc":{"start":{"line":323,"column":6},"end":{"line":326,"column":32}},"locations":[{"start":{"line":323,"column":6},"end":{"line":326,"column":32}}]},"99":{"type":"branch","line":326,"loc":{"start":{"line":326,"column":32},"end":{"line":329,"column":7}},"locations":[{"start":{"line":326,"column":32},"end":{"line":329,"column":7}}]},"100":{"type":"branch","line":329,"loc":{"start":{"line":329,"column":6},"end":{"line":332,"column":36}},"locations":[{"start":{"line":329,"column":6},"end":{"line":332,"column":36}}]},"101":{"type":"branch","line":332,"loc":{"start":{"line":332,"column":36},"end":{"line":334,"column":7}},"locations":[{"start":{"line":332,"column":36},"end":{"line":334,"column":7}}]},"102":{"type":"branch","line":334,"loc":{"start":{"line":334,"column":6},"end":{"line":337,"column":44}},"locations":[{"start":{"line":334,"column":6},"end":{"line":337,"column":44}}]},"103":{"type":"branch","line":337,"loc":{"start":{"line":337,"column":44},"end":{"line":340,"column":7}},"locations":[{"start":{"line":337,"column":44},"end":{"line":340,"column":7}}]},"104":{"type":"branch","line":341,"loc":{"start":{"line":341,"column":4},"end":{"line":344,"column":17}},"locations":[{"start":{"line":341,"column":4},"end":{"line":344,"column":17}}]},"105":{"type":"branch","line":344,"loc":{"start":{"line":344,"column":17},"end":{"line":346,"column":5}},"locations":[{"start":{"line":344,"column":17},"end":{"line":346,"column":5}}]},"106":{"type":"branch","line":347,"loc":{"start":{"line":347,"column":2},"end":{"line":348,"column":26}},"locations":[{"start":{"line":347,"column":2},"end":{"line":348,"column":26}}]},"107":{"type":"branch","line":348,"loc":{"start":{"line":348,"column":26},"end":{"line":362,"column":3}},"locations":[{"start":{"line":348,"column":26},"end":{"line":362,"column":3}}]},"108":{"type":"branch","line":362,"loc":{"start":{"line":362,"column":2},"end":{"line":364,"column":1}},"locations":[{"start":{"line":362,"column":2},"end":{"line":364,"column":1}}]},"109":{"type":"branch","line":355,"loc":{"start":{"line":355,"column":16},"end":{"line":355,"column":38}},"locations":[{"start":{"line":355,"column":16},"end":{"line":355,"column":38}}]},"110":{"type":"branch","line":366,"loc":{"start":{"line":366,"column":0},"end":{"line":368,"column":1}},"locations":[{"start":{"line":366,"column":0},"end":{"line":368,"column":1}}]},"111":{"type":"branch","line":370,"loc":{"start":{"line":370,"column":0},"end":{"line":392,"column":1}},"locations":[{"start":{"line":370,"column":0},"end":{"line":392,"column":1}}]},"112":{"type":"branch","line":381,"loc":{"start":{"line":381,"column":18},"end":{"line":390,"column":3}},"locations":[{"start":{"line":381,"column":18},"end":{"line":390,"column":3}}]},"113":{"type":"branch","line":385,"loc":{"start":{"line":385,"column":22},"end":{"line":387,"column":15}},"locations":[{"start":{"line":385,"column":22},"end":{"line":387,"column":15}}]},"114":{"type":"branch","line":387,"loc":{"start":{"line":387,"column":4},"end":{"line":389,"column":5}},"locations":[{"start":{"line":387,"column":4},"end":{"line":389,"column":5}}]},"115":{"type":"branch","line":390,"loc":{"start":{"line":390,"column":2},"end":{"line":392,"column":1}},"locations":[{"start":{"line":390,"column":2},"end":{"line":392,"column":1}}]},"116":{"type":"branch","line":394,"loc":{"start":{"line":394,"column":0},"end":{"line":396,"column":1}},"locations":[{"start":{"line":394,"column":0},"end":{"line":396,"column":1}}]},"117":{"type":"branch","line":398,"loc":{"start":{"line":398,"column":0},"end":{"line":410,"column":1}},"locations":[{"start":{"line":398,"column":0},"end":{"line":410,"column":1}}]},"118":{"type":"branch","line":399,"loc":{"start":{"line":399,"column":18},"end":{"line":401,"column":3}},"locations":[{"start":{"line":399,"column":18},"end":{"line":401,"column":3}}]},"119":{"type":"branch","line":401,"loc":{"start":{"line":401,"column":2},"end":{"line":404,"column":49}},"locations":[{"start":{"line":401,"column":2},"end":{"line":404,"column":49}}]},"120":{"type":"branch","line":401,"loc":{"start":{"line":401,"column":2},"end":{"line":403,"column":52}},"locations":[{"start":{"line":401,"column":2},"end":{"line":403,"column":52}}]},"121":{"type":"branch","line":403,"loc":{"start":{"line":403,"column":48},"end":{"line":404,"column":49}},"locations":[{"start":{"line":403,"column":48},"end":{"line":404,"column":49}}]},"122":{"type":"branch","line":405,"loc":{"start":{"line":405,"column":4},"end":{"line":410,"column":1}},"locations":[{"start":{"line":405,"column":4},"end":{"line":410,"column":1}}]},"123":{"type":"branch","line":405,"loc":{"start":{"line":405,"column":4},"end":{"line":407,"column":3}},"locations":[{"start":{"line":405,"column":4},"end":{"line":407,"column":3}}]},"124":{"type":"branch","line":407,"loc":{"start":{"line":407,"column":2},"end":{"line":410,"column":1}},"locations":[{"start":{"line":407,"column":2},"end":{"line":410,"column":1}}]},"125":{"type":"branch","line":429,"loc":{"start":{"line":429,"column":7},"end":{"line":483,"column":1}},"locations":[{"start":{"line":429,"column":7},"end":{"line":483,"column":1}}]},"126":{"type":"branch","line":433,"loc":{
[...]
ne":558,"column":6},"end":{"line":591,"column":15}},"locations":[{"start":{"line":558,"column":6},"end":{"line":591,"column":15}}]},"166":{"type":"branch","line":561,"loc":{"start":{"line":561,"column":28},"end":{"line":562,"column":74}},"locations":[{"start":{"line":561,"column":28},"end":{"line":562,"column":74}}]},"167":{"type":"branch","line":563,"loc":{"start":{"line":563,"column":8},"end":{"line":590,"column":7}},"locations":[{"start":{"line":563,"column":8},"end":{"line":590,"column":7}}]},"168":{"type":"branch","line":578,"loc":{"start":{"line":578,"column":24},"end":{"line":580,"column":19}},"locations":[{"start":{"line":578,"column":24},"end":{"line":580,"column":19}}]},"169":{"type":"branch","line":580,"loc":{"start":{"line":580,"column":8},"end":{"line":587,"column":9}},"locations":[{"start":{"line":580,"column":8},"end":{"line":587,"column":9}}]},"170":{"type":"branch","line":581,"loc":{"start":{"line":581,"column":11},"end":{"line":582,"column":78}},"locations":[{"start":{"line":581,"column":11},"end":{"line":582,"column":78}}]},"171":{"type":"branch","line":583,"loc":{"start":{"line":583,"column":10},"end":{"line":585,"column":15}},"locations":[{"start":{"line":583,"column":10},"end":{"line":585,"column":15}}]},"172":{"type":"branch","line":591,"loc":{"start":{"line":591,"column":4},"end":{"line":658,"column":5}},"locations":[{"start":{"line":591,"column":4},"end":{"line":658,"column":5}}]},"173":{"type":"branch","line":594,"loc":{"start":{"line":594,"column":6},"end":{"line":626,"column":11}},"locations":[{"start":{"line":594,"column":6},"end":{"line":626,"column":11}}]},"174":{"type":"branch","line":597,"loc":{"start":{"line":597,"column":28},"end":{"line":598,"column":74}},"locations":[{"start":{"line":597,"column":28},"end":{"line":598,"column":74}}]},"175":{"type":"branch","line":599,"loc":{"start":{"line":599,"column":8},"end":{"line":625,"column":7}},"locations":[{"start":{"line":599,"column":8},"end":{"line":625,"column":7}}]},"176":{"type":"branch","line":614,"loc":{"start":{"line":614,"column":24},"end":{"line":616,"column":19}},"locations":[{"start":{"line":614,"column":24},"end":{"line":616,"column":19}}]},"177":{"type":"branch","line":616,"loc":{"start":{"line":616,"column":8},"end":{"line":623,"column":9}},"locations":[{"start":{"line":616,"column":8},"end":{"line":623,"column":9}}]},"178":{"type":"branch","line":617,"loc":{"start":{"line":617,"column":11},"end":{"line":618,"column":78}},"locations":[{"start":{"line":617,"column":11},"end":{"line":618,"column":78}}]},"179":{"type":"branch","line":619,"loc":{"start":{"line":619,"column":10},"end":{"line":621,"column":15}},"locations":[{"start":{"line":619,"column":10},"end":{"line":621,"column":15}}]},"180":{"type":"branch","line":626,"loc":{"start":{"line":626,"column":4},"end":{"line":658,"column":5}},"locations":[{"start":{"line":626,"column":4},"end":{"line":658,"column":5}}]},"181":{"type":"branch","line":643,"loc":{"start":{"line":643,"column":22},"end":{"line":645,"column":17}},"locations":[{"start":{"line":643,"column":22},"end":{"line":645,"column":17}}]},"182":{"type":"branch","line":645,"loc":{"start":{"line":645,"column":6},"end":{"line":655,"column":7}},"locations":[{"start":{"line":645,"column":6},"end":{"line":655,"column":7}}]},"183":{"type":"branch","line":649,"loc":{"start":{"line":649,"column":10},"end":{"line":649,"column":29}},"locations":[{"start":{"line":649,"column":10},"end":{"line":649,"column":29}}]},"184":{"type":"branch","line":651,"loc":{"start":{"line":651,"column":8},"end":{"line":655,"column":7}},"locations":[{"start":{"line":651,"column":8},"end":{"line":655,"column":7}}]},"185":{"type":"branch","line":651,"loc":{"start":{"line":651,"column":8},"end":{"line":653,"column":13}},"locations":[{"start":{"line":651,"column":8},"end":{"line":653,"column":13}}]},"186":{"type":"branch","line":653,"loc":{"start":{"line":653,"column":6},"end":{"line":655,"column":7}},"locations":[{"start":{"line":653,"column":6},"end":{"line":655,"column":7}}]},"187":{"type":"branch","line":660,"loc":{"start":{"line":660,"column":37},"end":{"line":676,"column":3}},"locations":[{"start":{"line":660,"column":37},"end":{"line":676,"column":3}}]},"188":{"type":"branch","line":677,"loc":{"start":{"line":677,"column":37},"end":{"line":693,"column":3}},"locations":[{"start":{"line":677,"column":37},"end":{"line":693,"column":3}}]},"189":{"type":"branch","line":703,"loc":{"start":{"line":703,"column":49},"end":{"line":727,"column":3}},"locations":[{"start":{"line":703,"column":49},"end":{"line":727,"column":3}}]},"190":{"type":"branch","line":720,"loc":{"start":{"line":720,"column":20},"end":{"line":722,"column":15}},"locations":[{"start":{"line":720,"column":20},"end":{"line":722,"column":15}}]},"191":{"type":"branch","line":722,"loc":{"start":{"line":722,"column":4},"end":{"line":726,"column":5}},"locations":[{"start":{"line":722,"column":4},"end":{"line":726,"column":5}}]},"192":{"type":"branch","line":722,"loc":{"start":{"line":722,"column":35},"end":{"line":722,"column":64}},"locations":[{"start":{"line":722,"column":35},"end":{"line":722,"column":64}}]},"193":{"type":"branch","line":722,"loc":{"start":{"line":722,"column":64},"end":{"line":724,"column":15}},"locations":[{"start":{"line":722,"column":64},"end":{"line":724,"column":15}}]},"194":{"type":"branch","line":724,"loc":{"start":{"line":724,"column":4},"end":{"line":726,"column":5}},"locations":[{"start":{"line":724,"column":4},"end":{"line":726,"column":5}}]},"195":{"type":"branch","line":724,"loc":{"start":{"line":724,"column":64},"end":{"line":726,"column":5}},"locations":[{"start":{"line":724,"column":64},"end":{"line":726,"column":5}}]},"196":{"type":"branch","line":698,"loc":{"start":{"line":698,"column":32},"end":{"line":698,"column":45}},"locations":[{"start":{"line":698,"column":32},"end":{"line":698,"column":45}}]},"197":{"type":"branch","line":699,"loc":{"start":{"line":699,"column":32},"end":{"line":699,"column":45}},"locations":[{"start":{"line":699,"column":32},"end":{"line":699,"column":45}}]},"198":{"type":"branch","line":735,"loc":{"start":{"line":735,"column":0},"end":{"line":764,"column":1}},"locations":[{"start":{"line":735,"column":0},"end":{"line":764,"column":1}}]},"199":{"type":"branch","line":743,"loc":{"start":{"line":743,"column":26},"end":{"line":743,"column":54}},"locations":[{"start":{"line":743,"column":26},"end":{"line":743,"column":54}}]},"200":{"type":"branch","line":743,"loc":{"start":{"line":743,"column":54},"end":{"line":745,"column":3}},"locations":[{"start":{"line":743,"column":54},"end":{"line":745,"column":3}}]},"201":{"type":"branch","line":745,"loc":{"start":{"line":745,"column":2},"end":{"line":746,"column":34}},"locations":[{"start":{"line":745,"column":2},"end":{"line":746,"column":34}}]},"202":{"type":"branch","line":746,"loc":{"start":{"line":746,"column":34},"end":{"line":754,"column":13}},"locations":[{"start":{"line":746,"column":34},"end":{"line":754,"column":13}}]},"203":{"type":"branch","line":754,"loc":{"start":{"line":754,"column":2},"end":{"line":764,"column":1}},"locations":[{"start":{"line":754,"column":2},"end":{"line":764,"column":1}}]},"204":{"type":"branch","line":754,"loc":{"start":{"line":754,"column":2},"end":{"line":762,"column":3}},"locations":[{"start":{"line":754,"column":2},"end":{"line":762,"column":3}}]},"205":{"type":"branch","line":754,"loc":{"start":{"line":754,"column":40},"end":{"line":762,"column":3}},"locations":[{"start":{"line":754,"column":40},"end":{"line":762,"column":3}}]},"206":{"type":"branch","line":762,"loc":{"start":{"line":762,"column":2},"end":{"line":764,"column":1}},"locations":[{"start":{"line":762,"column":2},"end":{"line":764,"column":1}}]},"207":{"type":"branch","line":770,"loc":{"start":{"line":770,"column":0},"end":{"line":858,"column":1}},"locations":[{"start":{"line":770,"column":0},"end":{"line":858,"column":1}}]},"208":{"type":"branch","line":793,"loc":{"start":{"line":793,"column":25},"end":{"line":793,"column":52}},"locations":[{"start":{"line":793,"column":25},"end":{"line":793,"column":52}}]},"209":{"type":"branch","line":793,"loc":{"start":{"line":793,"column":52},"end":{"line":820,"column":3}},"locations":[{"start":{"line":793,"column":52},"end":{"line":820,"column":3}}]},"210":{"type":"branch","line":799,"loc":{"start":{"line":799,"column":43},"end":{"line":819,"column":5}},"locations":[{"start":{"line":799,"column":43},"end":{"line":819,"column":5}}]},"211":{"type":"branch","line":803,"loc":{"start":{"line":803,"column":22},"end":{"line":804,"column":44}},"locations":[{"start":{"line":803,"column":22},"end":{"line":804,"column":44}}]},"212":{"type":"branch","line":806,"loc":{"start":{"line":806,"column":21},"end":{"line":806,"column":67}},"locations":[{"start":{"line":806,"column":21},"end":{"line":806,"column":67}}]},"213":{"type":"branch","line":808,"loc":{"start":{"line":808,"column":20},"end":{"line":811,"column":7}},"locations":[{"start":{"line":808,"column":20},"end":{"line":811,"column":7}}]},"214":{"type":"branch","line":822,"loc":{"start":{"line":822,"column":25},"end":{"line":822,"column":52}},"locations":[{"start":{"line":822,"column":25},"end":{"line":822,"column":52}}]},"215":{"type":"branch","line":822,"loc":{"start":{"line":822,"column":52},"end":{"line":855,"column":3}},"locations":[{"start":{"line":822,"column":52},"end":{"line":855,"column":3}}]},"216":{"type":"branch","line":785,"loc":{"start":{"line":785,"column":64},"end":{"line":786,"column":21}},"locations":[{"start":{"line":785,"column":64},"end":{"line":786,"column":21}}]},"217":{"type":"branch","line":788,"loc":{"start":{"line":788,"column":68},"end":{"line":789,"column":21}},"locations":[{"start":{"line":788,"column":68},"end":{"line":789,"column":21}}]},"218":{"type":"branch","line":823,"loc":{"start":{"line":823,"column":31},"end":{"line":854,"column":5}},"locations":[{"start":{"line":823,"column":31},"end":{"line":854,"column":5}}]},"219":{"type":"branch","line":835,"loc":{"start":{"line":835,"column":24},"end":{"line":836,"column":46}},"locations":[{"start":{"line":835,"column":24},"end":{"line":836,"column":46}}]},"220":{"type":"branch","line":836,"loc":{"start":{"line":836,"column":45},"end":{"line":837,"column":24}},"locations":[{"start":{"line":836,"column":45},"end":{"line":837,"column":24}}]},"221":{"type":"branch","line":838,"loc":{"start":{"line":838,"column":23},"end":{"line":838,"column":69}},"locations":[{"start":{"line":838,"column":23},"end":{"line":838,"column":69}}]},"222":{"type":"branch","line":838,"loc":{"start":{"line":838,"column":65},"end":{"line":838,"column":79}},"locations":[{"start":{"line":838,"column":65},"end":{"line":838,"column":79}}]},"223":{"type":"branch","line":841,"loc":{"start":{"line":841,"column":22},"end":{"line":844,"column":9}},"locations":[{"start":{"line":841,"column":22},"end":{"line":844,"column":9}}]},"224":{"type":"branch","line":869,"loc":{"start":{"line":869,"column":7},"end":{"line":915,"column":1}},"locations":[{"start":{"line":869,"column":7},"end":{"line":915,"column":1}}]},"225":{"type":"branch","line":882,"loc":{"start":{"line":882,"column":25},"end":{"line":882,"column":52}},"locations":[{"start":{"line":882,"column":25},"end":{"line":882,"column":52}}]},"226":{"type":"branch","line":882,"loc":{"start":{"line":882,"column":52},"end":{"line":915,"column":1}},"locations":[{"start":{"line":882,"column":52},"end":{"line":915,"column":1}}]},"227":{"type":"branch","line":882,"loc":{"start":{"line":882,"column":52},"end":{"line":906,"column":3}},"locations":[{"start":{"line":882,"column":52},"end":{"line":906,"column":3}}]},"228":{"type":"branch","line":883,"loc":{"start":{"line":883,"column":41},"end":{"line":883,"column":98}},"locations":[{"start":{"line":883,"column":41},"end":{"line":883,"column":98}}]},"229":{"type":"branch","line":883,"loc":{"start":{"line":883,"column":98},"end":{"line":898,"column":5}},"locations":[{"start":{"line":883,"column":98},"end":{"line":898,"column":5}}]},"230":{"type":"branch","line":898,"loc":{"start":{"line":898,"column":4},"end":{"line":906,"column":3}},"locations":[{"start":{"line":898,"column":4},"end":{"line":906,"column":3}}]},"231":{"type":"branch","line":906,"loc":{"start":{"line":906,"column":2},"end":{"line":915,"column":1}},"locations":[{"start":{"line":906,"column":2},"end":{"line":915,"column":1}}]},"232":{"type":"branch","line":917,"loc":{"start":{"line":917,"column":7},"end":{"line":945,"column":1}},"locations":[{"start":{"line":917,"column":7},"end":{"line":945,"column":1}}]},"233":{"type":"branch","line":930,"loc":{"start":{"line":930,"column":28},"end":{"line":930,"column":51}},"locations":[{"start":{"line":930,"column":28},"end":{"line":930,"column":51}}]},"234":{"type":"branch","line":931,"loc":{"start":{"line":931,"column":30},"end":{"line":931,"column":55}},"locations":[{"start":{"line":931,"column":30},"end":{"line":931,"column":55}}]}},"b":{"0":[11],"1":[1],"2":[10],"3":[27],"4":[26],"5":[904],"6":[108],"7":[796],"8":[221],"9":[214],"10":[465],"11":[582],"12":[381],"13":[700],"14":[53],"15":[647],"16":[106],"17":[106],"18":[466],"19":[541],"20":[197],"21":[611],"22":[240],"23":[371],"24":[3],"25":[16],"26":[70],"27":[57],"28":[26],"29":[44],"30":[6],"31":[38],"32":[13],"33":[25],"34":[16],"35":[28],"36":[106],"37":[444],"38":[82],"39":[362],"40":[134],"41":[28],"42":[29],"43":[132],"44":[131],"45":[123],"46":[78],"47":[54],"48":[46],"49":[45],"50":[46],"51":[26],"52":[28],"53":[29],"54":[0],"55":[1],"56":[28],"57":[1],"58":[7],"59":[2],"60":[5],"61":[2],"62":[1],"63":[2],"64":[5],"65":[1],"66":[5],"67":[3],"68":[4],"69":[5],"70":[28],"71":[23],"72":[22],"73":[6],"74":[22],"75":[17],"76":[13],"77":[9],"78":[23],"79":[0],"80":[6],"81":[17],"82":[9],"83":[16],"84":[13],"85":[503],"86":[391],"87":[489],"88":[461],"89":[112],"90":[125],"91":[11],"92":[114],"93":[90],"94":[0],"95":[114],"96":[313],"97":[72],"98":[241],"99":[2],"100":[239],"101":[119],"102":[120],"103":[25],"104":[114],"105":[15],"106":[101],"107":[15],"108":[86],"109":[21],"110":[233],"111":[287],"112":[17],"113":[13],"114":[4],"115":[270],"116":[204],"117":[125],"118":[119],"119":[24],"120":[6],"121":[5],"122":[24],"123":[5],"124":[1],"125":[55],"126":[208],"127":[204],"128":[203],"129":[203],"130":[6],"131":[5],"132":[1],"133":[0],"134":[202],"135":[508],"136":[372],"137":[136],"138":[506],"139":[4],"140":[504],"141":[161],"142":[153],"143":[153],"144":[153],"145":[351],"146":[0],"147":[202],"148":[593],"149":[352],"150":[124],"151":[153],"152":[203],"153":[109],"154":[169],"155":[55],"156":[114],"157":[94],"158":[175],"159":[156],"160":[120],"161":[55],"162":[21],"163":[161],"164":[158],"165":[16],"166":[48],"167":[33],"168":[1],"169":[32],"170":[0],"171":[0],"172":[142],"173":[15],"174":[43],"175":[29],"176":[2],"177":[27],"178":[0],"179":[0],"180":[127],"181":[2],"182":[125],"183":[0],"184":[113],"185":[104],"186":[21],"187":[6],"188":[8],"189":[84],"190":[12],"191":[72],"192":[12],"193":[12],"194":[60],"195":[11],"196":[71],"197":[71],"198":[183],"199":[25],"200":[159],"201":[24],"202":[1],"203":[173],"204":[23],"205":[13],"206":[10],"207":[188],"208":[26],"209":[25],"210":[95],"211":[0],"212":[0],"213":[0],"214":[45],"215":[37],"216":[222],"217":[13],"218":[83],"219":[1],"220":[82],"221":[8],"222":[75],"223":[9],"224":[10],"225":[6],"226":[9],"227":[6],"228":[1],"229":[5],"230":[1],"231":[4],"232":[8],"233":[1],"234":[7]},"fnMap":{"0":{"name":"getValueByPath","decl":{"start":{"line":4,"column":7},"end":{"line":12,"column":1}},"loc":{"start":{"line":4,"column":7},"end":{"line":12,"column":1}},"line":4},"1":{"name":"replaceDotInKeys","decl":{"start":{"line":15,"column":0},"end":{"line":28,"column":1}},"loc":{"start":{"line":15,"column":0},"end":{"line":28,"column":1}},"line":15},"2":{"name":"restoreOriginalKeys","decl":{"start":{"line":31,"column":0},"end":{"line":45,"column":1}},"loc":{"start":{"line":31,"column":0},"end":{"line":45,"column":1}},"line":31},"3":{"name":"isSameItem","decl":{"start":{"line":47,"column":0},"end":{"line":59,"column":1}},"loc":{"start":{"line":47,"column":0},"end":{"line":59,"column":1}},"line":47},"4":{"name":"getLCS","decl":{"start":{"line":62,"column":7},"end":{"line":89,"column":1}},"loc":{"start":{"line":62,"column":7},"end":{"line":89,"column":1}},"line":62},"5":{"name":"computeLCSMatrix","decl":{"start":{"line":98,"column":0},"end":{"line":121,"column":1}},"loc":{"start":{"line":98,"column":0},"end":{"line":121,"column":1}},"line":98},"6":{"name":"buildAlignedArrays","decl":{"start":{"line":130,"column":0},"end":{"line":161,"column":1}},"loc":{"start":{"line":130,"column":0},"end":{"line":161,"column":1}},"line":130},"7":{"name":"alignByLCS2","decl":{"start":{"line":170,"column":7},"end":{"line":191,"column":1}},"loc":{"start":{"line":170,"column":7},"end":{"line":191,"column":1}},"line":170},"8":{"name":"alignByArr2","decl":{"start":{"line":194,"column":0},"end":{"line":244,"column":1}},"loc":{"start":{"line":194,"column":0},"end":{"line":244,"column":1}},"line":194},"9":{"name":"getObjectPathArrayMap","decl":{"start":{"line":251,"column":7},"end":{"line":280,"column":1}},"loc":{"start":{"line":251,"column":7},"end":{"line":280,"column":1}},"line":251},"10":{"name":"traverse","decl":{"start":{"line":254,"column":2},"end":{"line":271,"column":3}},"loc":{"start":{"line":254,"column":2},"end":{"line":271,"column":3}},"line":254},"11":{"name":"matchTemplateKey","decl":{"start":{"line":288,"column":0},"end":{"line":364,"column":1}},"loc":{"start":{"line":288,"column":0},"end":{"line":364,"column":1}},"line":288},"12":{"name":"isPlainObject","decl":{"start":{"line":366,"column":0},"end":{"line":368,"column":1}},"loc":{"start":{"line":366,"column":0},"end":{"line":368,"column":1}},"line":366},"13":{"name":"getCustomIsEqualRes","decl":{"start":{"line":370,"column":0},"end":{"line":392,"column":1}},"loc":{"start":{"line":370,"column":0},"end":{"line":392,"column":1}},"line":370},"14":{"name":"isNullOrUndefined","decl":{"start":{"line":394,"column":0},"end":{"line":396,"column":1}},"loc":{"start":{"line":394,"column":0},"end":{"line":396,"column":1}},"line":394},"15":{"name":"isEqualFundamentalData","decl":{"start":{"line":398,"column":0},"end":{"line":410,"column":1}},"loc":{"start":{"line":398,"column":0},"end":{"line":410,"column":1}},"line":398},"16":{"name":"getObjectPathValueMap","decl":{"start":{"line":429,"column":7},"end":{"line":483,"column":1}},"loc":{"start":{"line":429,"column":7},"end":{"line":483,"column":1}},"line":429},"17":{"name":"traverse","decl":{"start":{"line":433,"column":2},"end":{"line":470,"column":3}},"loc":{"start":{"line":433,"column":2},"end":{"line":470,"column":3}},"line":433},"18":{"name":"setNodeDiffRes","decl":{"start":{"line":486,"column":0},"end":{"line":516,"column":1}},"loc":{"start":{"line":486,"column":0},"end":{"line":516,"column":1}},"line":486},"19":{"name":"calcDiff","decl":{"start":{"line":526,"column":7},"end":{"line":730,"column":1}},"loc":{"start":{"line":526,"column":7},"end":{"line":730,"column":1}},"line":526},"20":{"name":"alignArray","decl":{"start":{"line":735,"column":0},"end":{"line":764,"column":1}},"loc":{"start":{"line":735,"column":0},"end":{"line":764,"column":1}},"line":735},"21":{"name":"recursiveAlignArray","decl":{"start":{"line":770,"column":0},"end":{"line":858,"column":1}},"loc":{"start":{"line":770,"column":0},"end":{"line":858,"column":1}},"line":770},"22":{"name":"alignDataArray","decl":{"start":{"line":869,"column":7},"end":{"line":915,"column":1}},"loc":{"start":{"line":869,"column":7},"end":{"line":915,"column":1}},"line":869},"23":{"name":"calcDiffWithArrayAlign","decl":{"start":{"line":917,"column":7},"end":{"line":945,"column":1}},"loc":{"start":{"line":917,"column":7},"end":{"line":945,"column":1}},"line":917}},"f":{"0":11,"1":904,"2":700,"3":611,"4":3,"5":28,"6":28,"7":29,"8":1,"9":5,"10":28,"11":503,"12":233,"13":287,"14":204,"15":125,"16":55,"17":208,"18":203,"19":21,"20":183,"21":188,"22":10,"23":8}}
}
